[2025-10-10T18:19:02.380+0000] {taskinstance.py:1957} INFO - Dependencies all met for dep_context=non-requeueable deps ti=<TaskInstance: complete_earnings_pipeline.download_earnings_reports manual__2025-10-10T18:09:20.125399+00:00 [queued]>
[2025-10-10T18:19:02.412+0000] {taskinstance.py:1957} INFO - Dependencies all met for dep_context=requeueable deps ti=<TaskInstance: complete_earnings_pipeline.download_earnings_reports manual__2025-10-10T18:09:20.125399+00:00 [queued]>
[2025-10-10T18:19:02.414+0000] {taskinstance.py:2171} INFO - Starting attempt 2 of 2
[2025-10-10T18:19:02.452+0000] {taskinstance.py:2192} INFO - Executing <Task(BashOperator): download_earnings_reports> on 2025-10-10 18:09:20.125399+00:00
[2025-10-10T18:19:02.517+0000] {standard_task_runner.py:60} INFO - Started process 201 to run task
[2025-10-10T18:19:02.566+0000] {standard_task_runner.py:87} INFO - Running: ['***', 'tasks', 'run', 'complete_earnings_pipeline', 'download_earnings_reports', 'manual__2025-10-10T18:09:20.125399+00:00', '--job-id', '105', '--raw', '--subdir', 'DAGS_FOLDER/complete_earnings_pipeline.py', '--cfg-path', '/tmp/tmpmmxph_e3']
[2025-10-10T18:19:02.583+0000] {standard_task_runner.py:88} INFO - Job 105: Subtask download_earnings_reports
[2025-10-10T18:19:02.795+0000] {task_command.py:423} INFO - Running <TaskInstance: complete_earnings_pipeline.download_earnings_reports manual__2025-10-10T18:09:20.125399+00:00 [running]> on host 15936f0ecaae
[2025-10-10T18:19:02.887+0000] {taskinstance.py:2481} INFO - Exporting env vars: AIRFLOW_CTX_DAG_OWNER='lantern-team' AIRFLOW_CTX_DAG_ID='complete_earnings_pipeline' AIRFLOW_CTX_TASK_ID='download_earnings_reports' AIRFLOW_CTX_EXECUTION_DATE='2025-10-10T18:09:20.125399+00:00' AIRFLOW_CTX_TRY_NUMBER='2' AIRFLOW_CTX_DAG_RUN_ID='manual__2025-10-10T18:09:20.125399+00:00'
[2025-10-10T18:19:02.888+0000] {subprocess.py:63} INFO - Tmp dir root location: /tmp
[2025-10-10T18:19:02.892+0000] {subprocess.py:75} INFO - Running command: ['/usr/bin/bash', '-c', '\n    set -e\n    export CHROME_BIN=/usr/bin/chromium\n    export CHROMEDRIVER_PATH=/usr/bin/chromedriver\n    cd /opt/***/dags/lantern-dow30 &&     python3 main.py --mode multi --workers 8 &&     echo "‚úÖ Download complete - ALL 30 DOW companies with 8 workers!" &&     ls -la dow30_pipeline_reports_2025/\n    ']
[2025-10-10T18:19:02.914+0000] {subprocess.py:86} INFO - Output:
[2025-10-10T18:19:03.373+0000] {subprocess.py:93} INFO - INFO:enhanced_runner:üöÄ Running MULTITHREADED pipeline with 8 workers...
[2025-10-10T18:19:03.381+0000] {subprocess.py:93} INFO - INFO:downloader:Initialized downloader with output directory: dow30_pipeline_reports_2025
[2025-10-10T18:19:03.387+0000] {subprocess.py:93} INFO - INFO:enhanced_runner:Initialized MultithreadedDow30Pipeline with 8 workers
[2025-10-10T18:19:03.387+0000] {subprocess.py:93} INFO - INFO:enhanced_runner:Starting multithreaded pipeline for 30 companies with 8 workers
[2025-10-10T18:19:03.388+0000] {subprocess.py:93} INFO - INFO:enhanced_runner:[AAPL] Starting processing...
[2025-10-10T18:19:03.388+0000] {subprocess.py:93} INFO - INFO:enhanced_runner:[AMGN] Starting processing...
[2025-10-10T18:19:03.388+0000] {subprocess.py:93} INFO - INFO:enhanced_runner:[AMZN] Starting processing...
[2025-10-10T18:19:03.389+0000] {subprocess.py:93} INFO - WARNING:enhanced_runner:[ThreadPoolExecutor-0_2] System Chrome failed: Message: Unable to obtain driver for chrome; For documentation on this error, please visit: https://www.selenium.dev/documentation/webdriver/troubleshooting/errors/driver_location
[2025-10-10T18:19:03.389+0000] {subprocess.py:93} INFO - 
[2025-10-10T18:19:03.389+0000] {subprocess.py:93} INFO - INFO:WDM:====== WebDriver manager ======
[2025-10-10T18:19:03.389+0000] {subprocess.py:93} INFO - WARNING:enhanced_runner:[ThreadPoolExecutor-0_0] System Chrome failed: Message: Unable to obtain driver for chrome; For documentation on this error, please visit: https://www.selenium.dev/documentation/webdriver/troubleshooting/errors/driver_location
[2025-10-10T18:19:03.390+0000] {subprocess.py:93} INFO - 
[2025-10-10T18:19:03.390+0000] {subprocess.py:93} INFO - INFO:WDM:====== WebDriver manager ======
[2025-10-10T18:19:03.395+0000] {subprocess.py:93} INFO - INFO:enhanced_runner:[AXP] Starting processing...
[2025-10-10T18:19:03.397+0000] {subprocess.py:93} INFO - WARNING:enhanced_runner:[ThreadPoolExecutor-0_1] System Chrome failed: Message: Unable to obtain driver for chrome; For documentation on this error, please visit: https://www.selenium.dev/documentation/webdriver/troubleshooting/errors/driver_location
[2025-10-10T18:19:03.398+0000] {subprocess.py:93} INFO - 
[2025-10-10T18:19:03.398+0000] {subprocess.py:93} INFO - INFO:WDM:====== WebDriver manager ======
[2025-10-10T18:19:03.398+0000] {subprocess.py:93} INFO - INFO:enhanced_runner:[BA] Starting processing...
[2025-10-10T18:19:03.401+0000] {subprocess.py:93} INFO - INFO:enhanced_runner:[CAT] Starting processing...
[2025-10-10T18:19:03.402+0000] {subprocess.py:93} INFO - WARNING:enhanced_runner:[ThreadPoolExecutor-0_4] System Chrome failed: Message: Unable to obtain driver for chrome; For documentation on this error, please visit: https://www.selenium.dev/documentation/webdriver/troubleshooting/errors/driver_location
[2025-10-10T18:19:03.402+0000] {subprocess.py:93} INFO - 
[2025-10-10T18:19:03.402+0000] {subprocess.py:93} INFO - INFO:WDM:====== WebDriver manager ======
[2025-10-10T18:19:03.402+0000] {subprocess.py:93} INFO - WARNING:enhanced_runner:[ThreadPoolExecutor-0_3] System Chrome failed: Message: Unable to obtain driver for chrome; For documentation on this error, please visit: https://www.selenium.dev/documentation/webdriver/troubleshooting/errors/driver_location
[2025-10-10T18:19:03.402+0000] {subprocess.py:93} INFO - 
[2025-10-10T18:19:03.403+0000] {subprocess.py:93} INFO - INFO:WDM:====== WebDriver manager ======
[2025-10-10T18:19:03.405+0000] {subprocess.py:93} INFO - WARNING:enhanced_runner:[ThreadPoolExecutor-0_5] System Chrome failed: Message: Unable to obtain driver for chrome; For documentation on this error, please visit: https://www.selenium.dev/documentation/webdriver/troubleshooting/errors/driver_location
[2025-10-10T18:19:03.405+0000] {subprocess.py:93} INFO - 
[2025-10-10T18:19:03.405+0000] {subprocess.py:93} INFO - INFO:WDM:====== WebDriver manager ======
[2025-10-10T18:19:03.406+0000] {subprocess.py:93} INFO - INFO:enhanced_runner:[CRM] Starting processing...
[2025-10-10T18:19:03.406+0000] {subprocess.py:93} INFO - WARNING:enhanced_runner:[ThreadPoolExecutor-0_6] System Chrome failed: Message: Unable to obtain driver for chrome; For documentation on this error, please visit: https://www.selenium.dev/documentation/webdriver/troubleshooting/errors/driver_location
[2025-10-10T18:19:03.406+0000] {subprocess.py:93} INFO - 
[2025-10-10T18:19:03.406+0000] {subprocess.py:93} INFO - INFO:WDM:====== WebDriver manager ======
[2025-10-10T18:19:03.407+0000] {subprocess.py:93} INFO - INFO:enhanced_runner:[CSCO] Starting processing...
[2025-10-10T18:19:03.408+0000] {subprocess.py:93} INFO - WARNING:enhanced_runner:[ThreadPoolExecutor-0_7] System Chrome failed: Message: Unable to obtain driver for chrome; For documentation on this error, please visit: https://www.selenium.dev/documentation/webdriver/troubleshooting/errors/driver_location
[2025-10-10T18:19:03.408+0000] {subprocess.py:93} INFO - 
[2025-10-10T18:19:03.408+0000] {subprocess.py:93} INFO - INFO:WDM:====== WebDriver manager ======
[2025-10-10T18:19:03.530+0000] {subprocess.py:93} INFO - INFO:WDM:Get LATEST chromedriver version for google-chrome
[2025-10-10T18:19:03.551+0000] {subprocess.py:93} INFO - INFO:WDM:Get LATEST chromedriver version for google-chrome
[2025-10-10T18:19:03.553+0000] {subprocess.py:93} INFO - INFO:WDM:Get LATEST chromedriver version for google-chrome
[2025-10-10T18:19:03.563+0000] {subprocess.py:93} INFO - INFO:WDM:Get LATEST chromedriver version for google-chrome
[2025-10-10T18:19:03.572+0000] {subprocess.py:93} INFO - INFO:WDM:Get LATEST chromedriver version for google-chrome
[2025-10-10T18:19:03.598+0000] {subprocess.py:93} INFO - INFO:WDM:Get LATEST chromedriver version for google-chrome
[2025-10-10T18:19:03.607+0000] {subprocess.py:93} INFO - INFO:WDM:Get LATEST chromedriver version for google-chrome
[2025-10-10T18:19:03.622+0000] {subprocess.py:93} INFO - INFO:WDM:Get LATEST chromedriver version for google-chrome
[2025-10-10T18:19:03.847+0000] {subprocess.py:93} INFO - INFO:WDM:About to download new driver from https://chromedriver.storage.googleapis.com/114.0.5735.90/chromedriver_linux64.zip
[2025-10-10T18:19:03.851+0000] {subprocess.py:93} INFO - INFO:WDM:About to download new driver from https://chromedriver.storage.googleapis.com/114.0.5735.90/chromedriver_linux64.zip
[2025-10-10T18:19:03.853+0000] {subprocess.py:93} INFO - INFO:WDM:About to download new driver from https://chromedriver.storage.googleapis.com/114.0.5735.90/chromedriver_linux64.zip
[2025-10-10T18:19:03.862+0000] {subprocess.py:93} INFO - INFO:WDM:About to download new driver from https://chromedriver.storage.googleapis.com/114.0.5735.90/chromedriver_linux64.zip
[2025-10-10T18:19:03.868+0000] {subprocess.py:93} INFO - INFO:WDM:About to download new driver from https://chromedriver.storage.googleapis.com/114.0.5735.90/chromedriver_linux64.zip
[2025-10-10T18:19:03.872+0000] {subprocess.py:93} INFO - INFO:WDM:About to download new driver from https://chromedriver.storage.googleapis.com/114.0.5735.90/chromedriver_linux64.zip
[2025-10-10T18:19:03.879+0000] {subprocess.py:93} INFO - INFO:WDM:About to download new driver from https://chromedriver.storage.googleapis.com/114.0.5735.90/chromedriver_linux64.zip
[2025-10-10T18:19:03.883+0000] {subprocess.py:93} INFO - INFO:WDM:About to download new driver from https://chromedriver.storage.googleapis.com/114.0.5735.90/chromedriver_linux64.zip
[2025-10-10T18:19:04.080+0000] {subprocess.py:93} INFO - INFO:WDM:Driver downloading response is 200
[2025-10-10T18:19:04.083+0000] {subprocess.py:93} INFO - INFO:WDM:Driver downloading response is 200
[2025-10-10T18:19:04.118+0000] {subprocess.py:93} INFO - INFO:WDM:Driver downloading response is 200
[2025-10-10T18:19:04.123+0000] {subprocess.py:93} INFO - INFO:WDM:Driver downloading response is 200
[2025-10-10T18:19:04.133+0000] {subprocess.py:93} INFO - INFO:WDM:Driver downloading response is 200
[2025-10-10T18:19:04.137+0000] {subprocess.py:93} INFO - INFO:WDM:Driver downloading response is 200
[2025-10-10T18:19:04.138+0000] {subprocess.py:93} INFO - INFO:WDM:Driver downloading response is 200
[2025-10-10T18:19:04.149+0000] {subprocess.py:93} INFO - INFO:WDM:Driver downloading response is 200
[2025-10-10T18:19:06.621+0000] {subprocess.py:93} INFO - INFO:WDM:Get LATEST chromedriver version for google-chrome
[2025-10-10T18:19:06.715+0000] {subprocess.py:93} INFO - INFO:WDM:Get LATEST chromedriver version for google-chrome
[2025-10-10T18:19:06.961+0000] {subprocess.py:93} INFO - WARNING:enhanced_runner:[ThreadPoolExecutor-0_4] ChromeDriverManager failed: tuple index out of range
[2025-10-10T18:19:06.976+0000] {subprocess.py:93} INFO - ERROR:enhanced_runner:‚ùå [ThreadPoolExecutor-0_4] Failed to setup WebDriver: All Chrome initialization methods failed
[2025-10-10T18:19:06.977+0000] {subprocess.py:93} INFO - ERROR:enhanced_runner:[BA] Failed to setup driver
[2025-10-10T18:19:06.977+0000] {subprocess.py:93} INFO - INFO:enhanced_runner:[CVX] Starting processing...
[2025-10-10T18:19:06.981+0000] {subprocess.py:93} INFO - WARNING:enhanced_runner:[ThreadPoolExecutor-0_4] System Chrome failed: Message: Unable to obtain driver for chrome; For documentation on this error, please visit: https://www.selenium.dev/documentation/webdriver/troubleshooting/errors/driver_location
[2025-10-10T18:19:06.981+0000] {subprocess.py:93} INFO - 
[2025-10-10T18:19:06.983+0000] {subprocess.py:93} INFO - INFO:WDM:====== WebDriver manager ======
[2025-10-10T18:19:07.055+0000] {subprocess.py:93} INFO - INFO:WDM:Get LATEST chromedriver version for google-chrome
[2025-10-10T18:19:07.229+0000] {subprocess.py:93} INFO - INFO:WDM:Get LATEST chromedriver version for google-chrome
[2025-10-10T18:19:07.620+0000] {subprocess.py:93} INFO - INFO:WDM:About to download new driver from https://chromedriver.storage.googleapis.com/114.0.5735.90/chromedriver_linux64.zip
[2025-10-10T18:19:07.724+0000] {subprocess.py:93} INFO - WARNING:enhanced_runner:[ThreadPoolExecutor-0_0] ChromeDriverManager failed: tuple index out of range
[2025-10-10T18:19:07.773+0000] {subprocess.py:93} INFO - ERROR:enhanced_runner:‚ùå [ThreadPoolExecutor-0_0] Failed to setup WebDriver: All Chrome initialization methods failed
[2025-10-10T18:19:07.775+0000] {subprocess.py:93} INFO - ERROR:enhanced_runner:[AAPL] Failed to setup driver
[2025-10-10T18:19:07.776+0000] {subprocess.py:93} INFO - INFO:enhanced_runner:[DIS] Starting processing...
[2025-10-10T18:19:07.836+0000] {subprocess.py:93} INFO - WARNING:enhanced_runner:[ThreadPoolExecutor-0_0] System Chrome failed: Message: Unable to obtain driver for chrome; For documentation on this error, please visit: https://www.selenium.dev/documentation/webdriver/troubleshooting/errors/driver_location
[2025-10-10T18:19:07.846+0000] {subprocess.py:93} INFO - 
[2025-10-10T18:19:07.850+0000] {subprocess.py:93} INFO - INFO:WDM:====== WebDriver manager ======
[2025-10-10T18:19:08.100+0000] {subprocess.py:93} INFO - INFO:WDM:Driver downloading response is 200
[2025-10-10T18:19:08.234+0000] {subprocess.py:93} INFO - INFO:WDM:Get LATEST chromedriver version for google-chrome
[2025-10-10T18:19:08.640+0000] {subprocess.py:93} INFO - INFO:WDM:About to download new driver from https://chromedriver.storage.googleapis.com/114.0.5735.90/chromedriver_linux64.zip
[2025-10-10T18:19:08.779+0000] {subprocess.py:93} INFO - INFO:WDM:Get LATEST chromedriver version for google-chrome
[2025-10-10T18:19:08.787+0000] {subprocess.py:93} INFO - INFO:WDM:Get LATEST chromedriver version for google-chrome
[2025-10-10T18:19:08.800+0000] {subprocess.py:93} INFO - INFO:WDM:Get LATEST chromedriver version for google-chrome
[2025-10-10T18:19:08.887+0000] {subprocess.py:93} INFO - INFO:WDM:Driver downloading response is 200
[2025-10-10T18:19:08.953+0000] {subprocess.py:93} INFO - INFO:WDM:Get LATEST chromedriver version for google-chrome
[2025-10-10T18:19:08.974+0000] {subprocess.py:93} INFO - WARNING:enhanced_runner:[ThreadPoolExecutor-0_1] ChromeDriverManager failed: tuple index out of range
[2025-10-10T18:19:08.985+0000] {subprocess.py:93} INFO - ERROR:enhanced_runner:‚ùå [ThreadPoolExecutor-0_1] Failed to setup WebDriver: All Chrome initialization methods failed
[2025-10-10T18:19:08.986+0000] {subprocess.py:93} INFO - ERROR:enhanced_runner:[AMGN] Failed to setup driver
[2025-10-10T18:19:08.993+0000] {subprocess.py:93} INFO - INFO:enhanced_runner:[SHW] Starting processing...
[2025-10-10T18:19:08.996+0000] {subprocess.py:93} INFO - WARNING:enhanced_runner:[ThreadPoolExecutor-0_1] System Chrome failed: Message: Unable to obtain driver for chrome; For documentation on this error, please visit: https://www.selenium.dev/documentation/webdriver/troubleshooting/errors/driver_location
[2025-10-10T18:19:09.006+0000] {subprocess.py:93} INFO - 
[2025-10-10T18:19:09.007+0000] {subprocess.py:93} INFO - INFO:WDM:====== WebDriver manager ======
[2025-10-10T18:19:09.014+0000] {subprocess.py:93} INFO - WARNING:enhanced_runner:[ThreadPoolExecutor-0_7] ChromeDriverManager failed: File is not a zip file
[2025-10-10T18:19:09.024+0000] {subprocess.py:93} INFO - ERROR:enhanced_runner:‚ùå [ThreadPoolExecutor-0_7] Failed to setup WebDriver: All Chrome initialization methods failed
[2025-10-10T18:19:09.032+0000] {subprocess.py:93} INFO - ERROR:enhanced_runner:[CSCO] Failed to setup driver
[2025-10-10T18:19:09.034+0000] {subprocess.py:93} INFO - INFO:enhanced_runner:[GS] Starting processing...
[2025-10-10T18:19:09.035+0000] {subprocess.py:93} INFO - WARNING:enhanced_runner:[ThreadPoolExecutor-0_7] System Chrome failed: Message: Unable to obtain driver for chrome; For documentation on this error, please visit: https://www.selenium.dev/documentation/webdriver/troubleshooting/errors/driver_location
[2025-10-10T18:19:09.035+0000] {subprocess.py:93} INFO - 
[2025-10-10T18:19:09.043+0000] {subprocess.py:93} INFO - INFO:WDM:====== WebDriver manager ======
[2025-10-10T18:19:09.209+0000] {subprocess.py:93} INFO - INFO:WDM:Get LATEST chromedriver version for google-chrome
[2025-10-10T18:19:09.283+0000] {subprocess.py:93} INFO - INFO:WDM:Get LATEST chromedriver version for google-chrome
[2025-10-10T18:19:09.412+0000] {subprocess.py:93} INFO - INFO:WDM:Get LATEST chromedriver version for google-chrome
[2025-10-10T18:19:09.635+0000] {subprocess.py:93} INFO - INFO:WDM:Get LATEST chromedriver version for google-chrome
[2025-10-10T18:19:09.872+0000] {subprocess.py:93} INFO - INFO:WDM:About to download new driver from https://chromedriver.storage.googleapis.com/114.0.5735.90/chromedriver_linux64.zip
[2025-10-10T18:19:09.885+0000] {subprocess.py:93} INFO - INFO:WDM:About to download new driver from https://chromedriver.storage.googleapis.com/114.0.5735.90/chromedriver_linux64.zip
[2025-10-10T18:19:09.957+0000] {subprocess.py:93} INFO - WARNING:enhanced_runner:[ThreadPoolExecutor-0_4] ChromeDriverManager failed: tuple index out of range
[2025-10-10T18:19:09.968+0000] {subprocess.py:93} INFO - WARNING:enhanced_runner:[ThreadPoolExecutor-0_6] ChromeDriverManager failed: tuple index out of range
[2025-10-10T18:19:10.011+0000] {subprocess.py:93} INFO - WARNING:enhanced_runner:[ThreadPoolExecutor-0_5] ChromeDriverManager failed: tuple index out of range
[2025-10-10T18:19:10.029+0000] {subprocess.py:93} INFO - ERROR:enhanced_runner:‚ùå [ThreadPoolExecutor-0_6] Failed to setup WebDriver: All Chrome initialization methods failed
[2025-10-10T18:19:10.032+0000] {subprocess.py:93} INFO - ERROR:enhanced_runner:[CRM] Failed to setup driver
[2025-10-10T18:19:10.041+0000] {subprocess.py:93} INFO - ERROR:enhanced_runner:‚ùå [ThreadPoolExecutor-0_4] Failed to setup WebDriver: All Chrome initialization methods failed
[2025-10-10T18:19:10.045+0000] {subprocess.py:93} INFO - ERROR:enhanced_runner:[CVX] Failed to setup driver
[2025-10-10T18:19:10.047+0000] {subprocess.py:93} INFO - INFO:enhanced_runner:[HON] Starting processing...
[2025-10-10T18:19:10.067+0000] {subprocess.py:93} INFO - INFO:enhanced_runner:[HD] Starting processing...
[2025-10-10T18:19:10.070+0000] {subprocess.py:93} INFO - ERROR:enhanced_runner:‚ùå [ThreadPoolExecutor-0_5] Failed to setup WebDriver: All Chrome initialization methods failed
[2025-10-10T18:19:10.071+0000] {subprocess.py:93} INFO - ERROR:enhanced_runner:[CAT] Failed to setup driver
[2025-10-10T18:19:10.071+0000] {subprocess.py:93} INFO - INFO:enhanced_runner:[IBM] Starting processing...
[2025-10-10T18:19:10.072+0000] {subprocess.py:93} INFO - WARNING:enhanced_runner:[ThreadPoolExecutor-0_4] System Chrome failed: Message: Unable to obtain driver for chrome; For documentation on this error, please visit: https://www.selenium.dev/documentation/webdriver/troubleshooting/errors/driver_location
[2025-10-10T18:19:10.073+0000] {subprocess.py:93} INFO - 
[2025-10-10T18:19:10.077+0000] {subprocess.py:93} INFO - WARNING:enhanced_runner:[ThreadPoolExecutor-0_6] System Chrome failed: Message: Unable to obtain driver for chrome; For documentation on this error, please visit: https://www.selenium.dev/documentation/webdriver/troubleshooting/errors/driver_location
[2025-10-10T18:19:10.078+0000] {subprocess.py:93} INFO - 
[2025-10-10T18:19:10.079+0000] {subprocess.py:93} INFO - INFO:WDM:====== WebDriver manager ======
[2025-10-10T18:19:10.085+0000] {subprocess.py:93} INFO - INFO:WDM:====== WebDriver manager ======
[2025-10-10T18:19:10.127+0000] {subprocess.py:93} INFO - WARNING:enhanced_runner:[ThreadPoolExecutor-0_5] System Chrome failed: Message: Unable to obtain driver for chrome; For documentation on this error, please visit: https://www.selenium.dev/documentation/webdriver/troubleshooting/errors/driver_location
[2025-10-10T18:19:10.127+0000] {subprocess.py:93} INFO - 
[2025-10-10T18:19:10.128+0000] {subprocess.py:93} INFO - INFO:WDM:====== WebDriver manager ======
[2025-10-10T18:19:10.173+0000] {subprocess.py:93} INFO - INFO:WDM:Driver downloading response is 200
[2025-10-10T18:19:10.176+0000] {subprocess.py:93} INFO - INFO:WDM:Driver downloading response is 200
[2025-10-10T18:19:10.623+0000] {subprocess.py:93} INFO - INFO:WDM:Get LATEST chromedriver version for google-chrome
[2025-10-10T18:19:10.692+0000] {subprocess.py:93} INFO - INFO:WDM:Get LATEST chromedriver version for google-chrome
[2025-10-10T18:19:10.819+0000] {subprocess.py:93} INFO - INFO:WDM:Get LATEST chromedriver version for google-chrome
[2025-10-10T18:19:11.058+0000] {subprocess.py:93} INFO - INFO:WDM:About to download new driver from https://chromedriver.storage.googleapis.com/114.0.5735.90/chromedriver_linux64.zip
[2025-10-10T18:19:11.073+0000] {subprocess.py:93} INFO - INFO:WDM:About to download new driver from https://chromedriver.storage.googleapis.com/114.0.5735.90/chromedriver_linux64.zip
[2025-10-10T18:19:11.074+0000] {subprocess.py:93} INFO - INFO:WDM:About to download new driver from https://chromedriver.storage.googleapis.com/114.0.5735.90/chromedriver_linux64.zip
[2025-10-10T18:19:11.426+0000] {subprocess.py:93} INFO - INFO:WDM:Driver downloading response is 200
[2025-10-10T18:19:11.433+0000] {subprocess.py:93} INFO - INFO:WDM:Driver downloading response is 200
[2025-10-10T18:19:11.512+0000] {subprocess.py:93} INFO - INFO:WDM:Driver downloading response is 200
[2025-10-10T18:19:11.602+0000] {subprocess.py:93} INFO - INFO:WDM:Get LATEST chromedriver version for google-chrome
[2025-10-10T18:19:12.001+0000] {subprocess.py:93} INFO - INFO:WDM:Get LATEST chromedriver version for google-chrome
[2025-10-10T18:19:12.042+0000] {subprocess.py:93} INFO - WARNING:enhanced_runner:[ThreadPoolExecutor-0_2] ChromeDriverManager failed: tuple index out of range
[2025-10-10T18:19:12.068+0000] {subprocess.py:93} INFO - WARNING:enhanced_runner:[ThreadPoolExecutor-0_3] ChromeDriverManager failed: tuple index out of range
[2025-10-10T18:19:12.076+0000] {subprocess.py:93} INFO - ERROR:enhanced_runner:‚ùå [ThreadPoolExecutor-0_2] Failed to setup WebDriver: All Chrome initialization methods failed
[2025-10-10T18:19:12.076+0000] {subprocess.py:93} INFO - ERROR:enhanced_runner:[AMZN] Failed to setup driver
[2025-10-10T18:19:12.077+0000] {subprocess.py:93} INFO - INFO:enhanced_runner:[INTC] Starting processing...
[2025-10-10T18:19:12.098+0000] {subprocess.py:93} INFO - ERROR:enhanced_runner:‚ùå [ThreadPoolExecutor-0_3] Failed to setup WebDriver: All Chrome initialization methods failed
[2025-10-10T18:19:12.102+0000] {subprocess.py:93} INFO - ERROR:enhanced_runner:[AXP] Failed to setup driver
[2025-10-10T18:19:12.102+0000] {subprocess.py:93} INFO - INFO:enhanced_runner:[JNJ] Starting processing...
[2025-10-10T18:19:12.103+0000] {subprocess.py:93} INFO - WARNING:enhanced_runner:[ThreadPoolExecutor-0_2] System Chrome failed: Message: Unable to obtain driver for chrome; For documentation on this error, please visit: https://www.selenium.dev/documentation/webdriver/troubleshooting/errors/driver_location
[2025-10-10T18:19:12.105+0000] {subprocess.py:93} INFO - 
[2025-10-10T18:19:12.106+0000] {subprocess.py:93} INFO - INFO:WDM:====== WebDriver manager ======
[2025-10-10T18:19:12.116+0000] {subprocess.py:93} INFO - WARNING:enhanced_runner:[ThreadPoolExecutor-0_3] System Chrome failed: Message: Unable to obtain driver for chrome; For documentation on this error, please visit: https://www.selenium.dev/documentation/webdriver/troubleshooting/errors/driver_location
[2025-10-10T18:19:12.118+0000] {subprocess.py:93} INFO - 
[2025-10-10T18:19:12.122+0000] {subprocess.py:93} INFO - INFO:WDM:====== WebDriver manager ======
[2025-10-10T18:19:12.495+0000] {subprocess.py:93} INFO - INFO:WDM:Get LATEST chromedriver version for google-chrome
[2025-10-10T18:19:12.539+0000] {subprocess.py:93} INFO - INFO:WDM:Get LATEST chromedriver version for google-chrome
[2025-10-10T18:19:12.556+0000] {subprocess.py:93} INFO - INFO:WDM:Get LATEST chromedriver version for google-chrome
[2025-10-10T18:19:12.795+0000] {subprocess.py:93} INFO - INFO:WDM:About to download new driver from https://chromedriver.storage.googleapis.com/114.0.5735.90/chromedriver_linux64.zip
[2025-10-10T18:19:12.805+0000] {subprocess.py:93} INFO - WARNING:enhanced_runner:[ThreadPoolExecutor-0_1] ChromeDriverManager failed: tuple index out of range
[2025-10-10T18:19:12.808+0000] {subprocess.py:93} INFO - WARNING:enhanced_runner:[ThreadPoolExecutor-0_0] ChromeDriverManager failed: tuple index out of range
[2025-10-10T18:19:12.812+0000] {subprocess.py:93} INFO - ERROR:enhanced_runner:‚ùå [ThreadPoolExecutor-0_1] Failed to setup WebDriver: All Chrome initialization methods failed
[2025-10-10T18:19:12.813+0000] {subprocess.py:93} INFO - ERROR:enhanced_runner:[SHW] Failed to setup driver
[2025-10-10T18:19:12.814+0000] {subprocess.py:93} INFO - INFO:enhanced_runner:[JPM] Starting processing...
[2025-10-10T18:19:12.835+0000] {subprocess.py:93} INFO - WARNING:enhanced_runner:[ThreadPoolExecutor-0_1] System Chrome failed: Message: Unable to obtain driver for chrome; For documentation on this error, please visit: https://www.selenium.dev/documentation/webdriver/troubleshooting/errors/driver_location
[2025-10-10T18:19:12.839+0000] {subprocess.py:93} INFO - 
[2025-10-10T18:19:12.845+0000] {subprocess.py:93} INFO - INFO:WDM:====== WebDriver manager ======
[2025-10-10T18:19:12.846+0000] {subprocess.py:93} INFO - ERROR:enhanced_runner:‚ùå [ThreadPoolExecutor-0_0] Failed to setup WebDriver: All Chrome initialization methods failed
[2025-10-10T18:19:12.852+0000] {subprocess.py:93} INFO - ERROR:enhanced_runner:[DIS] Failed to setup driver
[2025-10-10T18:19:12.853+0000] {subprocess.py:93} INFO - INFO:enhanced_runner:[KO] Starting processing...
[2025-10-10T18:19:12.867+0000] {subprocess.py:93} INFO - WARNING:enhanced_runner:[ThreadPoolExecutor-0_0] System Chrome failed: Message: Unable to obtain driver for chrome; For documentation on this error, please visit: https://www.selenium.dev/documentation/webdriver/troubleshooting/errors/driver_location
[2025-10-10T18:19:12.867+0000] {subprocess.py:93} INFO - 
[2025-10-10T18:19:12.867+0000] {subprocess.py:93} INFO - INFO:WDM:====== WebDriver manager ======
[2025-10-10T18:19:12.891+0000] {subprocess.py:93} INFO - INFO:WDM:About to download new driver from https://chromedriver.storage.googleapis.com/114.0.5735.90/chromedriver_linux64.zip
[2025-10-10T18:19:13.129+0000] {subprocess.py:93} INFO - INFO:WDM:Driver downloading response is 200
[2025-10-10T18:19:13.430+0000] {subprocess.py:93} INFO - INFO:WDM:Driver downloading response is 200
[2025-10-10T18:19:13.593+0000] {subprocess.py:93} INFO - INFO:WDM:Get LATEST chromedriver version for google-chrome
[2025-10-10T18:19:13.627+0000] {subprocess.py:93} INFO - INFO:WDM:Get LATEST chromedriver version for google-chrome
[2025-10-10T18:19:15.121+0000] {subprocess.py:93} INFO - INFO:WDM:About to download new driver from https://chromedriver.storage.googleapis.com/114.0.5735.90/chromedriver_linux64.zip
[2025-10-10T18:19:15.142+0000] {subprocess.py:93} INFO - INFO:WDM:About to download new driver from https://chromedriver.storage.googleapis.com/114.0.5735.90/chromedriver_linux64.zip
[2025-10-10T18:19:15.536+0000] {subprocess.py:93} INFO - INFO:WDM:Driver downloading response is 200
[2025-10-10T18:19:15.570+0000] {subprocess.py:93} INFO - INFO:WDM:Driver downloading response is 200
[2025-10-10T18:19:16.435+0000] {subprocess.py:93} INFO - INFO:WDM:Get LATEST chromedriver version for google-chrome
[2025-10-10T18:19:16.657+0000] {subprocess.py:93} INFO - INFO:WDM:Get LATEST chromedriver version for google-chrome
[2025-10-10T18:19:17.986+0000] {subprocess.py:93} INFO - WARNING:enhanced_runner:[ThreadPoolExecutor-0_7] ChromeDriverManager failed: tuple index out of range
[2025-10-10T18:19:18.243+0000] {subprocess.py:93} INFO - ERROR:enhanced_runner:‚ùå [ThreadPoolExecutor-0_7] Failed to setup WebDriver: All Chrome initialization methods failed
[2025-10-10T18:19:18.246+0000] {subprocess.py:93} INFO - ERROR:enhanced_runner:[GS] Failed to setup driver
[2025-10-10T18:19:18.300+0000] {subprocess.py:93} INFO - INFO:enhanced_runner:[MCD] Starting processing...
[2025-10-10T18:19:19.113+0000] {subprocess.py:93} INFO - WARNING:enhanced_runner:[ThreadPoolExecutor-0_7] System Chrome failed: Message: Unable to obtain driver for chrome; For documentation on this error, please visit: https://www.selenium.dev/documentation/webdriver/troubleshooting/errors/driver_location
[2025-10-10T18:19:19.193+0000] {subprocess.py:93} INFO - 
[2025-10-10T18:19:19.193+0000] {subprocess.py:93} INFO - INFO:WDM:====== WebDriver manager ======
[2025-10-10T18:19:19.193+0000] {subprocess.py:93} INFO - INFO:WDM:Get LATEST chromedriver version for google-chrome
[2025-10-10T18:19:19.193+0000] {subprocess.py:93} INFO - INFO:WDM:Get LATEST chromedriver version for google-chrome
[2025-10-10T18:19:19.853+0000] {subprocess.py:93} INFO - INFO:WDM:Get LATEST chromedriver version for google-chrome
[2025-10-10T18:19:21.735+0000] {subprocess.py:93} INFO - INFO:WDM:About to download new driver from https://chromedriver.storage.googleapis.com/114.0.5735.90/chromedriver_linux64.zip
[2025-10-10T18:19:21.907+0000] {subprocess.py:93} INFO - WARNING:enhanced_runner:[ThreadPoolExecutor-0_4] ChromeDriverManager failed: tuple index out of range
[2025-10-10T18:19:21.916+0000] {subprocess.py:93} INFO - WARNING:enhanced_runner:[ThreadPoolExecutor-0_6] ChromeDriverManager failed: tuple index out of range
[2025-10-10T18:19:22.314+0000] {subprocess.py:93} INFO - ERROR:enhanced_runner:‚ùå [ThreadPoolExecutor-0_4] Failed to setup WebDriver: All Chrome initialization methods failed
[2025-10-10T18:19:22.328+0000] {subprocess.py:93} INFO - ERROR:enhanced_runner:[HON] Failed to setup driver
[2025-10-10T18:19:22.332+0000] {subprocess.py:93} INFO - INFO:enhanced_runner:[MMM] Starting processing...
[2025-10-10T18:19:22.343+0000] {subprocess.py:93} INFO - ERROR:enhanced_runner:‚ùå [ThreadPoolExecutor-0_6] Failed to setup WebDriver: All Chrome initialization methods failed
[2025-10-10T18:19:22.344+0000] {subprocess.py:93} INFO - ERROR:enhanced_runner:[HD] Failed to setup driver
[2025-10-10T18:19:22.344+0000] {subprocess.py:93} INFO - INFO:enhanced_runner:[MRK] Starting processing...
[2025-10-10T18:19:22.389+0000] {subprocess.py:93} INFO - WARNING:enhanced_runner:[ThreadPoolExecutor-0_4] System Chrome failed: Message: Unable to obtain driver for chrome; For documentation on this error, please visit: https://www.selenium.dev/documentation/webdriver/troubleshooting/errors/driver_location
[2025-10-10T18:19:22.390+0000] {subprocess.py:93} INFO - 
[2025-10-10T18:19:22.390+0000] {subprocess.py:93} INFO - INFO:WDM:====== WebDriver manager ======
[2025-10-10T18:19:22.434+0000] {subprocess.py:93} INFO - WARNING:enhanced_runner:[ThreadPoolExecutor-0_6] System Chrome failed: Message: Unable to obtain driver for chrome; For documentation on this error, please visit: https://www.selenium.dev/documentation/webdriver/troubleshooting/errors/driver_location
[2025-10-10T18:19:22.439+0000] {subprocess.py:93} INFO - 
[2025-10-10T18:19:22.448+0000] {subprocess.py:93} INFO - INFO:WDM:====== WebDriver manager ======
[2025-10-10T18:19:23.017+0000] {subprocess.py:93} INFO - INFO:WDM:Get LATEST chromedriver version for google-chrome
[2025-10-10T18:19:23.196+0000] {subprocess.py:93} INFO - INFO:WDM:Driver downloading response is 200
[2025-10-10T18:19:23.198+0000] {subprocess.py:93} INFO - INFO:WDM:Get LATEST chromedriver version for google-chrome
[2025-10-10T18:19:23.389+0000] {subprocess.py:93} INFO - INFO:WDM:About to download new driver from https://chromedriver.storage.googleapis.com/114.0.5735.90/chromedriver_linux64.zip
[2025-10-10T18:19:23.451+0000] {subprocess.py:93} INFO - INFO:WDM:About to download new driver from https://chromedriver.storage.googleapis.com/114.0.5735.90/chromedriver_linux64.zip
[2025-10-10T18:19:23.690+0000] {subprocess.py:93} INFO - INFO:WDM:Get LATEST chromedriver version for google-chrome
[2025-10-10T18:19:23.816+0000] {subprocess.py:93} INFO - INFO:WDM:Driver downloading response is 200
[2025-10-10T18:19:23.820+0000] {subprocess.py:93} INFO - INFO:WDM:Driver downloading response is 200
[2025-10-10T18:19:23.925+0000] {subprocess.py:93} INFO - INFO:WDM:Get LATEST chromedriver version for google-chrome
[2025-10-10T18:19:23.947+0000] {subprocess.py:93} INFO - INFO:WDM:Get LATEST chromedriver version for google-chrome
[2025-10-10T18:19:24.000+0000] {subprocess.py:93} INFO - WARNING:enhanced_runner:[ThreadPoolExecutor-0_3] ChromeDriverManager failed: tuple index out of range
[2025-10-10T18:19:24.022+0000] {subprocess.py:93} INFO - WARNING:enhanced_runner:[ThreadPoolExecutor-0_5] ChromeDriverManager failed: tuple index out of range
[2025-10-10T18:19:24.047+0000] {subprocess.py:93} INFO - ERROR:enhanced_runner:‚ùå [ThreadPoolExecutor-0_3] Failed to setup WebDriver: All Chrome initialization methods failed
[2025-10-10T18:19:24.048+0000] {subprocess.py:93} INFO - ERROR:enhanced_runner:[JNJ] Failed to setup driver
[2025-10-10T18:19:24.050+0000] {subprocess.py:93} INFO - INFO:enhanced_runner:[MSFT] Starting processing...
[2025-10-10T18:19:24.078+0000] {subprocess.py:93} INFO - ERROR:enhanced_runner:‚ùå [ThreadPoolExecutor-0_5] Failed to setup WebDriver: All Chrome initialization methods failed
[2025-10-10T18:19:24.078+0000] {subprocess.py:93} INFO - ERROR:enhanced_runner:[IBM] Failed to setup driver
[2025-10-10T18:19:24.080+0000] {subprocess.py:93} INFO - INFO:enhanced_runner:[NKE] Starting processing...
[2025-10-10T18:19:24.082+0000] {subprocess.py:93} INFO - WARNING:enhanced_runner:[ThreadPoolExecutor-0_3] System Chrome failed: Message: Unable to obtain driver for chrome; For documentation on this error, please visit: https://www.selenium.dev/documentation/webdriver/troubleshooting/errors/driver_location
[2025-10-10T18:19:24.083+0000] {subprocess.py:93} INFO - 
[2025-10-10T18:19:24.084+0000] {subprocess.py:93} INFO - INFO:WDM:====== WebDriver manager ======
[2025-10-10T18:19:24.094+0000] {subprocess.py:93} INFO - WARNING:enhanced_runner:[ThreadPoolExecutor-0_5] System Chrome failed: Message: Unable to obtain driver for chrome; For documentation on this error, please visit: https://www.selenium.dev/documentation/webdriver/troubleshooting/errors/driver_location
[2025-10-10T18:19:24.095+0000] {subprocess.py:93} INFO - 
[2025-10-10T18:19:24.095+0000] {subprocess.py:93} INFO - INFO:WDM:====== WebDriver manager ======
[2025-10-10T18:19:24.361+0000] {subprocess.py:93} INFO - WARNING:enhanced_runner:[ThreadPoolExecutor-0_0] ChromeDriverManager failed: File is not a zip file
[2025-10-10T18:19:24.362+0000] {subprocess.py:93} INFO - INFO:WDM:Get LATEST chromedriver version for google-chrome
[2025-10-10T18:19:24.375+0000] {subprocess.py:93} INFO - ERROR:enhanced_runner:‚ùå [ThreadPoolExecutor-0_0] Failed to setup WebDriver: All Chrome initialization methods failed
[2025-10-10T18:19:24.380+0000] {subprocess.py:93} INFO - ERROR:enhanced_runner:[KO] Failed to setup driver
[2025-10-10T18:19:24.380+0000] {subprocess.py:93} INFO - INFO:enhanced_runner:[NVDA] Starting processing...
[2025-10-10T18:19:24.383+0000] {subprocess.py:93} INFO - INFO:WDM:Get LATEST chromedriver version for google-chrome
[2025-10-10T18:19:24.385+0000] {subprocess.py:93} INFO - WARNING:enhanced_runner:[ThreadPoolExecutor-0_0] System Chrome failed: Message: Unable to obtain driver for chrome; For documentation on this error, please visit: https://www.selenium.dev/documentation/webdriver/troubleshooting/errors/driver_location
[2025-10-10T18:19:24.385+0000] {subprocess.py:93} INFO - 
[2025-10-10T18:19:24.385+0000] {subprocess.py:93} INFO - INFO:WDM:====== WebDriver manager ======
[2025-10-10T18:19:24.658+0000] {subprocess.py:93} INFO - INFO:WDM:About to download new driver from https://chromedriver.storage.googleapis.com/114.0.5735.90/chromedriver_linux64.zip
[2025-10-10T18:19:24.682+0000] {subprocess.py:93} INFO - INFO:WDM:Get LATEST chromedriver version for google-chrome
[2025-10-10T18:19:24.772+0000] {subprocess.py:93} INFO - INFO:WDM:About to download new driver from https://chromedriver.storage.googleapis.com/114.0.5735.90/chromedriver_linux64.zip
[2025-10-10T18:19:24.995+0000] {subprocess.py:93} INFO - INFO:WDM:About to download new driver from https://chromedriver.storage.googleapis.com/114.0.5735.90/chromedriver_linux64.zip
[2025-10-10T18:19:25.008+0000] {subprocess.py:93} INFO - INFO:WDM:Driver downloading response is 200
[2025-10-10T18:19:25.022+0000] {subprocess.py:93} INFO - INFO:WDM:Driver downloading response is 200
[2025-10-10T18:19:25.261+0000] {subprocess.py:93} INFO - INFO:WDM:Get LATEST chromedriver version for google-chrome
[2025-10-10T18:19:25.266+0000] {subprocess.py:93} INFO - INFO:WDM:Get LATEST chromedriver version for google-chrome
[2025-10-10T18:19:25.625+0000] {subprocess.py:93} INFO - INFO:WDM:Driver downloading response is 200
[2025-10-10T18:19:25.635+0000] {subprocess.py:93} INFO - WARNING:enhanced_runner:[ThreadPoolExecutor-0_1] ChromeDriverManager failed: tuple index out of range
[2025-10-10T18:19:25.647+0000] {subprocess.py:93} INFO - ERROR:enhanced_runner:‚ùå [ThreadPoolExecutor-0_1] Failed to setup WebDriver: All Chrome initialization methods failed
[2025-10-10T18:19:25.648+0000] {subprocess.py:93} INFO - ERROR:enhanced_runner:[JPM] Failed to setup driver
[2025-10-10T18:19:25.648+0000] {subprocess.py:93} INFO - INFO:enhanced_runner:[PG] Starting processing...
[2025-10-10T18:19:25.656+0000] {subprocess.py:93} INFO - WARNING:enhanced_runner:[ThreadPoolExecutor-0_2] ChromeDriverManager failed: tuple index out of range
[2025-10-10T18:19:25.678+0000] {subprocess.py:93} INFO - WARNING:enhanced_runner:[ThreadPoolExecutor-0_1] System Chrome failed: Message: Unable to obtain driver for chrome; For documentation on this error, please visit: https://www.selenium.dev/documentation/webdriver/troubleshooting/errors/driver_location
[2025-10-10T18:19:25.679+0000] {subprocess.py:93} INFO - 
[2025-10-10T18:19:25.680+0000] {subprocess.py:93} INFO - INFO:WDM:====== WebDriver manager ======
[2025-10-10T18:19:25.683+0000] {subprocess.py:93} INFO - ERROR:enhanced_runner:‚ùå [ThreadPoolExecutor-0_2] Failed to setup WebDriver: All Chrome initialization methods failed
[2025-10-10T18:19:25.684+0000] {subprocess.py:93} INFO - ERROR:enhanced_runner:[INTC] Failed to setup driver
[2025-10-10T18:19:25.685+0000] {subprocess.py:93} INFO - INFO:enhanced_runner:[TRV] Starting processing...
[2025-10-10T18:19:25.688+0000] {subprocess.py:93} INFO - WARNING:enhanced_runner:[ThreadPoolExecutor-0_2] System Chrome failed: Message: Unable to obtain driver for chrome; For documentation on this error, please visit: https://www.selenium.dev/documentation/webdriver/troubleshooting/errors/driver_location
[2025-10-10T18:19:25.692+0000] {subprocess.py:93} INFO - 
[2025-10-10T18:19:25.692+0000] {subprocess.py:93} INFO - INFO:WDM:====== WebDriver manager ======
[2025-10-10T18:19:25.799+0000] {subprocess.py:93} INFO - INFO:WDM:Get LATEST chromedriver version for google-chrome
[2025-10-10T18:19:25.930+0000] {subprocess.py:93} INFO - INFO:WDM:Get LATEST chromedriver version for google-chrome
[2025-10-10T18:19:25.971+0000] {subprocess.py:93} INFO - INFO:WDM:Get LATEST chromedriver version for google-chrome
[2025-10-10T18:19:26.179+0000] {subprocess.py:93} INFO - WARNING:enhanced_runner:[ThreadPoolExecutor-0_6] ChromeDriverManager failed: tuple index out of range
[2025-10-10T18:19:26.238+0000] {subprocess.py:93} INFO - ERROR:enhanced_runner:‚ùå [ThreadPoolExecutor-0_6] Failed to setup WebDriver: All Chrome initialization methods failed
[2025-10-10T18:19:26.243+0000] {subprocess.py:93} INFO - ERROR:enhanced_runner:[MRK] Failed to setup driver
[2025-10-10T18:19:26.243+0000] {subprocess.py:93} INFO - INFO:enhanced_runner:[UNH] Starting processing...
[2025-10-10T18:19:26.271+0000] {subprocess.py:93} INFO - WARNING:enhanced_runner:[ThreadPoolExecutor-0_6] System Chrome failed: Message: Unable to obtain driver for chrome; For documentation on this error, please visit: https://www.selenium.dev/documentation/webdriver/troubleshooting/errors/driver_location
[2025-10-10T18:19:26.284+0000] {subprocess.py:93} INFO - 
[2025-10-10T18:19:26.286+0000] {subprocess.py:93} INFO - INFO:WDM:====== WebDriver manager ======
[2025-10-10T18:19:26.432+0000] {subprocess.py:93} INFO - INFO:WDM:About to download new driver from https://chromedriver.storage.googleapis.com/114.0.5735.90/chromedriver_linux64.zip
[2025-10-10T18:19:26.618+0000] {subprocess.py:93} INFO - INFO:WDM:About to download new driver from https://chromedriver.storage.googleapis.com/114.0.5735.90/chromedriver_linux64.zip
[2025-10-10T18:19:26.959+0000] {subprocess.py:93} INFO - INFO:WDM:Get LATEST chromedriver version for google-chrome
[2025-10-10T18:19:26.974+0000] {subprocess.py:93} INFO - INFO:WDM:Driver downloading response is 200
[2025-10-10T18:19:27.023+0000] {subprocess.py:93} INFO - INFO:WDM:Driver downloading response is 200
[2025-10-10T18:19:27.680+0000] {subprocess.py:93} INFO - INFO:WDM:Get LATEST chromedriver version for google-chrome
[2025-10-10T18:19:28.079+0000] {subprocess.py:93} INFO - INFO:WDM:About to download new driver from https://chromedriver.storage.googleapis.com/114.0.5735.90/chromedriver_linux64.zip
[2025-10-10T18:19:28.214+0000] {subprocess.py:93} INFO - INFO:WDM:Get LATEST chromedriver version for google-chrome
[2025-10-10T18:19:28.220+0000] {subprocess.py:93} INFO - INFO:WDM:Get LATEST chromedriver version for google-chrome
[2025-10-10T18:19:28.365+0000] {subprocess.py:93} INFO - WARNING:enhanced_runner:[ThreadPoolExecutor-0_7] ChromeDriverManager failed: tuple index out of range
[2025-10-10T18:19:28.371+0000] {subprocess.py:93} INFO - INFO:WDM:Driver downloading response is 200
[2025-10-10T18:19:28.395+0000] {subprocess.py:93} INFO - WARNING:enhanced_runner:[ThreadPoolExecutor-0_4] ChromeDriverManager failed: tuple index out of range
[2025-10-10T18:19:28.411+0000] {subprocess.py:93} INFO - ERROR:enhanced_runner:‚ùå [ThreadPoolExecutor-0_7] Failed to setup WebDriver: All Chrome initialization methods failed
[2025-10-10T18:19:28.418+0000] {subprocess.py:93} INFO - ERROR:enhanced_runner:[MCD] Failed to setup driver
[2025-10-10T18:19:28.424+0000] {subprocess.py:93} INFO - INFO:enhanced_runner:[V] Starting processing...
[2025-10-10T18:19:28.453+0000] {subprocess.py:93} INFO - ERROR:enhanced_runner:‚ùå [ThreadPoolExecutor-0_4] Failed to setup WebDriver: All Chrome initialization methods failed
[2025-10-10T18:19:28.459+0000] {subprocess.py:93} INFO - ERROR:enhanced_runner:[MMM] Failed to setup driver
[2025-10-10T18:19:28.492+0000] {subprocess.py:93} INFO - WARNING:enhanced_runner:[ThreadPoolExecutor-0_7] System Chrome failed: Message: Unable to obtain driver for chrome; For documentation on this error, please visit: https://www.selenium.dev/documentation/webdriver/troubleshooting/errors/driver_location
[2025-10-10T18:19:28.504+0000] {subprocess.py:93} INFO - 
[2025-10-10T18:19:28.505+0000] {subprocess.py:93} INFO - INFO:WDM:====== WebDriver manager ======
[2025-10-10T18:19:28.509+0000] {subprocess.py:93} INFO - INFO:enhanced_runner:[WMT] Starting processing...
[2025-10-10T18:19:28.564+0000] {subprocess.py:93} INFO - WARNING:enhanced_runner:[ThreadPoolExecutor-0_4] System Chrome failed: Message: Unable to obtain driver for chrome; For documentation on this error, please visit: https://www.selenium.dev/documentation/webdriver/troubleshooting/errors/driver_location
[2025-10-10T18:19:28.564+0000] {subprocess.py:93} INFO - 
[2025-10-10T18:19:28.565+0000] {subprocess.py:93} INFO - INFO:WDM:====== WebDriver manager ======
[2025-10-10T18:19:29.184+0000] {subprocess.py:93} INFO - INFO:WDM:Get LATEST chromedriver version for google-chrome
[2025-10-10T18:19:29.200+0000] {subprocess.py:93} INFO - INFO:WDM:Get LATEST chromedriver version for google-chrome
[2025-10-10T18:19:29.779+0000] {subprocess.py:93} INFO - INFO:WDM:About to download new driver from https://chromedriver.storage.googleapis.com/114.0.5735.90/chromedriver_linux64.zip
[2025-10-10T18:19:29.791+0000] {subprocess.py:93} INFO - INFO:WDM:About to download new driver from https://chromedriver.storage.googleapis.com/114.0.5735.90/chromedriver_linux64.zip
[2025-10-10T18:19:30.056+0000] {subprocess.py:93} INFO - INFO:WDM:Driver downloading response is 200
[2025-10-10T18:19:30.115+0000] {subprocess.py:93} INFO - INFO:WDM:Driver downloading response is 200
[2025-10-10T18:19:31.162+0000] {subprocess.py:93} INFO - INFO:WDM:Get LATEST chromedriver version for google-chrome
[2025-10-10T18:19:34.195+0000] {subprocess.py:93} INFO - INFO:WDM:Get LATEST chromedriver version for google-chrome
[2025-10-10T18:19:35.078+0000] {subprocess.py:93} INFO - WARNING:enhanced_runner:[ThreadPoolExecutor-0_0] ChromeDriverManager failed: tuple index out of range
[2025-10-10T18:19:35.098+0000] {subprocess.py:93} INFO - WARNING:enhanced_runner:[ThreadPoolExecutor-0_3] ChromeDriverManager failed: tuple index out of range
[2025-10-10T18:19:35.105+0000] {subprocess.py:93} INFO - WARNING:enhanced_runner:[ThreadPoolExecutor-0_5] ChromeDriverManager failed: tuple index out of range
[2025-10-10T18:19:35.175+0000] {subprocess.py:93} INFO - ERROR:enhanced_runner:‚ùå [ThreadPoolExecutor-0_3] Failed to setup WebDriver: All Chrome initialization methods failed
[2025-10-10T18:19:35.183+0000] {subprocess.py:93} INFO - ERROR:enhanced_runner:[MSFT] Failed to setup driver
[2025-10-10T18:19:35.214+0000] {subprocess.py:93} INFO - ERROR:enhanced_runner:‚ùå [ThreadPoolExecutor-0_5] Failed to setup WebDriver: All Chrome initialization methods failed
[2025-10-10T18:19:35.245+0000] {subprocess.py:93} INFO - ERROR:enhanced_runner:[NKE] Failed to setup driver
[2025-10-10T18:19:35.275+0000] {subprocess.py:93} INFO - ERROR:enhanced_runner:‚ùå [ThreadPoolExecutor-0_0] Failed to setup WebDriver: All Chrome initialization methods failed
[2025-10-10T18:19:35.282+0000] {subprocess.py:93} INFO - ERROR:enhanced_runner:[NVDA] Failed to setup driver
[2025-10-10T18:19:36.947+0000] {subprocess.py:93} INFO - INFO:WDM:Get LATEST chromedriver version for google-chrome
[2025-10-10T18:19:37.710+0000] {subprocess.py:93} INFO - INFO:WDM:Get LATEST chromedriver version for google-chrome
[2025-10-10T18:19:37.777+0000] {subprocess.py:93} INFO - WARNING:enhanced_runner:[ThreadPoolExecutor-0_2] ChromeDriverManager failed: tuple index out of range
[2025-10-10T18:19:37.780+0000] {subprocess.py:93} INFO - WARNING:enhanced_runner:[ThreadPoolExecutor-0_1] ChromeDriverManager failed: tuple index out of range
[2025-10-10T18:19:37.792+0000] {subprocess.py:93} INFO - ERROR:enhanced_runner:‚ùå [ThreadPoolExecutor-0_1] Failed to setup WebDriver: All Chrome initialization methods failed
[2025-10-10T18:19:37.792+0000] {subprocess.py:93} INFO - ERROR:enhanced_runner:[PG] Failed to setup driver
[2025-10-10T18:19:37.795+0000] {subprocess.py:93} INFO - ERROR:enhanced_runner:‚ùå [ThreadPoolExecutor-0_2] Failed to setup WebDriver: All Chrome initialization methods failed
[2025-10-10T18:19:37.796+0000] {subprocess.py:93} INFO - ERROR:enhanced_runner:[TRV] Failed to setup driver
[2025-10-10T18:19:37.861+0000] {subprocess.py:93} INFO - INFO:WDM:Get LATEST chromedriver version for google-chrome
[2025-10-10T18:19:37.925+0000] {subprocess.py:93} INFO - WARNING:enhanced_runner:[ThreadPoolExecutor-0_6] ChromeDriverManager failed: tuple index out of range
[2025-10-10T18:19:37.929+0000] {subprocess.py:93} INFO - ERROR:enhanced_runner:‚ùå [ThreadPoolExecutor-0_6] Failed to setup WebDriver: All Chrome initialization methods failed
[2025-10-10T18:19:37.929+0000] {subprocess.py:93} INFO - ERROR:enhanced_runner:[UNH] Failed to setup driver
[2025-10-10T18:19:38.024+0000] {subprocess.py:93} INFO - WARNING:enhanced_runner:[ThreadPoolExecutor-0_4] ChromeDriverManager failed: tuple index out of range
[2025-10-10T18:19:38.029+0000] {subprocess.py:93} INFO - ERROR:enhanced_runner:‚ùå [ThreadPoolExecutor-0_4] Failed to setup WebDriver: All Chrome initialization methods failed
[2025-10-10T18:19:38.030+0000] {subprocess.py:93} INFO - ERROR:enhanced_runner:[WMT] Failed to setup driver
[2025-10-10T18:19:38.176+0000] {subprocess.py:93} INFO - INFO:WDM:Get LATEST chromedriver version for google-chrome
[2025-10-10T18:19:38.324+0000] {subprocess.py:93} INFO - INFO:WDM:Driver has been saved in cache [/home/***/.wdm/drivers/chromedriver/linux64/114.0.5735.90]
[2025-10-10T18:19:38.426+0000] {subprocess.py:93} INFO - WARNING:enhanced_runner:[ThreadPoolExecutor-0_7] ChromeDriverManager failed: Message: Service /home/***/.wdm/drivers/chromedriver/linux64/114.0.5735.90/chromedriver unexpectedly exited. Status code was: -5
[2025-10-10T18:19:38.428+0000] {subprocess.py:93} INFO - 
[2025-10-10T18:19:38.428+0000] {subprocess.py:93} INFO - ERROR:enhanced_runner:‚ùå [ThreadPoolExecutor-0_7] Failed to setup WebDriver: All Chrome initialization methods failed
[2025-10-10T18:19:38.429+0000] {subprocess.py:93} INFO - ERROR:enhanced_runner:[V] Failed to setup driver
[2025-10-10T18:19:38.442+0000] {subprocess.py:93} INFO - INFO:enhanced_runner:Results saved to: dow30_pipeline_reports_2025/multithreaded_pipeline_results.json
[2025-10-10T18:19:38.445+0000] {subprocess.py:93} INFO - INFO:enhanced_runner:============================================================
[2025-10-10T18:19:38.445+0000] {subprocess.py:93} INFO - INFO:enhanced_runner:üèÅ EXECUTION COMPLETE
[2025-10-10T18:19:38.446+0000] {subprocess.py:93} INFO - INFO:enhanced_runner:============================================================
[2025-10-10T18:19:38.446+0000] {subprocess.py:93} INFO - INFO:enhanced_runner:‚è±Ô∏è Total time: 35.1 seconds
[2025-10-10T18:19:38.446+0000] {subprocess.py:93} INFO - INFO:enhanced_runner:üìä Companies processed: 30
[2025-10-10T18:19:38.446+0000] {subprocess.py:93} INFO - INFO:enhanced_runner:‚úÖ Successful: 0 (0.0%)
[2025-10-10T18:19:38.446+0000] {subprocess.py:93} INFO - INFO:enhanced_runner:‚ùå Failed: 30
[2025-10-10T18:19:38.447+0000] {subprocess.py:93} INFO - INFO:enhanced_runner:============================================================
[2025-10-10T18:19:38.447+0000] {subprocess.py:93} INFO - INFO:enhanced_runner:üîç FAILURE ANALYSIS
[2025-10-10T18:19:38.447+0000] {subprocess.py:93} INFO - INFO:enhanced_runner:============================================================
[2025-10-10T18:19:38.447+0000] {subprocess.py:93} INFO - INFO:enhanced_runner:‚ùå Total failed companies: 30
[2025-10-10T18:19:38.447+0000] {subprocess.py:93} INFO - INFO:enhanced_runner:
[2025-10-10T18:19:38.447+0000] {subprocess.py:93} INFO - üîé Detailed Error Information:
[2025-10-10T18:19:38.447+0000] {subprocess.py:93} INFO - INFO:enhanced_runner:
[2025-10-10T18:19:38.448+0000] {subprocess.py:93} INFO -   BA:
[2025-10-10T18:19:38.448+0000] {subprocess.py:93} INFO - INFO:enhanced_runner:    Last Error: Driver setup failed
[2025-10-10T18:19:38.448+0000] {subprocess.py:93} INFO - INFO:enhanced_runner:    Attempts Made: 1
[2025-10-10T18:19:38.448+0000] {subprocess.py:93} INFO - INFO:enhanced_runner:    Category: processing_error
[2025-10-10T18:19:38.448+0000] {subprocess.py:93} INFO - INFO:enhanced_runner:
[2025-10-10T18:19:38.448+0000] {subprocess.py:93} INFO -   AAPL:
[2025-10-10T18:19:38.448+0000] {subprocess.py:93} INFO - INFO:enhanced_runner:    Last Error: Driver setup failed
[2025-10-10T18:19:38.448+0000] {subprocess.py:93} INFO - INFO:enhanced_runner:    Attempts Made: 1
[2025-10-10T18:19:38.448+0000] {subprocess.py:93} INFO - INFO:enhanced_runner:    Category: processing_error
[2025-10-10T18:19:38.448+0000] {subprocess.py:93} INFO - INFO:enhanced_runner:
[2025-10-10T18:19:38.448+0000] {subprocess.py:93} INFO -   AMGN:
[2025-10-10T18:19:38.448+0000] {subprocess.py:93} INFO - INFO:enhanced_runner:    Last Error: Driver setup failed
[2025-10-10T18:19:38.449+0000] {subprocess.py:93} INFO - INFO:enhanced_runner:    Attempts Made: 1
[2025-10-10T18:19:38.449+0000] {subprocess.py:93} INFO - INFO:enhanced_runner:    Category: processing_error
[2025-10-10T18:19:38.449+0000] {subprocess.py:93} INFO - INFO:enhanced_runner:
[2025-10-10T18:19:38.449+0000] {subprocess.py:93} INFO -   CSCO:
[2025-10-10T18:19:38.449+0000] {subprocess.py:93} INFO - INFO:enhanced_runner:    Last Error: Driver setup failed
[2025-10-10T18:19:38.449+0000] {subprocess.py:93} INFO - INFO:enhanced_runner:    Attempts Made: 1
[2025-10-10T18:19:38.450+0000] {subprocess.py:93} INFO - INFO:enhanced_runner:    Category: processing_error
[2025-10-10T18:19:38.450+0000] {subprocess.py:93} INFO - INFO:enhanced_runner:
[2025-10-10T18:19:38.452+0000] {subprocess.py:93} INFO -   CRM:
[2025-10-10T18:19:38.452+0000] {subprocess.py:93} INFO - INFO:enhanced_runner:    Last Error: Driver setup failed
[2025-10-10T18:19:38.453+0000] {subprocess.py:93} INFO - INFO:enhanced_runner:    Attempts Made: 1
[2025-10-10T18:19:38.454+0000] {subprocess.py:93} INFO - INFO:enhanced_runner:    Category: processing_error
[2025-10-10T18:19:38.454+0000] {subprocess.py:93} INFO - INFO:enhanced_runner:
[2025-10-10T18:19:38.454+0000] {subprocess.py:93} INFO - üí° RECOMMENDATIONS FOR FAILED COMPANIES:
[2025-10-10T18:19:38.454+0000] {subprocess.py:93} INFO - INFO:enhanced_runner:1. Check if company websites have changed their IR page structure
[2025-10-10T18:19:38.454+0000] {subprocess.py:93} INFO - INFO:enhanced_runner:2. Some companies may require different search strategies
[2025-10-10T18:19:38.454+0000] {subprocess.py:93} INFO - INFO:enhanced_runner:3. Try running failed companies individually with --debug mode
[2025-10-10T18:19:38.454+0000] {subprocess.py:93} INFO - INFO:enhanced_runner:4. Consider adjusting timeout settings for slow-loading pages
[2025-10-10T18:19:38.454+0000] {subprocess.py:93} INFO - INFO:enhanced_runner:
[2025-10-10T18:19:38.455+0000] {subprocess.py:93} INFO - ‚ö†Ô∏è Failed companies (for manual retry):
[2025-10-10T18:19:38.455+0000] {subprocess.py:93} INFO - INFO:enhanced_runner:  python main.py --companies BA AAPL AMGN CSCO CRM CVX CAT AMZN AXP SHW DIS GS HON HD JNJ IBM KO JPM INTC MRK MCD MMM MSFT NKE NVDA PG TRV UNH WMT V
[2025-10-10T18:19:39.746+0000] {subprocess.py:97} INFO - Command exited with return code 1
[2025-10-10T18:19:40.528+0000] {taskinstance.py:2699} ERROR - Task failed with exception
Traceback (most recent call last):
  File "/home/airflow/.local/lib/python3.9/site-packages/airflow/models/taskinstance.py", line 433, in _execute_task
    result = execute_callable(context=context, **execute_callable_kwargs)
  File "/home/airflow/.local/lib/python3.9/site-packages/airflow/operators/bash.py", line 212, in execute
    raise AirflowException(
airflow.exceptions.AirflowException: Bash command failed. The command returned a non-zero exit code 1.
[2025-10-10T18:19:40.586+0000] {taskinstance.py:1138} INFO - Marking task as FAILED. dag_id=complete_earnings_pipeline, task_id=download_earnings_reports, execution_date=20251010T180920, start_date=20251010T181902, end_date=20251010T181940
[2025-10-10T18:19:40.757+0000] {standard_task_runner.py:107} ERROR - Failed to execute job 105 for task download_earnings_reports (Bash command failed. The command returned a non-zero exit code 1.; 201)
[2025-10-10T18:19:40.816+0000] {local_task_job_runner.py:234} INFO - Task exited with return code 1
[2025-10-10T18:19:40.965+0000] {taskinstance.py:3281} INFO - 0 downstream tasks scheduled from follow-on schedule check
