[2025-10-10T18:28:55.825+0000] {taskinstance.py:1957} INFO - Dependencies all met for dep_context=non-requeueable deps ti=<TaskInstance: complete_earnings_pipeline.download_earnings_reports manual__2025-10-10T18:23:04.685545+00:00 [queued]>
[2025-10-10T18:28:55.832+0000] {taskinstance.py:1957} INFO - Dependencies all met for dep_context=requeueable deps ti=<TaskInstance: complete_earnings_pipeline.download_earnings_reports manual__2025-10-10T18:23:04.685545+00:00 [queued]>
[2025-10-10T18:28:55.833+0000] {taskinstance.py:2171} INFO - Starting attempt 2 of 2
[2025-10-10T18:28:55.841+0000] {taskinstance.py:2192} INFO - Executing <Task(BashOperator): download_earnings_reports> on 2025-10-10 18:23:04.685545+00:00
[2025-10-10T18:28:55.847+0000] {standard_task_runner.py:60} INFO - Started process 2474 to run task
[2025-10-10T18:28:55.851+0000] {standard_task_runner.py:87} INFO - Running: ['***', 'tasks', 'run', 'complete_earnings_pipeline', 'download_earnings_reports', 'manual__2025-10-10T18:23:04.685545+00:00', '--job-id', '107', '--raw', '--subdir', 'DAGS_FOLDER/complete_earnings_pipeline.py', '--cfg-path', '/tmp/tmpcw2745d4']
[2025-10-10T18:28:55.855+0000] {standard_task_runner.py:88} INFO - Job 107: Subtask download_earnings_reports
[2025-10-10T18:28:55.894+0000] {task_command.py:423} INFO - Running <TaskInstance: complete_earnings_pipeline.download_earnings_reports manual__2025-10-10T18:23:04.685545+00:00 [running]> on host 15936f0ecaae
[2025-10-10T18:28:55.976+0000] {taskinstance.py:2481} INFO - Exporting env vars: AIRFLOW_CTX_DAG_OWNER='lantern-team' AIRFLOW_CTX_DAG_ID='complete_earnings_pipeline' AIRFLOW_CTX_TASK_ID='download_earnings_reports' AIRFLOW_CTX_EXECUTION_DATE='2025-10-10T18:23:04.685545+00:00' AIRFLOW_CTX_TRY_NUMBER='2' AIRFLOW_CTX_DAG_RUN_ID='manual__2025-10-10T18:23:04.685545+00:00'
[2025-10-10T18:28:55.977+0000] {subprocess.py:63} INFO - Tmp dir root location: /tmp
[2025-10-10T18:28:55.982+0000] {subprocess.py:75} INFO - Running command: ['/usr/bin/bash', '-c', '\n    set -e\n    export CHROME_BIN=/usr/bin/chromium\n    export CHROMEDRIVER_PATH=/usr/bin/chromedriver\n    cd /opt/***/dags/lantern-dow30 &&     python3 main.py --mode multi --workers 8 &&     echo "‚úÖ Download complete - ALL 30 DOW companies with 8 workers!" &&     ls -la dow30_pipeline_reports_2025/\n    ']
[2025-10-10T18:28:55.993+0000] {subprocess.py:86} INFO - Output:
[2025-10-10T18:28:56.211+0000] {subprocess.py:93} INFO - INFO:enhanced_runner:üöÄ Running MULTITHREADED pipeline with 8 workers...
[2025-10-10T18:28:56.212+0000] {subprocess.py:93} INFO - INFO:downloader:Initialized downloader with output directory: dow30_pipeline_reports_2025
[2025-10-10T18:28:56.212+0000] {subprocess.py:93} INFO - INFO:enhanced_runner:Initialized MultithreadedDow30Pipeline with 8 workers
[2025-10-10T18:28:56.212+0000] {subprocess.py:93} INFO - INFO:enhanced_runner:Starting multithreaded pipeline for 30 companies with 8 workers
[2025-10-10T18:28:56.213+0000] {subprocess.py:93} INFO - INFO:enhanced_runner:[AAPL] Starting processing...
[2025-10-10T18:28:56.213+0000] {subprocess.py:93} INFO - INFO:enhanced_runner:[AMGN] Starting processing...
[2025-10-10T18:28:56.213+0000] {subprocess.py:93} INFO - INFO:enhanced_runner:[AMZN] Starting processing...
[2025-10-10T18:28:56.213+0000] {subprocess.py:93} INFO - INFO:enhanced_runner:[AXP] Starting processing...
[2025-10-10T18:28:56.213+0000] {subprocess.py:93} INFO - INFO:enhanced_runner:[BA] Starting processing...
[2025-10-10T18:28:56.213+0000] {subprocess.py:93} INFO - WARNING:enhanced_runner:[ThreadPoolExecutor-0_1] System Chrome failed: Message: Unable to obtain driver for chrome; For documentation on this error, please visit: https://www.selenium.dev/documentation/webdriver/troubleshooting/errors/driver_location
[2025-10-10T18:28:56.214+0000] {subprocess.py:93} INFO - 
[2025-10-10T18:28:56.214+0000] {subprocess.py:93} INFO - INFO:WDM:====== WebDriver manager ======
[2025-10-10T18:28:56.214+0000] {subprocess.py:93} INFO - WARNING:enhanced_runner:[ThreadPoolExecutor-0_4] System Chrome failed: Message: Unable to obtain driver for chrome; For documentation on this error, please visit: https://www.selenium.dev/documentation/webdriver/troubleshooting/errors/driver_location
[2025-10-10T18:28:56.214+0000] {subprocess.py:93} INFO - 
[2025-10-10T18:28:56.214+0000] {subprocess.py:93} INFO - INFO:WDM:====== WebDriver manager ======
[2025-10-10T18:28:56.214+0000] {subprocess.py:93} INFO - INFO:enhanced_runner:[CAT] Starting processing...
[2025-10-10T18:28:56.214+0000] {subprocess.py:93} INFO - WARNING:enhanced_runner:[ThreadPoolExecutor-0_2] System Chrome failed: Message: Unable to obtain driver for chrome; For documentation on this error, please visit: https://www.selenium.dev/documentation/webdriver/troubleshooting/errors/driver_location
[2025-10-10T18:28:56.214+0000] {subprocess.py:93} INFO - 
[2025-10-10T18:28:56.214+0000] {subprocess.py:93} INFO - INFO:WDM:====== WebDriver manager ======
[2025-10-10T18:28:56.215+0000] {subprocess.py:93} INFO - INFO:enhanced_runner:[CRM] Starting processing...
[2025-10-10T18:28:56.215+0000] {subprocess.py:93} INFO - WARNING:enhanced_runner:[ThreadPoolExecutor-0_6] System Chrome failed: Message: Unable to obtain driver for chrome; For documentation on this error, please visit: https://www.selenium.dev/documentation/webdriver/troubleshooting/errors/driver_location
[2025-10-10T18:28:56.215+0000] {subprocess.py:93} INFO - 
[2025-10-10T18:28:56.215+0000] {subprocess.py:93} INFO - INFO:WDM:====== WebDriver manager ======
[2025-10-10T18:28:56.220+0000] {subprocess.py:93} INFO - WARNING:enhanced_runner:[ThreadPoolExecutor-0_3] System Chrome failed: Message: Unable to obtain driver for chrome; For documentation on this error, please visit: https://www.selenium.dev/documentation/webdriver/troubleshooting/errors/driver_location
[2025-10-10T18:28:56.220+0000] {subprocess.py:93} INFO - 
[2025-10-10T18:28:56.220+0000] {subprocess.py:93} INFO - INFO:WDM:====== WebDriver manager ======
[2025-10-10T18:28:56.226+0000] {subprocess.py:93} INFO - WARNING:enhanced_runner:[ThreadPoolExecutor-0_5] System Chrome failed: Message: Unable to obtain driver for chrome; For documentation on this error, please visit: https://www.selenium.dev/documentation/webdriver/troubleshooting/errors/driver_location
[2025-10-10T18:28:56.226+0000] {subprocess.py:93} INFO - 
[2025-10-10T18:28:56.227+0000] {subprocess.py:93} INFO - INFO:WDM:====== WebDriver manager ======
[2025-10-10T18:28:56.232+0000] {subprocess.py:93} INFO - INFO:enhanced_runner:[CSCO] Starting processing...
[2025-10-10T18:28:56.233+0000] {subprocess.py:93} INFO - WARNING:enhanced_runner:[ThreadPoolExecutor-0_0] System Chrome failed: Message: Unable to obtain driver for chrome; For documentation on this error, please visit: https://www.selenium.dev/documentation/webdriver/troubleshooting/errors/driver_location
[2025-10-10T18:28:56.233+0000] {subprocess.py:93} INFO - 
[2025-10-10T18:28:56.233+0000] {subprocess.py:93} INFO - INFO:WDM:====== WebDriver manager ======
[2025-10-10T18:28:56.244+0000] {subprocess.py:93} INFO - WARNING:enhanced_runner:[ThreadPoolExecutor-0_7] System Chrome failed: Message: Unable to obtain driver for chrome; For documentation on this error, please visit: https://www.selenium.dev/documentation/webdriver/troubleshooting/errors/driver_location
[2025-10-10T18:28:56.244+0000] {subprocess.py:93} INFO - 
[2025-10-10T18:28:56.244+0000] {subprocess.py:93} INFO - INFO:WDM:====== WebDriver manager ======
[2025-10-10T18:28:56.336+0000] {subprocess.py:93} INFO - INFO:WDM:Get LATEST chromedriver version for google-chrome
[2025-10-10T18:28:56.347+0000] {subprocess.py:93} INFO - INFO:WDM:Get LATEST chromedriver version for google-chrome
[2025-10-10T18:28:56.348+0000] {subprocess.py:93} INFO - INFO:WDM:Get LATEST chromedriver version for google-chrome
[2025-10-10T18:28:56.350+0000] {subprocess.py:93} INFO - INFO:WDM:Get LATEST chromedriver version for google-chrome
[2025-10-10T18:28:56.350+0000] {subprocess.py:93} INFO - INFO:WDM:Get LATEST chromedriver version for google-chrome
[2025-10-10T18:28:56.352+0000] {subprocess.py:93} INFO - INFO:WDM:Get LATEST chromedriver version for google-chrome
[2025-10-10T18:28:56.354+0000] {subprocess.py:93} INFO - INFO:WDM:Get LATEST chromedriver version for google-chrome
[2025-10-10T18:28:56.363+0000] {subprocess.py:93} INFO - INFO:WDM:Get LATEST chromedriver version for google-chrome
[2025-10-10T18:28:57.809+0000] {subprocess.py:93} INFO - INFO:WDM:About to download new driver from https://chromedriver.storage.googleapis.com/114.0.5735.90/chromedriver_linux64.zip
[2025-10-10T18:28:57.815+0000] {subprocess.py:93} INFO - INFO:WDM:About to download new driver from https://chromedriver.storage.googleapis.com/114.0.5735.90/chromedriver_linux64.zip
[2025-10-10T18:28:57.818+0000] {subprocess.py:93} INFO - INFO:WDM:About to download new driver from https://chromedriver.storage.googleapis.com/114.0.5735.90/chromedriver_linux64.zip
[2025-10-10T18:28:57.818+0000] {subprocess.py:93} INFO - INFO:WDM:About to download new driver from https://chromedriver.storage.googleapis.com/114.0.5735.90/chromedriver_linux64.zip
[2025-10-10T18:28:57.826+0000] {subprocess.py:93} INFO - INFO:WDM:About to download new driver from https://chromedriver.storage.googleapis.com/114.0.5735.90/chromedriver_linux64.zip
[2025-10-10T18:28:57.827+0000] {subprocess.py:93} INFO - INFO:WDM:About to download new driver from https://chromedriver.storage.googleapis.com/114.0.5735.90/chromedriver_linux64.zip
[2025-10-10T18:28:57.834+0000] {subprocess.py:93} INFO - INFO:WDM:About to download new driver from https://chromedriver.storage.googleapis.com/114.0.5735.90/chromedriver_linux64.zip
[2025-10-10T18:28:57.840+0000] {subprocess.py:93} INFO - INFO:WDM:About to download new driver from https://chromedriver.storage.googleapis.com/114.0.5735.90/chromedriver_linux64.zip
[2025-10-10T18:28:58.111+0000] {subprocess.py:93} INFO - INFO:WDM:Driver downloading response is 200
[2025-10-10T18:28:58.113+0000] {subprocess.py:93} INFO - INFO:WDM:Driver downloading response is 200
[2025-10-10T18:28:58.122+0000] {subprocess.py:93} INFO - INFO:WDM:Driver downloading response is 200
[2025-10-10T18:28:58.123+0000] {subprocess.py:93} INFO - INFO:WDM:Driver downloading response is 200
[2025-10-10T18:28:58.125+0000] {subprocess.py:93} INFO - INFO:WDM:Driver downloading response is 200
[2025-10-10T18:28:58.125+0000] {subprocess.py:93} INFO - INFO:WDM:Driver downloading response is 200
[2025-10-10T18:28:58.129+0000] {subprocess.py:93} INFO - INFO:WDM:Driver downloading response is 200
[2025-10-10T18:28:58.190+0000] {subprocess.py:93} INFO - INFO:WDM:Driver downloading response is 200
[2025-10-10T18:29:01.513+0000] {subprocess.py:93} INFO - INFO:WDM:Get LATEST chromedriver version for google-chrome
[2025-10-10T18:29:02.084+0000] {subprocess.py:93} INFO - INFO:WDM:Get LATEST chromedriver version for google-chrome
[2025-10-10T18:29:02.109+0000] {subprocess.py:93} INFO - INFO:WDM:Get LATEST chromedriver version for google-chrome
[2025-10-10T18:29:02.162+0000] {subprocess.py:93} INFO - INFO:WDM:Get LATEST chromedriver version for google-chrome
[2025-10-10T18:29:02.292+0000] {subprocess.py:93} INFO - WARNING:enhanced_runner:[ThreadPoolExecutor-0_2] ChromeDriverManager failed: tuple index out of range
[2025-10-10T18:29:02.303+0000] {subprocess.py:93} INFO - ERROR:enhanced_runner:‚ùå [ThreadPoolExecutor-0_2] Failed to setup WebDriver: All Chrome initialization methods failed
[2025-10-10T18:29:02.303+0000] {subprocess.py:93} INFO - ERROR:enhanced_runner:[AMZN] Failed to setup driver
[2025-10-10T18:29:02.303+0000] {subprocess.py:93} INFO - INFO:enhanced_runner:[CVX] Starting processing...
[2025-10-10T18:29:02.311+0000] {subprocess.py:93} INFO - INFO:WDM:Get LATEST chromedriver version for google-chrome
[2025-10-10T18:29:02.316+0000] {subprocess.py:93} INFO - WARNING:enhanced_runner:[ThreadPoolExecutor-0_2] System Chrome failed: Message: Unable to obtain driver for chrome; For documentation on this error, please visit: https://www.selenium.dev/documentation/webdriver/troubleshooting/errors/driver_location
[2025-10-10T18:29:02.317+0000] {subprocess.py:93} INFO - 
[2025-10-10T18:29:02.317+0000] {subprocess.py:93} INFO - INFO:WDM:====== WebDriver manager ======
[2025-10-10T18:29:02.374+0000] {subprocess.py:93} INFO - INFO:WDM:Get LATEST chromedriver version for google-chrome
[2025-10-10T18:29:02.505+0000] {subprocess.py:93} INFO - WARNING:enhanced_runner:[ThreadPoolExecutor-0_0] ChromeDriverManager failed: tuple index out of range
[2025-10-10T18:29:02.507+0000] {subprocess.py:93} INFO - WARNING:enhanced_runner:[ThreadPoolExecutor-0_3] ChromeDriverManager failed: tuple index out of range
[2025-10-10T18:29:02.507+0000] {subprocess.py:93} INFO - WARNING:enhanced_runner:[ThreadPoolExecutor-0_7] ChromeDriverManager failed: tuple index out of range
[2025-10-10T18:29:02.514+0000] {subprocess.py:93} INFO - ERROR:enhanced_runner:‚ùå [ThreadPoolExecutor-0_0] Failed to setup WebDriver: All Chrome initialization methods failed
[2025-10-10T18:29:02.517+0000] {subprocess.py:93} INFO - ERROR:enhanced_runner:[AAPL] Failed to setup driver
[2025-10-10T18:29:02.518+0000] {subprocess.py:93} INFO - INFO:enhanced_runner:[DIS] Starting processing...
[2025-10-10T18:29:02.518+0000] {subprocess.py:93} INFO - ERROR:enhanced_runner:‚ùå [ThreadPoolExecutor-0_7] Failed to setup WebDriver: All Chrome initialization methods failed
[2025-10-10T18:29:02.518+0000] {subprocess.py:93} INFO - ERROR:enhanced_runner:[CSCO] Failed to setup driver
[2025-10-10T18:29:02.518+0000] {subprocess.py:93} INFO - INFO:enhanced_runner:[SHW] Starting processing...
[2025-10-10T18:29:02.518+0000] {subprocess.py:93} INFO - WARNING:enhanced_runner:[ThreadPoolExecutor-0_0] System Chrome failed: Message: Unable to obtain driver for chrome; For documentation on this error, please visit: https://www.selenium.dev/documentation/webdriver/troubleshooting/errors/driver_location
[2025-10-10T18:29:02.519+0000] {subprocess.py:93} INFO - 
[2025-10-10T18:29:02.519+0000] {subprocess.py:93} INFO - INFO:WDM:====== WebDriver manager ======
[2025-10-10T18:29:02.520+0000] {subprocess.py:93} INFO - ERROR:enhanced_runner:‚ùå [ThreadPoolExecutor-0_3] Failed to setup WebDriver: All Chrome initialization methods failed
[2025-10-10T18:29:02.520+0000] {subprocess.py:93} INFO - ERROR:enhanced_runner:[AXP] Failed to setup driver
[2025-10-10T18:29:02.520+0000] {subprocess.py:93} INFO - INFO:enhanced_runner:[GS] Starting processing...
[2025-10-10T18:29:02.520+0000] {subprocess.py:93} INFO - WARNING:enhanced_runner:[ThreadPoolExecutor-0_7] System Chrome failed: Message: Unable to obtain driver for chrome; For documentation on this error, please visit: https://www.selenium.dev/documentation/webdriver/troubleshooting/errors/driver_location
[2025-10-10T18:29:02.521+0000] {subprocess.py:93} INFO - 
[2025-10-10T18:29:02.521+0000] {subprocess.py:93} INFO - INFO:WDM:====== WebDriver manager ======
[2025-10-10T18:29:02.531+0000] {subprocess.py:93} INFO - WARNING:enhanced_runner:[ThreadPoolExecutor-0_3] System Chrome failed: Message: Unable to obtain driver for chrome; For documentation on this error, please visit: https://www.selenium.dev/documentation/webdriver/troubleshooting/errors/driver_location
[2025-10-10T18:29:02.531+0000] {subprocess.py:93} INFO - 
[2025-10-10T18:29:02.531+0000] {subprocess.py:93} INFO - INFO:WDM:====== WebDriver manager ======
[2025-10-10T18:29:02.547+0000] {subprocess.py:93} INFO - INFO:WDM:About to download new driver from https://chromedriver.storage.googleapis.com/114.0.5735.90/chromedriver_linux64.zip
[2025-10-10T18:29:02.629+0000] {subprocess.py:93} INFO - INFO:WDM:Get LATEST chromedriver version for google-chrome
[2025-10-10T18:29:02.646+0000] {subprocess.py:93} INFO - INFO:WDM:Get LATEST chromedriver version for google-chrome
[2025-10-10T18:29:02.659+0000] {subprocess.py:93} INFO - INFO:WDM:Get LATEST chromedriver version for google-chrome
[2025-10-10T18:29:02.663+0000] {subprocess.py:93} INFO - INFO:WDM:Get LATEST chromedriver version for google-chrome
[2025-10-10T18:29:02.700+0000] {subprocess.py:93} INFO - INFO:WDM:Driver downloading response is 200
[2025-10-10T18:29:02.732+0000] {subprocess.py:93} INFO - INFO:WDM:Get LATEST chromedriver version for google-chrome
[2025-10-10T18:29:02.747+0000] {subprocess.py:93} INFO - INFO:WDM:About to download new driver from https://chromedriver.storage.googleapis.com/114.0.5735.90/chromedriver_linux64.zip
[2025-10-10T18:29:02.781+0000] {subprocess.py:93} INFO - INFO:WDM:About to download new driver from https://chromedriver.storage.googleapis.com/114.0.5735.90/chromedriver_linux64.zip
[2025-10-10T18:29:02.817+0000] {subprocess.py:93} INFO - INFO:WDM:About to download new driver from https://chromedriver.storage.googleapis.com/114.0.5735.90/chromedriver_linux64.zip
[2025-10-10T18:29:02.876+0000] {subprocess.py:93} INFO - INFO:WDM:Get LATEST chromedriver version for google-chrome
[2025-10-10T18:29:03.027+0000] {subprocess.py:93} INFO - INFO:WDM:Get LATEST chromedriver version for google-chrome
[2025-10-10T18:29:03.030+0000] {subprocess.py:93} INFO - INFO:WDM:Driver downloading response is 200
[2025-10-10T18:29:03.034+0000] {subprocess.py:93} INFO - INFO:WDM:Get LATEST chromedriver version for google-chrome
[2025-10-10T18:29:03.097+0000] {subprocess.py:93} INFO - INFO:WDM:Driver downloading response is 200
[2025-10-10T18:29:03.127+0000] {subprocess.py:93} INFO - INFO:WDM:Driver has been saved in cache [/home/***/.wdm/drivers/chromedriver/linux64/114.0.5735.90]
[2025-10-10T18:29:03.214+0000] {subprocess.py:93} INFO - WARNING:enhanced_runner:[ThreadPoolExecutor-0_1] ChromeDriverManager failed: Message: Service /home/***/.wdm/drivers/chromedriver/linux64/114.0.5735.90/chromedriver unexpectedly exited. Status code was: -5
[2025-10-10T18:29:03.215+0000] {subprocess.py:93} INFO - 
[2025-10-10T18:29:03.215+0000] {subprocess.py:93} INFO - ERROR:enhanced_runner:‚ùå [ThreadPoolExecutor-0_1] Failed to setup WebDriver: All Chrome initialization methods failed
[2025-10-10T18:29:03.215+0000] {subprocess.py:93} INFO - ERROR:enhanced_runner:[AMGN] Failed to setup driver
[2025-10-10T18:29:03.215+0000] {subprocess.py:93} INFO - INFO:enhanced_runner:[HD] Starting processing...
[2025-10-10T18:29:03.215+0000] {subprocess.py:93} INFO - WARNING:enhanced_runner:[ThreadPoolExecutor-0_1] System Chrome failed: Message: Unable to obtain driver for chrome; For documentation on this error, please visit: https://www.selenium.dev/documentation/webdriver/troubleshooting/errors/driver_location
[2025-10-10T18:29:03.216+0000] {subprocess.py:93} INFO - 
[2025-10-10T18:29:03.216+0000] {subprocess.py:93} INFO - INFO:WDM:====== WebDriver manager ======
[2025-10-10T18:29:03.243+0000] {subprocess.py:93} INFO - INFO:WDM:Get LATEST chromedriver version for google-chrome
[2025-10-10T18:29:03.270+0000] {subprocess.py:93} INFO - INFO:WDM:Driver downloading response is 200
[2025-10-10T18:29:03.290+0000] {subprocess.py:93} INFO - INFO:WDM:Driver has been saved in cache [/home/***/.wdm/drivers/chromedriver/linux64/114.0.5735.90]
[2025-10-10T18:29:03.291+0000] {subprocess.py:93} INFO - INFO:WDM:Driver has been saved in cache [/home/***/.wdm/drivers/chromedriver/linux64/114.0.5735.90]
[2025-10-10T18:29:03.296+0000] {subprocess.py:93} INFO - WARNING:enhanced_runner:[ThreadPoolExecutor-0_6] ChromeDriverManager failed: Message: Service /home/***/.wdm/drivers/chromedriver/linux64/114.0.5735.90/chromedriver unexpectedly exited. Status code was: -5
[2025-10-10T18:29:03.296+0000] {subprocess.py:93} INFO - 
[2025-10-10T18:29:03.296+0000] {subprocess.py:93} INFO - ERROR:enhanced_runner:‚ùå [ThreadPoolExecutor-0_6] Failed to setup WebDriver: All Chrome initialization methods failed
[2025-10-10T18:29:03.297+0000] {subprocess.py:93} INFO - ERROR:enhanced_runner:[CRM] Failed to setup driver
[2025-10-10T18:29:03.297+0000] {subprocess.py:93} INFO - INFO:enhanced_runner:[HON] Starting processing...
[2025-10-10T18:29:03.297+0000] {subprocess.py:93} INFO - WARNING:enhanced_runner:[ThreadPoolExecutor-0_4] ChromeDriverManager failed: Message: Service /home/***/.wdm/drivers/chromedriver/linux64/114.0.5735.90/chromedriver unexpectedly exited. Status code was: -5
[2025-10-10T18:29:03.297+0000] {subprocess.py:93} INFO - 
[2025-10-10T18:29:03.297+0000] {subprocess.py:93} INFO - ERROR:enhanced_runner:‚ùå [ThreadPoolExecutor-0_4] Failed to setup WebDriver: All Chrome initialization methods failed
[2025-10-10T18:29:03.297+0000] {subprocess.py:93} INFO - ERROR:enhanced_runner:[BA] Failed to setup driver
[2025-10-10T18:29:03.297+0000] {subprocess.py:93} INFO - INFO:enhanced_runner:[IBM] Starting processing...
[2025-10-10T18:29:03.298+0000] {subprocess.py:93} INFO - WARNING:enhanced_runner:[ThreadPoolExecutor-0_6] System Chrome failed: Message: Unable to obtain driver for chrome; For documentation on this error, please visit: https://www.selenium.dev/documentation/webdriver/troubleshooting/errors/driver_location
[2025-10-10T18:29:03.298+0000] {subprocess.py:93} INFO - 
[2025-10-10T18:29:03.298+0000] {subprocess.py:93} INFO - INFO:WDM:====== WebDriver manager ======
[2025-10-10T18:29:03.299+0000] {subprocess.py:93} INFO - WARNING:enhanced_runner:[ThreadPoolExecutor-0_4] System Chrome failed: Message: Unable to obtain driver for chrome; For documentation on this error, please visit: https://www.selenium.dev/documentation/webdriver/troubleshooting/errors/driver_location
[2025-10-10T18:29:03.300+0000] {subprocess.py:93} INFO - 
[2025-10-10T18:29:03.301+0000] {subprocess.py:93} INFO - INFO:WDM:====== WebDriver manager ======
[2025-10-10T18:29:03.337+0000] {subprocess.py:93} INFO - INFO:WDM:Get LATEST chromedriver version for google-chrome
[2025-10-10T18:29:03.356+0000] {subprocess.py:93} INFO - INFO:WDM:Get LATEST chromedriver version for google-chrome
[2025-10-10T18:29:03.368+0000] {subprocess.py:93} INFO - INFO:WDM:Get LATEST chromedriver version for google-chrome
[2025-10-10T18:29:03.390+0000] {subprocess.py:93} INFO - INFO:WDM:About to download new driver from https://chromedriver.storage.googleapis.com/114.0.5735.90/chromedriver_linux64.zip
[2025-10-10T18:29:03.501+0000] {subprocess.py:93} INFO - INFO:WDM:About to download new driver from https://chromedriver.storage.googleapis.com/114.0.5735.90/chromedriver_linux64.zip
[2025-10-10T18:29:03.539+0000] {subprocess.py:93} INFO - INFO:WDM:About to download new driver from https://chromedriver.storage.googleapis.com/114.0.5735.90/chromedriver_linux64.zip
[2025-10-10T18:29:03.545+0000] {subprocess.py:93} INFO - INFO:WDM:Driver downloading response is 200
[2025-10-10T18:29:03.659+0000] {subprocess.py:93} INFO - INFO:WDM:Get LATEST chromedriver version for google-chrome
[2025-10-10T18:29:03.667+0000] {subprocess.py:93} INFO - INFO:WDM:Driver downloading response is 200
[2025-10-10T18:29:03.727+0000] {subprocess.py:93} INFO - INFO:WDM:Driver downloading response is 200
[2025-10-10T18:29:03.865+0000] {subprocess.py:93} INFO - INFO:WDM:Get LATEST chromedriver version for google-chrome
[2025-10-10T18:29:03.874+0000] {subprocess.py:93} INFO - INFO:WDM:Driver has been saved in cache [/home/***/.wdm/drivers/chromedriver/linux64/114.0.5735.90]
[2025-10-10T18:29:03.892+0000] {subprocess.py:93} INFO - WARNING:enhanced_runner:[ThreadPoolExecutor-0_2] ChromeDriverManager failed: Message: Service /home/***/.wdm/drivers/chromedriver/linux64/114.0.5735.90/chromedriver unexpectedly exited. Status code was: -5
[2025-10-10T18:29:03.894+0000] {subprocess.py:93} INFO - 
[2025-10-10T18:29:03.895+0000] {subprocess.py:93} INFO - ERROR:enhanced_runner:‚ùå [ThreadPoolExecutor-0_2] Failed to setup WebDriver: All Chrome initialization methods failed
[2025-10-10T18:29:03.895+0000] {subprocess.py:93} INFO - ERROR:enhanced_runner:[CVX] Failed to setup driver
[2025-10-10T18:29:03.895+0000] {subprocess.py:93} INFO - INFO:enhanced_runner:[INTC] Starting processing...
[2025-10-10T18:29:03.896+0000] {subprocess.py:93} INFO - WARNING:enhanced_runner:[ThreadPoolExecutor-0_2] System Chrome failed: Message: Unable to obtain driver for chrome; For documentation on this error, please visit: https://www.selenium.dev/documentation/webdriver/troubleshooting/errors/driver_location
[2025-10-10T18:29:03.897+0000] {subprocess.py:93} INFO - 
[2025-10-10T18:29:03.907+0000] {subprocess.py:93} INFO - INFO:WDM:====== WebDriver manager ======
[2025-10-10T18:29:03.981+0000] {subprocess.py:93} INFO - INFO:WDM:Get LATEST chromedriver version for google-chrome
[2025-10-10T18:29:04.188+0000] {subprocess.py:93} INFO - INFO:WDM:About to download new driver from https://chromedriver.storage.googleapis.com/114.0.5735.90/chromedriver_linux64.zip
[2025-10-10T18:29:04.315+0000] {subprocess.py:93} INFO - INFO:WDM:Driver downloading response is 200
[2025-10-10T18:29:04.469+0000] {subprocess.py:93} INFO - INFO:WDM:Get LATEST chromedriver version for google-chrome
[2025-10-10T18:29:04.568+0000] {subprocess.py:93} INFO - INFO:WDM:Get LATEST chromedriver version for google-chrome
[2025-10-10T18:29:04.755+0000] {subprocess.py:93} INFO - INFO:WDM:Get LATEST chromedriver version for google-chrome
[2025-10-10T18:29:04.916+0000] {subprocess.py:93} INFO - INFO:WDM:Driver has been saved in cache [/home/***/.wdm/drivers/chromedriver/linux64/114.0.5735.90]
[2025-10-10T18:29:04.934+0000] {subprocess.py:93} INFO - WARNING:enhanced_runner:[ThreadPoolExecutor-0_5] ChromeDriverManager failed: Message: Service /home/***/.wdm/drivers/chromedriver/linux64/114.0.5735.90/chromedriver unexpectedly exited. Status code was: -5
[2025-10-10T18:29:04.935+0000] {subprocess.py:93} INFO - 
[2025-10-10T18:29:04.935+0000] {subprocess.py:93} INFO - ERROR:enhanced_runner:‚ùå [ThreadPoolExecutor-0_5] Failed to setup WebDriver: All Chrome initialization methods failed
[2025-10-10T18:29:04.935+0000] {subprocess.py:93} INFO - ERROR:enhanced_runner:[CAT] Failed to setup driver
[2025-10-10T18:29:04.935+0000] {subprocess.py:93} INFO - INFO:enhanced_runner:[JNJ] Starting processing...
[2025-10-10T18:29:04.935+0000] {subprocess.py:93} INFO - WARNING:enhanced_runner:[ThreadPoolExecutor-0_5] System Chrome failed: Message: Unable to obtain driver for chrome; For documentation on this error, please visit: https://www.selenium.dev/documentation/webdriver/troubleshooting/errors/driver_location
[2025-10-10T18:29:04.935+0000] {subprocess.py:93} INFO - 
[2025-10-10T18:29:04.936+0000] {subprocess.py:93} INFO - INFO:WDM:====== WebDriver manager ======
[2025-10-10T18:29:04.976+0000] {subprocess.py:93} INFO - INFO:WDM:Driver has been saved in cache [/home/***/.wdm/drivers/chromedriver/linux64/114.0.5735.90]
[2025-10-10T18:29:04.983+0000] {subprocess.py:93} INFO - INFO:WDM:Get LATEST chromedriver version for google-chrome
[2025-10-10T18:29:04.995+0000] {subprocess.py:93} INFO - WARNING:enhanced_runner:[ThreadPoolExecutor-0_7] ChromeDriverManager failed: Message: Service /home/***/.wdm/drivers/chromedriver/linux64/114.0.5735.90/chromedriver unexpectedly exited. Status code was: -5
[2025-10-10T18:29:04.995+0000] {subprocess.py:93} INFO - 
[2025-10-10T18:29:04.995+0000] {subprocess.py:93} INFO - ERROR:enhanced_runner:‚ùå [ThreadPoolExecutor-0_7] Failed to setup WebDriver: All Chrome initialization methods failed
[2025-10-10T18:29:04.996+0000] {subprocess.py:93} INFO - ERROR:enhanced_runner:[SHW] Failed to setup driver
[2025-10-10T18:29:04.996+0000] {subprocess.py:93} INFO - INFO:enhanced_runner:[JPM] Starting processing...
[2025-10-10T18:29:04.996+0000] {subprocess.py:93} INFO - WARNING:enhanced_runner:[ThreadPoolExecutor-0_7] System Chrome failed: Message: Unable to obtain driver for chrome; For documentation on this error, please visit: https://www.selenium.dev/documentation/webdriver/troubleshooting/errors/driver_location
[2025-10-10T18:29:04.996+0000] {subprocess.py:93} INFO - 
[2025-10-10T18:29:04.996+0000] {subprocess.py:93} INFO - INFO:WDM:====== WebDriver manager ======
[2025-10-10T18:29:05.017+0000] {subprocess.py:93} INFO - INFO:WDM:Get LATEST chromedriver version for google-chrome
[2025-10-10T18:29:05.139+0000] {subprocess.py:93} INFO - INFO:WDM:About to download new driver from https://chromedriver.storage.googleapis.com/114.0.5735.90/chromedriver_linux64.zip
[2025-10-10T18:29:05.211+0000] {subprocess.py:93} INFO - INFO:WDM:About to download new driver from https://chromedriver.storage.googleapis.com/114.0.5735.90/chromedriver_linux64.zip
[2025-10-10T18:29:05.282+0000] {subprocess.py:93} INFO - INFO:WDM:Get LATEST chromedriver version for google-chrome
[2025-10-10T18:29:05.306+0000] {subprocess.py:93} INFO - INFO:WDM:Driver downloading response is 200
[2025-10-10T18:29:05.380+0000] {subprocess.py:93} INFO - INFO:WDM:Driver downloading response is 200
[2025-10-10T18:29:05.461+0000] {subprocess.py:93} INFO - INFO:WDM:Get LATEST chromedriver version for google-chrome
[2025-10-10T18:29:05.462+0000] {subprocess.py:93} INFO - INFO:WDM:Get LATEST chromedriver version for google-chrome
[2025-10-10T18:29:05.560+0000] {subprocess.py:93} INFO - INFO:WDM:Get LATEST chromedriver version for google-chrome
[2025-10-10T18:29:05.794+0000] {subprocess.py:93} INFO - INFO:WDM:Get LATEST chromedriver version for google-chrome
[2025-10-10T18:29:05.798+0000] {subprocess.py:93} INFO - INFO:WDM:Get LATEST chromedriver version for google-chrome
[2025-10-10T18:29:05.814+0000] {subprocess.py:93} INFO - INFO:WDM:Driver has been saved in cache [/home/***/.wdm/drivers/chromedriver/linux64/114.0.5735.90]
[2025-10-10T18:29:05.832+0000] {subprocess.py:93} INFO - WARNING:enhanced_runner:[ThreadPoolExecutor-0_0] ChromeDriverManager failed: Message: Service /home/***/.wdm/drivers/chromedriver/linux64/114.0.5735.90/chromedriver unexpectedly exited. Status code was: -5
[2025-10-10T18:29:05.832+0000] {subprocess.py:93} INFO - 
[2025-10-10T18:29:05.832+0000] {subprocess.py:93} INFO - ERROR:enhanced_runner:‚ùå [ThreadPoolExecutor-0_0] Failed to setup WebDriver: All Chrome initialization methods failed
[2025-10-10T18:29:05.833+0000] {subprocess.py:93} INFO - ERROR:enhanced_runner:[DIS] Failed to setup driver
[2025-10-10T18:29:05.833+0000] {subprocess.py:93} INFO - INFO:enhanced_runner:[KO] Starting processing...
[2025-10-10T18:29:05.833+0000] {subprocess.py:93} INFO - WARNING:enhanced_runner:[ThreadPoolExecutor-0_0] System Chrome failed: Message: Unable to obtain driver for chrome; For documentation on this error, please visit: https://www.selenium.dev/documentation/webdriver/troubleshooting/errors/driver_location
[2025-10-10T18:29:05.833+0000] {subprocess.py:93} INFO - 
[2025-10-10T18:29:05.834+0000] {subprocess.py:93} INFO - INFO:WDM:====== WebDriver manager ======
[2025-10-10T18:29:05.888+0000] {subprocess.py:93} INFO - INFO:WDM:Get LATEST chromedriver version for google-chrome
[2025-10-10T18:29:06.005+0000] {subprocess.py:93} INFO - INFO:WDM:About to download new driver from https://chromedriver.storage.googleapis.com/114.0.5735.90/chromedriver_linux64.zip
[2025-10-10T18:29:06.165+0000] {subprocess.py:93} INFO - INFO:WDM:Driver downloading response is 200
[2025-10-10T18:29:06.459+0000] {subprocess.py:93} INFO - INFO:WDM:Get LATEST chromedriver version for google-chrome
[2025-10-10T18:29:06.656+0000] {subprocess.py:93} INFO - INFO:WDM:Get LATEST chromedriver version for google-chrome
[2025-10-10T18:29:06.866+0000] {subprocess.py:93} INFO - INFO:WDM:Get LATEST chromedriver version for google-chrome
[2025-10-10T18:29:06.994+0000] {subprocess.py:93} INFO - INFO:WDM:Get LATEST chromedriver version for google-chrome
[2025-10-10T18:29:07.031+0000] {subprocess.py:93} INFO - INFO:WDM:Driver has been saved in cache [/home/***/.wdm/drivers/chromedriver/linux64/114.0.5735.90]
[2025-10-10T18:29:07.045+0000] {subprocess.py:93} INFO - INFO:WDM:Driver has been saved in cache [/home/***/.wdm/drivers/chromedriver/linux64/114.0.5735.90]
[2025-10-10T18:29:07.056+0000] {subprocess.py:93} INFO - WARNING:enhanced_runner:[ThreadPoolExecutor-0_2] ChromeDriverManager failed: [Errno 26] Text file busy: '/home/***/.wdm/drivers/chromedriver/linux64/114.0.5735.90/chromedriver'
[2025-10-10T18:29:07.056+0000] {subprocess.py:93} INFO - ERROR:enhanced_runner:‚ùå [ThreadPoolExecutor-0_2] Failed to setup WebDriver: All Chrome initialization methods failed
[2025-10-10T18:29:07.057+0000] {subprocess.py:93} INFO - ERROR:enhanced_runner:[INTC] Failed to setup driver
[2025-10-10T18:29:07.057+0000] {subprocess.py:93} INFO - INFO:enhanced_runner:[MCD] Starting processing...
[2025-10-10T18:29:07.057+0000] {subprocess.py:93} INFO - WARNING:enhanced_runner:[ThreadPoolExecutor-0_3] ChromeDriverManager failed: [Errno 26] Text file busy: '/home/***/.wdm/drivers/chromedriver/linux64/114.0.5735.90/chromedriver'
[2025-10-10T18:29:07.057+0000] {subprocess.py:93} INFO - ERROR:enhanced_runner:‚ùå [ThreadPoolExecutor-0_3] Failed to setup WebDriver: All Chrome initialization methods failed
[2025-10-10T18:29:07.058+0000] {subprocess.py:93} INFO - ERROR:enhanced_runner:[GS] Failed to setup driver
[2025-10-10T18:29:07.058+0000] {subprocess.py:93} INFO - INFO:enhanced_runner:[MMM] Starting processing...
[2025-10-10T18:29:07.058+0000] {subprocess.py:93} INFO - WARNING:enhanced_runner:[ThreadPoolExecutor-0_2] System Chrome failed: Message: Unable to obtain driver for chrome; For documentation on this error, please visit: https://www.selenium.dev/documentation/webdriver/troubleshooting/errors/driver_location
[2025-10-10T18:29:07.058+0000] {subprocess.py:93} INFO - 
[2025-10-10T18:29:07.058+0000] {subprocess.py:93} INFO - INFO:WDM:====== WebDriver manager ======
[2025-10-10T18:29:07.062+0000] {subprocess.py:93} INFO - INFO:WDM:Driver has been saved in cache [/home/***/.wdm/drivers/chromedriver/linux64/114.0.5735.90]
[2025-10-10T18:29:07.065+0000] {subprocess.py:93} INFO - WARNING:enhanced_runner:[ThreadPoolExecutor-0_3] System Chrome failed: Message: Unable to obtain driver for chrome; For documentation on this error, please visit: https://www.selenium.dev/documentation/webdriver/troubleshooting/errors/driver_location
[2025-10-10T18:29:07.066+0000] {subprocess.py:93} INFO - 
[2025-10-10T18:29:07.066+0000] {subprocess.py:93} INFO - INFO:WDM:====== WebDriver manager ======
[2025-10-10T18:29:07.072+0000] {subprocess.py:93} INFO - INFO:WDM:Get LATEST chromedriver version for google-chrome
[2025-10-10T18:29:07.076+0000] {subprocess.py:93} INFO - WARNING:enhanced_runner:[ThreadPoolExecutor-0_4] ChromeDriverManager failed: [Errno 26] Text file busy: '/home/***/.wdm/drivers/chromedriver/linux64/114.0.5735.90/chromedriver'
[2025-10-10T18:29:07.083+0000] {subprocess.py:93} INFO - ERROR:enhanced_runner:‚ùå [ThreadPoolExecutor-0_4] Failed to setup WebDriver: All Chrome initialization methods failed
[2025-10-10T18:29:07.084+0000] {subprocess.py:93} INFO - ERROR:enhanced_runner:[IBM] Failed to setup driver
[2025-10-10T18:29:07.086+0000] {subprocess.py:93} INFO - INFO:enhanced_runner:[MRK] Starting processing...
[2025-10-10T18:29:07.086+0000] {subprocess.py:93} INFO - WARNING:enhanced_runner:[ThreadPoolExecutor-0_4] System Chrome failed: Message: Unable to obtain driver for chrome; For documentation on this error, please visit: https://www.selenium.dev/documentation/webdriver/troubleshooting/errors/driver_location
[2025-10-10T18:29:07.086+0000] {subprocess.py:93} INFO - 
[2025-10-10T18:29:07.086+0000] {subprocess.py:93} INFO - INFO:WDM:====== WebDriver manager ======
[2025-10-10T18:29:07.141+0000] {subprocess.py:93} INFO - INFO:WDM:Get LATEST chromedriver version for google-chrome
[2025-10-10T18:29:07.147+0000] {subprocess.py:93} INFO - INFO:WDM:Get LATEST chromedriver version for google-chrome
[2025-10-10T18:29:07.148+0000] {subprocess.py:93} INFO - INFO:WDM:Get LATEST chromedriver version for google-chrome
[2025-10-10T18:29:07.167+0000] {subprocess.py:93} INFO - INFO:WDM:Get LATEST chromedriver version for google-chrome
[2025-10-10T18:29:07.206+0000] {subprocess.py:93} INFO - WARNING:enhanced_runner:[ThreadPoolExecutor-0_0] ChromeDriverManager failed: tuple index out of range
[2025-10-10T18:29:07.207+0000] {subprocess.py:93} INFO - ERROR:enhanced_runner:‚ùå [ThreadPoolExecutor-0_0] Failed to setup WebDriver: All Chrome initialization methods failed
[2025-10-10T18:29:07.210+0000] {subprocess.py:93} INFO - ERROR:enhanced_runner:[KO] Failed to setup driver
[2025-10-10T18:29:07.210+0000] {subprocess.py:93} INFO - INFO:enhanced_runner:[MSFT] Starting processing...
[2025-10-10T18:29:07.210+0000] {subprocess.py:93} INFO - WARNING:enhanced_runner:[ThreadPoolExecutor-0_0] System Chrome failed: Message: Unable to obtain driver for chrome; For documentation on this error, please visit: https://www.selenium.dev/documentation/webdriver/troubleshooting/errors/driver_location
[2025-10-10T18:29:07.210+0000] {subprocess.py:93} INFO - 
[2025-10-10T18:29:07.210+0000] {subprocess.py:93} INFO - INFO:WDM:====== WebDriver manager ======
[2025-10-10T18:29:07.244+0000] {subprocess.py:93} INFO - INFO:WDM:Get LATEST chromedriver version for google-chrome
[2025-10-10T18:29:07.273+0000] {subprocess.py:93} INFO - INFO:WDM:About to download new driver from https://chromedriver.storage.googleapis.com/114.0.5735.90/chromedriver_linux64.zip
[2025-10-10T18:29:07.289+0000] {subprocess.py:93} INFO - INFO:WDM:About to download new driver from https://chromedriver.storage.googleapis.com/114.0.5735.90/chromedriver_linux64.zip
[2025-10-10T18:29:07.296+0000] {subprocess.py:93} INFO - INFO:WDM:About to download new driver from https://chromedriver.storage.googleapis.com/114.0.5735.90/chromedriver_linux64.zip
[2025-10-10T18:29:07.316+0000] {subprocess.py:93} INFO - INFO:WDM:Driver has been saved in cache [/home/***/.wdm/drivers/chromedriver/linux64/114.0.5735.90]
[2025-10-10T18:29:07.322+0000] {subprocess.py:93} INFO - WARNING:enhanced_runner:[ThreadPoolExecutor-0_7] ChromeDriverManager failed: [Errno 26] Text file busy: '/home/***/.wdm/drivers/chromedriver/linux64/114.0.5735.90/chromedriver'
[2025-10-10T18:29:07.323+0000] {subprocess.py:93} INFO - ERROR:enhanced_runner:‚ùå [ThreadPoolExecutor-0_7] Failed to setup WebDriver: All Chrome initialization methods failed
[2025-10-10T18:29:07.323+0000] {subprocess.py:93} INFO - ERROR:enhanced_runner:[JPM] Failed to setup driver
[2025-10-10T18:29:07.324+0000] {subprocess.py:93} INFO - INFO:enhanced_runner:[NKE] Starting processing...
[2025-10-10T18:29:07.324+0000] {subprocess.py:93} INFO - WARNING:enhanced_runner:[ThreadPoolExecutor-0_7] System Chrome failed: Message: Unable to obtain driver for chrome; For documentation on this error, please visit: https://www.selenium.dev/documentation/webdriver/troubleshooting/errors/driver_location
[2025-10-10T18:29:07.324+0000] {subprocess.py:93} INFO - 
[2025-10-10T18:29:07.324+0000] {subprocess.py:93} INFO - INFO:WDM:====== WebDriver manager ======
[2025-10-10T18:29:07.347+0000] {subprocess.py:93} INFO - INFO:WDM:About to download new driver from https://chromedriver.storage.googleapis.com/114.0.5735.90/chromedriver_linux64.zip
[2025-10-10T18:29:07.351+0000] {subprocess.py:93} INFO - INFO:WDM:Get LATEST chromedriver version for google-chrome
[2025-10-10T18:29:07.389+0000] {subprocess.py:93} INFO - INFO:WDM:Driver downloading response is 200
[2025-10-10T18:29:07.411+0000] {subprocess.py:93} INFO - INFO:WDM:Get LATEST chromedriver version for google-chrome
[2025-10-10T18:29:07.414+0000] {subprocess.py:93} INFO - INFO:WDM:Driver downloading response is 200
[2025-10-10T18:29:07.414+0000] {subprocess.py:93} INFO - INFO:WDM:Driver downloading response is 200
[2025-10-10T18:29:07.481+0000] {subprocess.py:93} INFO - INFO:WDM:About to download new driver from https://chromedriver.storage.googleapis.com/114.0.5735.90/chromedriver_linux64.zip
[2025-10-10T18:29:07.491+0000] {subprocess.py:93} INFO - INFO:WDM:Driver downloading response is 200
[2025-10-10T18:29:07.557+0000] {subprocess.py:93} INFO - INFO:WDM:Driver has been saved in cache [/home/***/.wdm/drivers/chromedriver/linux64/114.0.5735.90]
[2025-10-10T18:29:07.571+0000] {subprocess.py:93} INFO - WARNING:enhanced_runner:[ThreadPoolExecutor-0_5] ChromeDriverManager failed: Message: Service /home/***/.wdm/drivers/chromedriver/linux64/114.0.5735.90/chromedriver unexpectedly exited. Status code was: -5
[2025-10-10T18:29:07.572+0000] {subprocess.py:93} INFO - 
[2025-10-10T18:29:07.572+0000] {subprocess.py:93} INFO - ERROR:enhanced_runner:‚ùå [ThreadPoolExecutor-0_5] Failed to setup WebDriver: All Chrome initialization methods failed
[2025-10-10T18:29:07.572+0000] {subprocess.py:93} INFO - ERROR:enhanced_runner:[JNJ] Failed to setup driver
[2025-10-10T18:29:07.572+0000] {subprocess.py:93} INFO - INFO:enhanced_runner:[NVDA] Starting processing...
[2025-10-10T18:29:07.572+0000] {subprocess.py:93} INFO - WARNING:enhanced_runner:[ThreadPoolExecutor-0_5] System Chrome failed: Message: Unable to obtain driver for chrome; For documentation on this error, please visit: https://www.selenium.dev/documentation/webdriver/troubleshooting/errors/driver_location
[2025-10-10T18:29:07.573+0000] {subprocess.py:93} INFO - 
[2025-10-10T18:29:07.573+0000] {subprocess.py:93} INFO - INFO:WDM:====== WebDriver manager ======
[2025-10-10T18:29:07.591+0000] {subprocess.py:93} INFO - INFO:WDM:Get LATEST chromedriver version for google-chrome
[2025-10-10T18:29:07.614+0000] {subprocess.py:93} INFO - INFO:WDM:Get LATEST chromedriver version for google-chrome
[2025-10-10T18:29:07.654+0000] {subprocess.py:93} INFO - INFO:WDM:Driver downloading response is 200
[2025-10-10T18:29:08.017+0000] {subprocess.py:93} INFO - INFO:WDM:Get LATEST chromedriver version for google-chrome
[2025-10-10T18:29:08.193+0000] {subprocess.py:93} INFO - WARNING:enhanced_runner:[ThreadPoolExecutor-0_1] ChromeDriverManager failed: tuple index out of range
[2025-10-10T18:29:08.195+0000] {subprocess.py:93} INFO - ERROR:enhanced_runner:‚ùå [ThreadPoolExecutor-0_1] Failed to setup WebDriver: All Chrome initialization methods failed
[2025-10-10T18:29:08.196+0000] {subprocess.py:93} INFO - ERROR:enhanced_runner:[HD] Failed to setup driver
[2025-10-10T18:29:08.196+0000] {subprocess.py:93} INFO - INFO:enhanced_runner:[PG] Starting processing...
[2025-10-10T18:29:08.197+0000] {subprocess.py:93} INFO - WARNING:enhanced_runner:[ThreadPoolExecutor-0_1] System Chrome failed: Message: Unable to obtain driver for chrome; For documentation on this error, please visit: https://www.selenium.dev/documentation/webdriver/troubleshooting/errors/driver_location
[2025-10-10T18:29:08.197+0000] {subprocess.py:93} INFO - 
[2025-10-10T18:29:08.197+0000] {subprocess.py:93} INFO - INFO:WDM:====== WebDriver manager ======
[2025-10-10T18:29:08.230+0000] {subprocess.py:93} INFO - INFO:WDM:Get LATEST chromedriver version for google-chrome
[2025-10-10T18:29:08.336+0000] {subprocess.py:93} INFO - INFO:WDM:Get LATEST chromedriver version for google-chrome
[2025-10-10T18:29:08.384+0000] {subprocess.py:93} INFO - INFO:WDM:About to download new driver from https://chromedriver.storage.googleapis.com/114.0.5735.90/chromedriver_linux64.zip
[2025-10-10T18:29:08.534+0000] {subprocess.py:93} INFO - INFO:WDM:Driver has been saved in cache [/home/***/.wdm/drivers/chromedriver/linux64/114.0.5735.90]
[2025-10-10T18:29:08.550+0000] {subprocess.py:93} INFO - WARNING:enhanced_runner:[ThreadPoolExecutor-0_6] ChromeDriverManager failed: Message: Service /home/***/.wdm/drivers/chromedriver/linux64/114.0.5735.90/chromedriver unexpectedly exited. Status code was: -5
[2025-10-10T18:29:08.550+0000] {subprocess.py:93} INFO - 
[2025-10-10T18:29:08.551+0000] {subprocess.py:93} INFO - ERROR:enhanced_runner:‚ùå [ThreadPoolExecutor-0_6] Failed to setup WebDriver: All Chrome initialization methods failed
[2025-10-10T18:29:08.551+0000] {subprocess.py:93} INFO - ERROR:enhanced_runner:[HON] Failed to setup driver
[2025-10-10T18:29:08.551+0000] {subprocess.py:93} INFO - INFO:enhanced_runner:[TRV] Starting processing...
[2025-10-10T18:29:08.551+0000] {subprocess.py:93} INFO - WARNING:enhanced_runner:[ThreadPoolExecutor-0_6] System Chrome failed: Message: Unable to obtain driver for chrome; For documentation on this error, please visit: https://www.selenium.dev/documentation/webdriver/troubleshooting/errors/driver_location
[2025-10-10T18:29:08.551+0000] {subprocess.py:93} INFO - 
[2025-10-10T18:29:08.551+0000] {subprocess.py:93} INFO - INFO:WDM:====== WebDriver manager ======
[2025-10-10T18:29:08.591+0000] {subprocess.py:93} INFO - INFO:WDM:Driver downloading response is 200
[2025-10-10T18:29:08.598+0000] {subprocess.py:93} INFO - INFO:WDM:Get LATEST chromedriver version for google-chrome
[2025-10-10T18:29:08.733+0000] {subprocess.py:93} INFO - INFO:WDM:About to download new driver from https://chromedriver.storage.googleapis.com/114.0.5735.90/chromedriver_linux64.zip
[2025-10-10T18:29:08.761+0000] {subprocess.py:93} INFO - INFO:WDM:Get LATEST chromedriver version for google-chrome
[2025-10-10T18:29:08.860+0000] {subprocess.py:93} INFO - INFO:WDM:Driver downloading response is 200
[2025-10-10T18:29:09.013+0000] {subprocess.py:93} INFO - INFO:WDM:Get LATEST chromedriver version for google-chrome
[2025-10-10T18:29:09.370+0000] {subprocess.py:93} INFO - INFO:WDM:Get LATEST chromedriver version for google-chrome
[2025-10-10T18:29:09.471+0000] {subprocess.py:93} INFO - INFO:WDM:Get LATEST chromedriver version for google-chrome
[2025-10-10T18:29:09.483+0000] {subprocess.py:93} INFO - INFO:WDM:Driver has been saved in cache [/home/***/.wdm/drivers/chromedriver/linux64/114.0.5735.90]
[2025-10-10T18:29:09.502+0000] {subprocess.py:93} INFO - WARNING:enhanced_runner:[ThreadPoolExecutor-0_7] ChromeDriverManager failed: Message: Service /home/***/.wdm/drivers/chromedriver/linux64/114.0.5735.90/chromedriver unexpectedly exited. Status code was: -5
[2025-10-10T18:29:09.502+0000] {subprocess.py:93} INFO - 
[2025-10-10T18:29:09.503+0000] {subprocess.py:93} INFO - ERROR:enhanced_runner:‚ùå [ThreadPoolExecutor-0_7] Failed to setup WebDriver: All Chrome initialization methods failed
[2025-10-10T18:29:09.503+0000] {subprocess.py:93} INFO - ERROR:enhanced_runner:[NKE] Failed to setup driver
[2025-10-10T18:29:09.503+0000] {subprocess.py:93} INFO - INFO:enhanced_runner:[UNH] Starting processing...
[2025-10-10T18:29:09.504+0000] {subprocess.py:93} INFO - WARNING:enhanced_runner:[ThreadPoolExecutor-0_7] System Chrome failed: Message: Unable to obtain driver for chrome; For documentation on this error, please visit: https://www.selenium.dev/documentation/webdriver/troubleshooting/errors/driver_location
[2025-10-10T18:29:09.504+0000] {subprocess.py:93} INFO - 
[2025-10-10T18:29:09.504+0000] {subprocess.py:93} INFO - INFO:WDM:====== WebDriver manager ======
[2025-10-10T18:29:09.541+0000] {subprocess.py:93} INFO - INFO:WDM:Get LATEST chromedriver version for google-chrome
[2025-10-10T18:29:09.562+0000] {subprocess.py:93} INFO - INFO:WDM:About to download new driver from https://chromedriver.storage.googleapis.com/114.0.5735.90/chromedriver_linux64.zip
[2025-10-10T18:29:09.599+0000] {subprocess.py:93} INFO - WARNING:enhanced_runner:[ThreadPoolExecutor-0_2] ChromeDriverManager failed: tuple index out of range
[2025-10-10T18:29:09.601+0000] {subprocess.py:93} INFO - ERROR:enhanced_runner:‚ùå [ThreadPoolExecutor-0_2] Failed to setup WebDriver: All Chrome initialization methods failed
[2025-10-10T18:29:09.601+0000] {subprocess.py:93} INFO - ERROR:enhanced_runner:[MCD] Failed to setup driver
[2025-10-10T18:29:09.601+0000] {subprocess.py:93} INFO - INFO:enhanced_runner:[V] Starting processing...
[2025-10-10T18:29:09.602+0000] {subprocess.py:93} INFO - WARNING:enhanced_runner:[ThreadPoolExecutor-0_2] System Chrome failed: Message: Unable to obtain driver for chrome; For documentation on this error, please visit: https://www.selenium.dev/documentation/webdriver/troubleshooting/errors/driver_location
[2025-10-10T18:29:09.602+0000] {subprocess.py:93} INFO - 
[2025-10-10T18:29:09.602+0000] {subprocess.py:93} INFO - INFO:WDM:====== WebDriver manager ======
[2025-10-10T18:29:09.632+0000] {subprocess.py:93} INFO - INFO:WDM:Get LATEST chromedriver version for google-chrome
[2025-10-10T18:29:09.676+0000] {subprocess.py:93} INFO - INFO:WDM:Driver downloading response is 200
[2025-10-10T18:29:09.725+0000] {subprocess.py:93} INFO - INFO:WDM:Get LATEST chromedriver version for google-chrome
[2025-10-10T18:29:09.741+0000] {subprocess.py:93} INFO - INFO:WDM:About to download new driver from https://chromedriver.storage.googleapis.com/114.0.5735.90/chromedriver_linux64.zip
[2025-10-10T18:29:09.852+0000] {subprocess.py:93} INFO - INFO:WDM:Driver has been saved in cache [/home/***/.wdm/drivers/chromedriver/linux64/114.0.5735.90]
[2025-10-10T18:29:09.855+0000] {subprocess.py:93} INFO - INFO:WDM:Driver downloading response is 200
[2025-10-10T18:29:09.874+0000] {subprocess.py:93} INFO - WARNING:enhanced_runner:[ThreadPoolExecutor-0_1] ChromeDriverManager failed: Message: Service /home/***/.wdm/drivers/chromedriver/linux64/114.0.5735.90/chromedriver unexpectedly exited. Status code was: -5
[2025-10-10T18:29:09.876+0000] {subprocess.py:93} INFO - 
[2025-10-10T18:29:09.877+0000] {subprocess.py:93} INFO - ERROR:enhanced_runner:‚ùå [ThreadPoolExecutor-0_1] Failed to setup WebDriver: All Chrome initialization methods failed
[2025-10-10T18:29:09.881+0000] {subprocess.py:93} INFO - ERROR:enhanced_runner:[PG] Failed to setup driver
[2025-10-10T18:29:09.882+0000] {subprocess.py:93} INFO - INFO:enhanced_runner:[WMT] Starting processing...
[2025-10-10T18:29:09.882+0000] {subprocess.py:93} INFO - WARNING:enhanced_runner:[ThreadPoolExecutor-0_1] System Chrome failed: Message: Unable to obtain driver for chrome; For documentation on this error, please visit: https://www.selenium.dev/documentation/webdriver/troubleshooting/errors/driver_location
[2025-10-10T18:29:09.883+0000] {subprocess.py:93} INFO - 
[2025-10-10T18:29:09.884+0000] {subprocess.py:93} INFO - INFO:WDM:====== WebDriver manager ======
[2025-10-10T18:29:09.912+0000] {subprocess.py:93} INFO - INFO:WDM:Get LATEST chromedriver version for google-chrome
[2025-10-10T18:29:09.948+0000] {subprocess.py:93} INFO - INFO:WDM:About to download new driver from https://chromedriver.storage.googleapis.com/114.0.5735.90/chromedriver_linux64.zip
[2025-10-10T18:29:10.057+0000] {subprocess.py:93} INFO - INFO:WDM:Get LATEST chromedriver version for google-chrome
[2025-10-10T18:29:10.064+0000] {subprocess.py:93} INFO - INFO:WDM:About to download new driver from https://chromedriver.storage.googleapis.com/114.0.5735.90/chromedriver_linux64.zip
[2025-10-10T18:29:10.095+0000] {subprocess.py:93} INFO - INFO:WDM:Driver downloading response is 200
[2025-10-10T18:29:10.285+0000] {subprocess.py:93} INFO - INFO:WDM:Driver downloading response is 200
[2025-10-10T18:29:10.429+0000] {subprocess.py:93} INFO - INFO:WDM:Get LATEST chromedriver version for google-chrome
[2025-10-10T18:29:10.637+0000] {subprocess.py:93} INFO - INFO:WDM:Get LATEST chromedriver version for google-chrome
[2025-10-10T18:29:10.876+0000] {subprocess.py:93} INFO - INFO:WDM:Get LATEST chromedriver version for google-chrome
[2025-10-10T18:29:11.023+0000] {subprocess.py:93} INFO - INFO:WDM:Driver has been saved in cache [/home/***/.wdm/drivers/chromedriver/linux64/114.0.5735.90]
[2025-10-10T18:29:11.035+0000] {subprocess.py:93} INFO - WARNING:enhanced_runner:[ThreadPoolExecutor-0_4] ChromeDriverManager failed: Message: Service /home/***/.wdm/drivers/chromedriver/linux64/114.0.5735.90/chromedriver unexpectedly exited. Status code was: -5
[2025-10-10T18:29:11.036+0000] {subprocess.py:93} INFO - 
[2025-10-10T18:29:11.036+0000] {subprocess.py:93} INFO - ERROR:enhanced_runner:‚ùå [ThreadPoolExecutor-0_4] Failed to setup WebDriver: All Chrome initialization methods failed
[2025-10-10T18:29:11.036+0000] {subprocess.py:93} INFO - ERROR:enhanced_runner:[MRK] Failed to setup driver
[2025-10-10T18:29:11.047+0000] {subprocess.py:93} INFO - INFO:WDM:Get LATEST chromedriver version for google-chrome
[2025-10-10T18:29:11.057+0000] {subprocess.py:93} INFO - INFO:WDM:Driver has been saved in cache [/home/***/.wdm/drivers/chromedriver/linux64/114.0.5735.90]
[2025-10-10T18:29:11.071+0000] {subprocess.py:93} INFO - WARNING:enhanced_runner:[ThreadPoolExecutor-0_5] ChromeDriverManager failed: Message: Service /home/***/.wdm/drivers/chromedriver/linux64/114.0.5735.90/chromedriver unexpectedly exited. Status code was: -5
[2025-10-10T18:29:11.071+0000] {subprocess.py:93} INFO - 
[2025-10-10T18:29:11.071+0000] {subprocess.py:93} INFO - ERROR:enhanced_runner:‚ùå [ThreadPoolExecutor-0_5] Failed to setup WebDriver: All Chrome initialization methods failed
[2025-10-10T18:29:11.071+0000] {subprocess.py:93} INFO - ERROR:enhanced_runner:[NVDA] Failed to setup driver
[2025-10-10T18:29:11.409+0000] {subprocess.py:93} INFO - INFO:WDM:Get LATEST chromedriver version for google-chrome
[2025-10-10T18:29:11.457+0000] {subprocess.py:93} INFO - INFO:WDM:Get LATEST chromedriver version for google-chrome
[2025-10-10T18:29:11.598+0000] {subprocess.py:93} INFO - INFO:WDM:Driver has been saved in cache [/home/***/.wdm/drivers/chromedriver/linux64/114.0.5735.90]
[2025-10-10T18:29:11.604+0000] {subprocess.py:93} INFO - WARNING:enhanced_runner:[ThreadPoolExecutor-0_3] ChromeDriverManager failed: [Errno 26] Text file busy: '/home/***/.wdm/drivers/chromedriver/linux64/114.0.5735.90/chromedriver'
[2025-10-10T18:29:11.604+0000] {subprocess.py:93} INFO - ERROR:enhanced_runner:‚ùå [ThreadPoolExecutor-0_3] Failed to setup WebDriver: All Chrome initialization methods failed
[2025-10-10T18:29:11.604+0000] {subprocess.py:93} INFO - ERROR:enhanced_runner:[MMM] Failed to setup driver
[2025-10-10T18:29:11.665+0000] {subprocess.py:93} INFO - INFO:WDM:Get LATEST chromedriver version for google-chrome
[2025-10-10T18:29:11.838+0000] {subprocess.py:93} INFO - INFO:WDM:Driver has been saved in cache [/home/***/.wdm/drivers/chromedriver/linux64/114.0.5735.90]
[2025-10-10T18:29:11.853+0000] {subprocess.py:93} INFO - WARNING:enhanced_runner:[ThreadPoolExecutor-0_2] ChromeDriverManager failed: Message: Service /home/***/.wdm/drivers/chromedriver/linux64/114.0.5735.90/chromedriver unexpectedly exited. Status code was: -5
[2025-10-10T18:29:11.854+0000] {subprocess.py:93} INFO - 
[2025-10-10T18:29:11.854+0000] {subprocess.py:93} INFO - ERROR:enhanced_runner:‚ùå [ThreadPoolExecutor-0_2] Failed to setup WebDriver: All Chrome initialization methods failed
[2025-10-10T18:29:11.854+0000] {subprocess.py:93} INFO - ERROR:enhanced_runner:[V] Failed to setup driver
[2025-10-10T18:29:11.953+0000] {subprocess.py:93} INFO - INFO:WDM:Get LATEST chromedriver version for google-chrome
[2025-10-10T18:29:12.037+0000] {subprocess.py:93} INFO - INFO:WDM:Get LATEST chromedriver version for google-chrome
[2025-10-10T18:29:12.162+0000] {subprocess.py:93} INFO - WARNING:enhanced_runner:[ThreadPoolExecutor-0_1] ChromeDriverManager failed: tuple index out of range
[2025-10-10T18:29:12.167+0000] {subprocess.py:93} INFO - ERROR:enhanced_runner:‚ùå [ThreadPoolExecutor-0_1] Failed to setup WebDriver: All Chrome initialization methods failed
[2025-10-10T18:29:12.169+0000] {subprocess.py:93} INFO - ERROR:enhanced_runner:[WMT] Failed to setup driver
[2025-10-10T18:29:12.285+0000] {subprocess.py:93} INFO - INFO:WDM:Get LATEST chromedriver version for google-chrome
[2025-10-10T18:29:12.410+0000] {subprocess.py:93} INFO - INFO:WDM:Driver has been saved in cache [/home/***/.wdm/drivers/chromedriver/linux64/114.0.5735.90]
[2025-10-10T18:29:12.426+0000] {subprocess.py:93} INFO - WARNING:enhanced_runner:[ThreadPoolExecutor-0_0] ChromeDriverManager failed: Message: Service /home/***/.wdm/drivers/chromedriver/linux64/114.0.5735.90/chromedriver unexpectedly exited. Status code was: -5
[2025-10-10T18:29:12.426+0000] {subprocess.py:93} INFO - 
[2025-10-10T18:29:12.427+0000] {subprocess.py:93} INFO - ERROR:enhanced_runner:‚ùå [ThreadPoolExecutor-0_0] Failed to setup WebDriver: All Chrome initialization methods failed
[2025-10-10T18:29:12.427+0000] {subprocess.py:93} INFO - ERROR:enhanced_runner:[MSFT] Failed to setup driver
[2025-10-10T18:29:12.928+0000] {subprocess.py:93} INFO - INFO:WDM:Get LATEST chromedriver version for google-chrome
[2025-10-10T18:29:12.974+0000] {subprocess.py:93} INFO - INFO:WDM:Get LATEST chromedriver version for google-chrome
[2025-10-10T18:29:13.073+0000] {subprocess.py:93} INFO - WARNING:enhanced_runner:[ThreadPoolExecutor-0_7] ChromeDriverManager failed: tuple index out of range
[2025-10-10T18:29:13.078+0000] {subprocess.py:93} INFO - ERROR:enhanced_runner:‚ùå [ThreadPoolExecutor-0_7] Failed to setup WebDriver: All Chrome initialization methods failed
[2025-10-10T18:29:13.078+0000] {subprocess.py:93} INFO - ERROR:enhanced_runner:[UNH] Failed to setup driver
[2025-10-10T18:29:13.173+0000] {subprocess.py:93} INFO - INFO:WDM:Get LATEST chromedriver version for google-chrome
[2025-10-10T18:29:13.302+0000] {subprocess.py:93} INFO - INFO:WDM:Driver has been saved in cache [/home/***/.wdm/drivers/chromedriver/linux64/114.0.5735.90]
[2025-10-10T18:29:13.319+0000] {subprocess.py:93} INFO - WARNING:enhanced_runner:[ThreadPoolExecutor-0_6] ChromeDriverManager failed: Message: Service /home/***/.wdm/drivers/chromedriver/linux64/114.0.5735.90/chromedriver unexpectedly exited. Status code was: -5
[2025-10-10T18:29:13.320+0000] {subprocess.py:93} INFO - 
[2025-10-10T18:29:13.320+0000] {subprocess.py:93} INFO - ERROR:enhanced_runner:‚ùå [ThreadPoolExecutor-0_6] Failed to setup WebDriver: All Chrome initialization methods failed
[2025-10-10T18:29:13.320+0000] {subprocess.py:93} INFO - ERROR:enhanced_runner:[TRV] Failed to setup driver
[2025-10-10T18:29:13.325+0000] {subprocess.py:93} INFO - INFO:enhanced_runner:Results saved to: dow30_pipeline_reports_2025/multithreaded_pipeline_results.json
[2025-10-10T18:29:13.326+0000] {subprocess.py:93} INFO - INFO:enhanced_runner:============================================================
[2025-10-10T18:29:13.326+0000] {subprocess.py:93} INFO - INFO:enhanced_runner:üèÅ EXECUTION COMPLETE
[2025-10-10T18:29:13.326+0000] {subprocess.py:93} INFO - INFO:enhanced_runner:============================================================
[2025-10-10T18:29:13.326+0000] {subprocess.py:93} INFO - INFO:enhanced_runner:‚è±Ô∏è Total time: 17.1 seconds
[2025-10-10T18:29:13.326+0000] {subprocess.py:93} INFO - INFO:enhanced_runner:üìä Companies processed: 30
[2025-10-10T18:29:13.327+0000] {subprocess.py:93} INFO - INFO:enhanced_runner:‚úÖ Successful: 0 (0.0%)
[2025-10-10T18:29:13.327+0000] {subprocess.py:93} INFO - INFO:enhanced_runner:‚ùå Failed: 30
[2025-10-10T18:29:13.327+0000] {subprocess.py:93} INFO - INFO:enhanced_runner:============================================================
[2025-10-10T18:29:13.327+0000] {subprocess.py:93} INFO - INFO:enhanced_runner:üîç FAILURE ANALYSIS
[2025-10-10T18:29:13.327+0000] {subprocess.py:93} INFO - INFO:enhanced_runner:============================================================
[2025-10-10T18:29:13.327+0000] {subprocess.py:93} INFO - INFO:enhanced_runner:‚ùå Total failed companies: 30
[2025-10-10T18:29:13.327+0000] {subprocess.py:93} INFO - INFO:enhanced_runner:
[2025-10-10T18:29:13.327+0000] {subprocess.py:93} INFO - üîé Detailed Error Information:
[2025-10-10T18:29:13.328+0000] {subprocess.py:93} INFO - INFO:enhanced_runner:
[2025-10-10T18:29:13.328+0000] {subprocess.py:93} INFO -   AMZN:
[2025-10-10T18:29:13.328+0000] {subprocess.py:93} INFO - INFO:enhanced_runner:    Last Error: Driver setup failed
[2025-10-10T18:29:13.328+0000] {subprocess.py:93} INFO - INFO:enhanced_runner:    Attempts Made: 1
[2025-10-10T18:29:13.329+0000] {subprocess.py:93} INFO - INFO:enhanced_runner:    Category: processing_error
[2025-10-10T18:29:13.329+0000] {subprocess.py:93} INFO - INFO:enhanced_runner:
[2025-10-10T18:29:13.329+0000] {subprocess.py:93} INFO -   AAPL:
[2025-10-10T18:29:13.329+0000] {subprocess.py:93} INFO - INFO:enhanced_runner:    Last Error: Driver setup failed
[2025-10-10T18:29:13.329+0000] {subprocess.py:93} INFO - INFO:enhanced_runner:    Attempts Made: 1
[2025-10-10T18:29:13.329+0000] {subprocess.py:93} INFO - INFO:enhanced_runner:    Category: processing_error
[2025-10-10T18:29:13.329+0000] {subprocess.py:93} INFO - INFO:enhanced_runner:
[2025-10-10T18:29:13.329+0000] {subprocess.py:93} INFO -   CSCO:
[2025-10-10T18:29:13.329+0000] {subprocess.py:93} INFO - INFO:enhanced_runner:    Last Error: Driver setup failed
[2025-10-10T18:29:13.329+0000] {subprocess.py:93} INFO - INFO:enhanced_runner:    Attempts Made: 1
[2025-10-10T18:29:13.330+0000] {subprocess.py:93} INFO - INFO:enhanced_runner:    Category: processing_error
[2025-10-10T18:29:13.330+0000] {subprocess.py:93} INFO - INFO:enhanced_runner:
[2025-10-10T18:29:13.330+0000] {subprocess.py:93} INFO -   AXP:
[2025-10-10T18:29:13.330+0000] {subprocess.py:93} INFO - INFO:enhanced_runner:    Last Error: Driver setup failed
[2025-10-10T18:29:13.330+0000] {subprocess.py:93} INFO - INFO:enhanced_runner:    Attempts Made: 1
[2025-10-10T18:29:13.330+0000] {subprocess.py:93} INFO - INFO:enhanced_runner:    Category: processing_error
[2025-10-10T18:29:13.330+0000] {subprocess.py:93} INFO - INFO:enhanced_runner:
[2025-10-10T18:29:13.330+0000] {subprocess.py:93} INFO -   AMGN:
[2025-10-10T18:29:13.330+0000] {subprocess.py:93} INFO - INFO:enhanced_runner:    Last Error: Driver setup failed
[2025-10-10T18:29:13.330+0000] {subprocess.py:93} INFO - INFO:enhanced_runner:    Attempts Made: 1
[2025-10-10T18:29:13.331+0000] {subprocess.py:93} INFO - INFO:enhanced_runner:    Category: processing_error
[2025-10-10T18:29:13.331+0000] {subprocess.py:93} INFO - INFO:enhanced_runner:
[2025-10-10T18:29:13.331+0000] {subprocess.py:93} INFO - üí° RECOMMENDATIONS FOR FAILED COMPANIES:
[2025-10-10T18:29:13.331+0000] {subprocess.py:93} INFO - INFO:enhanced_runner:1. Check if company websites have changed their IR page structure
[2025-10-10T18:29:13.331+0000] {subprocess.py:93} INFO - INFO:enhanced_runner:2. Some companies may require different search strategies
[2025-10-10T18:29:13.331+0000] {subprocess.py:93} INFO - INFO:enhanced_runner:3. Try running failed companies individually with --debug mode
[2025-10-10T18:29:13.331+0000] {subprocess.py:93} INFO - INFO:enhanced_runner:4. Consider adjusting timeout settings for slow-loading pages
[2025-10-10T18:29:13.331+0000] {subprocess.py:93} INFO - INFO:enhanced_runner:
[2025-10-10T18:29:13.331+0000] {subprocess.py:93} INFO - ‚ö†Ô∏è Failed companies (for manual retry):
[2025-10-10T18:29:13.331+0000] {subprocess.py:93} INFO - INFO:enhanced_runner:  python main.py --companies AMZN AAPL CSCO AXP AMGN CRM BA CVX CAT SHW DIS INTC GS IBM KO JPM JNJ HD HON NKE MCD PG MRK NVDA MMM V WMT MSFT UNH TRV
[2025-10-10T18:29:13.381+0000] {subprocess.py:97} INFO - Command exited with return code 1
[2025-10-10T18:29:13.430+0000] {taskinstance.py:2699} ERROR - Task failed with exception
Traceback (most recent call last):
  File "/home/airflow/.local/lib/python3.9/site-packages/airflow/models/taskinstance.py", line 433, in _execute_task
    result = execute_callable(context=context, **execute_callable_kwargs)
  File "/home/airflow/.local/lib/python3.9/site-packages/airflow/operators/bash.py", line 212, in execute
    raise AirflowException(
airflow.exceptions.AirflowException: Bash command failed. The command returned a non-zero exit code 1.
[2025-10-10T18:29:13.439+0000] {taskinstance.py:1138} INFO - Marking task as FAILED. dag_id=complete_earnings_pipeline, task_id=download_earnings_reports, execution_date=20251010T182304, start_date=20251010T182855, end_date=20251010T182913
[2025-10-10T18:29:13.471+0000] {standard_task_runner.py:107} ERROR - Failed to execute job 107 for task download_earnings_reports (Bash command failed. The command returned a non-zero exit code 1.; 2474)
[2025-10-10T18:29:13.507+0000] {local_task_job_runner.py:234} INFO - Task exited with return code 1
[2025-10-10T18:29:13.546+0000] {taskinstance.py:3281} INFO - 0 downstream tasks scheduled from follow-on schedule check
