[2025-10-10T18:03:40.742+0000] {taskinstance.py:1957} INFO - Dependencies all met for dep_context=non-requeueable deps ti=<TaskInstance: complete_earnings_pipeline.download_earnings_reports manual__2025-10-10T17:31:14.216249+00:00 [queued]>
[2025-10-10T18:03:40.749+0000] {taskinstance.py:1957} INFO - Dependencies all met for dep_context=requeueable deps ti=<TaskInstance: complete_earnings_pipeline.download_earnings_reports manual__2025-10-10T17:31:14.216249+00:00 [queued]>
[2025-10-10T18:03:40.749+0000] {taskinstance.py:2171} INFO - Starting attempt 1 of 2
[2025-10-10T18:03:40.758+0000] {taskinstance.py:2192} INFO - Executing <Task(BashOperator): download_earnings_reports> on 2025-10-10 17:31:14.216249+00:00
[2025-10-10T18:03:40.763+0000] {standard_task_runner.py:60} INFO - Started process 24046 to run task
[2025-10-10T18:03:40.768+0000] {standard_task_runner.py:87} INFO - Running: ['***', 'tasks', 'run', 'complete_earnings_pipeline', 'download_earnings_reports', 'manual__2025-10-10T17:31:14.216249+00:00', '--job-id', '100', '--raw', '--subdir', 'DAGS_FOLDER/complete_earnings_pipeline.py', '--cfg-path', '/tmp/tmpos_qxdz4']
[2025-10-10T18:03:40.776+0000] {standard_task_runner.py:88} INFO - Job 100: Subtask download_earnings_reports
[2025-10-10T18:03:40.814+0000] {task_command.py:423} INFO - Running <TaskInstance: complete_earnings_pipeline.download_earnings_reports manual__2025-10-10T17:31:14.216249+00:00 [running]> on host 305868ccefda
[2025-10-10T18:03:40.866+0000] {taskinstance.py:2481} INFO - Exporting env vars: AIRFLOW_CTX_DAG_OWNER='lantern-team' AIRFLOW_CTX_DAG_ID='complete_earnings_pipeline' AIRFLOW_CTX_TASK_ID='download_earnings_reports' AIRFLOW_CTX_EXECUTION_DATE='2025-10-10T17:31:14.216249+00:00' AIRFLOW_CTX_TRY_NUMBER='1' AIRFLOW_CTX_DAG_RUN_ID='manual__2025-10-10T17:31:14.216249+00:00'
[2025-10-10T18:03:40.867+0000] {subprocess.py:63} INFO - Tmp dir root location: /tmp
[2025-10-10T18:03:40.869+0000] {subprocess.py:75} INFO - Running command: ['/usr/bin/bash', '-c', '\n    set -e\n    export CHROME_BIN=/usr/bin/chromium\n    export CHROMEDRIVER_PATH=/usr/bin/chromedriver\n    cd /opt/***/dags/lantern-dow30 &&     python3 main.py --mode multi --workers 8 &&     echo "‚úÖ Download complete - ALL 30 DOW companies with 8 workers!" &&     ls -la dow30_pipeline_reports_2025/\n    ']
[2025-10-10T18:03:40.875+0000] {subprocess.py:86} INFO - Output:
[2025-10-10T18:03:41.546+0000] {subprocess.py:93} INFO - INFO:enhanced_runner:üöÄ Running MULTITHREADED pipeline with 8 workers...
[2025-10-10T18:03:41.554+0000] {subprocess.py:93} INFO - INFO:downloader:Initialized downloader with output directory: dow30_pipeline_reports_2025
[2025-10-10T18:03:41.554+0000] {subprocess.py:93} INFO - INFO:enhanced_runner:Initialized MultithreadedDow30Pipeline with 8 workers
[2025-10-10T18:03:41.554+0000] {subprocess.py:93} INFO - INFO:enhanced_runner:Starting multithreaded pipeline for 30 companies with 8 workers
[2025-10-10T18:03:41.555+0000] {subprocess.py:93} INFO - INFO:enhanced_runner:[AAPL] Starting processing...
[2025-10-10T18:03:41.555+0000] {subprocess.py:93} INFO - INFO:enhanced_runner:[AMGN] Starting processing...
[2025-10-10T18:03:41.555+0000] {subprocess.py:93} INFO - INFO:enhanced_runner:[AMZN] Starting processing...
[2025-10-10T18:03:41.555+0000] {subprocess.py:93} INFO - WARNING:enhanced_runner:[ThreadPoolExecutor-0_1] System Chrome failed: Message: Unable to obtain driver for chrome; For documentation on this error, please visit: https://www.selenium.dev/documentation/webdriver/troubleshooting/errors/driver_location
[2025-10-10T18:03:41.556+0000] {subprocess.py:93} INFO - 
[2025-10-10T18:03:41.556+0000] {subprocess.py:93} INFO - INFO:WDM:====== WebDriver manager ======
[2025-10-10T18:03:41.558+0000] {subprocess.py:93} INFO - WARNING:enhanced_runner:[ThreadPoolExecutor-0_2] System Chrome failed: Message: Unable to obtain driver for chrome; For documentation on this error, please visit: https://www.selenium.dev/documentation/webdriver/troubleshooting/errors/driver_location
[2025-10-10T18:03:41.558+0000] {subprocess.py:93} INFO - 
[2025-10-10T18:03:41.559+0000] {subprocess.py:93} INFO - INFO:WDM:====== WebDriver manager ======
[2025-10-10T18:03:41.560+0000] {subprocess.py:93} INFO - INFO:enhanced_runner:[AXP] Starting processing...
[2025-10-10T18:03:41.564+0000] {subprocess.py:93} INFO - WARNING:enhanced_runner:[ThreadPoolExecutor-0_0] System Chrome failed: Message: Unable to obtain driver for chrome; For documentation on this error, please visit: https://www.selenium.dev/documentation/webdriver/troubleshooting/errors/driver_location
[2025-10-10T18:03:41.564+0000] {subprocess.py:93} INFO - 
[2025-10-10T18:03:41.564+0000] {subprocess.py:93} INFO - INFO:WDM:====== WebDriver manager ======
[2025-10-10T18:03:41.569+0000] {subprocess.py:93} INFO - INFO:enhanced_runner:[BA] Starting processing...
[2025-10-10T18:03:41.569+0000] {subprocess.py:93} INFO - WARNING:enhanced_runner:[ThreadPoolExecutor-0_4] System Chrome failed: Message: Unable to obtain driver for chrome; For documentation on this error, please visit: https://www.selenium.dev/documentation/webdriver/troubleshooting/errors/driver_location
[2025-10-10T18:03:41.569+0000] {subprocess.py:93} INFO - 
[2025-10-10T18:03:41.570+0000] {subprocess.py:93} INFO - INFO:WDM:====== WebDriver manager ======
[2025-10-10T18:03:41.570+0000] {subprocess.py:93} INFO - WARNING:enhanced_runner:[ThreadPoolExecutor-0_3] System Chrome failed: Message: Unable to obtain driver for chrome; For documentation on this error, please visit: https://www.selenium.dev/documentation/webdriver/troubleshooting/errors/driver_location
[2025-10-10T18:03:41.570+0000] {subprocess.py:93} INFO - 
[2025-10-10T18:03:41.570+0000] {subprocess.py:93} INFO - INFO:WDM:====== WebDriver manager ======
[2025-10-10T18:03:41.571+0000] {subprocess.py:93} INFO - INFO:enhanced_runner:[CAT] Starting processing...
[2025-10-10T18:03:41.577+0000] {subprocess.py:93} INFO - INFO:enhanced_runner:[CRM] Starting processing...
[2025-10-10T18:03:41.580+0000] {subprocess.py:93} INFO - WARNING:enhanced_runner:[ThreadPoolExecutor-0_5] System Chrome failed: Message: Unable to obtain driver for chrome; For documentation on this error, please visit: https://www.selenium.dev/documentation/webdriver/troubleshooting/errors/driver_location
[2025-10-10T18:03:41.580+0000] {subprocess.py:93} INFO - 
[2025-10-10T18:03:41.580+0000] {subprocess.py:93} INFO - INFO:WDM:====== WebDriver manager ======
[2025-10-10T18:03:41.580+0000] {subprocess.py:93} INFO - WARNING:enhanced_runner:[ThreadPoolExecutor-0_6] System Chrome failed: Message: Unable to obtain driver for chrome; For documentation on this error, please visit: https://www.selenium.dev/documentation/webdriver/troubleshooting/errors/driver_location
[2025-10-10T18:03:41.580+0000] {subprocess.py:93} INFO - 
[2025-10-10T18:03:41.580+0000] {subprocess.py:93} INFO - INFO:WDM:====== WebDriver manager ======
[2025-10-10T18:03:41.587+0000] {subprocess.py:93} INFO - INFO:enhanced_runner:[CSCO] Starting processing...
[2025-10-10T18:03:41.591+0000] {subprocess.py:93} INFO - WARNING:enhanced_runner:[ThreadPoolExecutor-0_7] System Chrome failed: Message: Unable to obtain driver for chrome; For documentation on this error, please visit: https://www.selenium.dev/documentation/webdriver/troubleshooting/errors/driver_location
[2025-10-10T18:03:41.591+0000] {subprocess.py:93} INFO - 
[2025-10-10T18:03:41.591+0000] {subprocess.py:93} INFO - INFO:WDM:====== WebDriver manager ======
[2025-10-10T18:03:41.639+0000] {subprocess.py:93} INFO - INFO:WDM:Get LATEST chromedriver version for google-chrome
[2025-10-10T18:03:41.684+0000] {subprocess.py:93} INFO - INFO:WDM:Get LATEST chromedriver version for google-chrome
[2025-10-10T18:03:41.700+0000] {subprocess.py:93} INFO - INFO:WDM:Get LATEST chromedriver version for google-chrome
[2025-10-10T18:03:41.710+0000] {subprocess.py:93} INFO - INFO:WDM:Get LATEST chromedriver version for google-chrome
[2025-10-10T18:03:41.720+0000] {subprocess.py:93} INFO - INFO:WDM:Get LATEST chromedriver version for google-chrome
[2025-10-10T18:03:41.731+0000] {subprocess.py:93} INFO - INFO:WDM:Get LATEST chromedriver version for google-chrome
[2025-10-10T18:03:41.738+0000] {subprocess.py:93} INFO - INFO:WDM:Get LATEST chromedriver version for google-chrome
[2025-10-10T18:03:41.751+0000] {subprocess.py:93} INFO - INFO:WDM:Get LATEST chromedriver version for google-chrome
[2025-10-10T18:03:41.892+0000] {subprocess.py:93} INFO - INFO:WDM:About to download new driver from https://chromedriver.storage.googleapis.com/114.0.5735.90/chromedriver_linux64.zip
[2025-10-10T18:03:41.897+0000] {subprocess.py:93} INFO - INFO:WDM:About to download new driver from https://chromedriver.storage.googleapis.com/114.0.5735.90/chromedriver_linux64.zip
[2025-10-10T18:03:41.903+0000] {subprocess.py:93} INFO - INFO:WDM:About to download new driver from https://chromedriver.storage.googleapis.com/114.0.5735.90/chromedriver_linux64.zip
[2025-10-10T18:03:42.008+0000] {subprocess.py:93} INFO - INFO:WDM:About to download new driver from https://chromedriver.storage.googleapis.com/114.0.5735.90/chromedriver_linux64.zip
[2025-10-10T18:03:42.009+0000] {subprocess.py:93} INFO - INFO:WDM:About to download new driver from https://chromedriver.storage.googleapis.com/114.0.5735.90/chromedriver_linux64.zip
[2025-10-10T18:03:42.012+0000] {subprocess.py:93} INFO - INFO:WDM:About to download new driver from https://chromedriver.storage.googleapis.com/114.0.5735.90/chromedriver_linux64.zip
[2025-10-10T18:03:42.013+0000] {subprocess.py:93} INFO - INFO:WDM:About to download new driver from https://chromedriver.storage.googleapis.com/114.0.5735.90/chromedriver_linux64.zip
[2025-10-10T18:03:42.015+0000] {subprocess.py:93} INFO - INFO:WDM:About to download new driver from https://chromedriver.storage.googleapis.com/114.0.5735.90/chromedriver_linux64.zip
[2025-10-10T18:03:42.144+0000] {subprocess.py:93} INFO - INFO:WDM:Driver downloading response is 200
[2025-10-10T18:03:42.144+0000] {subprocess.py:93} INFO - INFO:WDM:Driver downloading response is 200
[2025-10-10T18:03:42.145+0000] {subprocess.py:93} INFO - INFO:WDM:Driver downloading response is 200
[2025-10-10T18:03:42.250+0000] {subprocess.py:93} INFO - INFO:WDM:Driver downloading response is 200
[2025-10-10T18:03:42.250+0000] {subprocess.py:93} INFO - INFO:WDM:Driver downloading response is 200
[2025-10-10T18:03:42.250+0000] {subprocess.py:93} INFO - INFO:WDM:Driver downloading response is 200
[2025-10-10T18:03:42.254+0000] {subprocess.py:93} INFO - INFO:WDM:Driver downloading response is 200
[2025-10-10T18:03:42.637+0000] {subprocess.py:93} INFO - INFO:WDM:Driver downloading response is 200
[2025-10-10T18:03:46.883+0000] {subprocess.py:93} INFO - INFO:WDM:Get LATEST chromedriver version for google-chrome
[2025-10-10T18:03:47.140+0000] {subprocess.py:93} INFO - INFO:WDM:Get LATEST chromedriver version for google-chrome
[2025-10-10T18:03:47.293+0000] {subprocess.py:93} INFO - INFO:WDM:Driver has been saved in cache [/home/***/.wdm/drivers/chromedriver/linux64/114.0.5735.90]
[2025-10-10T18:03:47.310+0000] {subprocess.py:93} INFO - WARNING:enhanced_runner:[ThreadPoolExecutor-0_4] ChromeDriverManager failed: Message: Service /home/***/.wdm/drivers/chromedriver/linux64/114.0.5735.90/chromedriver unexpectedly exited. Status code was: -5
[2025-10-10T18:03:47.311+0000] {subprocess.py:93} INFO - 
[2025-10-10T18:03:47.311+0000] {subprocess.py:93} INFO - ERROR:enhanced_runner:‚ùå [ThreadPoolExecutor-0_4] Failed to setup WebDriver: All Chrome initialization methods failed
[2025-10-10T18:03:47.311+0000] {subprocess.py:93} INFO - ERROR:enhanced_runner:[BA] Failed to setup driver
[2025-10-10T18:03:47.311+0000] {subprocess.py:93} INFO - INFO:enhanced_runner:[CVX] Starting processing...
[2025-10-10T18:03:47.311+0000] {subprocess.py:93} INFO - WARNING:enhanced_runner:[ThreadPoolExecutor-0_4] System Chrome failed: Message: Unable to obtain driver for chrome; For documentation on this error, please visit: https://www.selenium.dev/documentation/webdriver/troubleshooting/errors/driver_location
[2025-10-10T18:03:47.312+0000] {subprocess.py:93} INFO - 
[2025-10-10T18:03:47.312+0000] {subprocess.py:93} INFO - INFO:WDM:====== WebDriver manager ======
[2025-10-10T18:03:47.340+0000] {subprocess.py:93} INFO - INFO:WDM:Get LATEST chromedriver version for google-chrome
[2025-10-10T18:03:47.347+0000] {subprocess.py:93} INFO - INFO:WDM:Get LATEST chromedriver version for google-chrome
[2025-10-10T18:03:47.727+0000] {subprocess.py:93} INFO - INFO:WDM:About to download new driver from https://chromedriver.storage.googleapis.com/114.0.5735.90/chromedriver_linux64.zip
[2025-10-10T18:03:47.806+0000] {subprocess.py:93} INFO - INFO:WDM:Get LATEST chromedriver version for google-chrome
[2025-10-10T18:03:47.958+0000] {subprocess.py:93} INFO - INFO:WDM:Driver downloading response is 200
[2025-10-10T18:03:48.097+0000] {subprocess.py:93} INFO - INFO:WDM:Driver has been saved in cache [/home/***/.wdm/drivers/chromedriver/linux64/114.0.5735.90]
[2025-10-10T18:03:48.109+0000] {subprocess.py:93} INFO - WARNING:enhanced_runner:[ThreadPoolExecutor-0_3] ChromeDriverManager failed: Message: Service /home/***/.wdm/drivers/chromedriver/linux64/114.0.5735.90/chromedriver unexpectedly exited. Status code was: -5
[2025-10-10T18:03:48.110+0000] {subprocess.py:93} INFO - 
[2025-10-10T18:03:48.111+0000] {subprocess.py:93} INFO - ERROR:enhanced_runner:‚ùå [ThreadPoolExecutor-0_3] Failed to setup WebDriver: All Chrome initialization methods failed
[2025-10-10T18:03:48.111+0000] {subprocess.py:93} INFO - ERROR:enhanced_runner:[AXP] Failed to setup driver
[2025-10-10T18:03:48.111+0000] {subprocess.py:93} INFO - INFO:enhanced_runner:[DIS] Starting processing...
[2025-10-10T18:03:48.112+0000] {subprocess.py:93} INFO - WARNING:enhanced_runner:[ThreadPoolExecutor-0_3] System Chrome failed: Message: Unable to obtain driver for chrome; For documentation on this error, please visit: https://www.selenium.dev/documentation/webdriver/troubleshooting/errors/driver_location
[2025-10-10T18:03:48.112+0000] {subprocess.py:93} INFO - 
[2025-10-10T18:03:48.112+0000] {subprocess.py:93} INFO - INFO:WDM:====== WebDriver manager ======
[2025-10-10T18:03:48.152+0000] {subprocess.py:93} INFO - INFO:WDM:Get LATEST chromedriver version for google-chrome
[2025-10-10T18:03:48.361+0000] {subprocess.py:93} INFO - INFO:WDM:About to download new driver from https://chromedriver.storage.googleapis.com/114.0.5735.90/chromedriver_linux64.zip
[2025-10-10T18:03:48.633+0000] {subprocess.py:93} INFO - INFO:WDM:Driver downloading response is 200
[2025-10-10T18:03:49.004+0000] {subprocess.py:93} INFO - INFO:WDM:Get LATEST chromedriver version for google-chrome
[2025-10-10T18:03:49.449+0000] {subprocess.py:93} INFO - INFO:WDM:Get LATEST chromedriver version for google-chrome
[2025-10-10T18:03:49.517+0000] {subprocess.py:93} INFO - INFO:WDM:Get LATEST chromedriver version for google-chrome
[2025-10-10T18:03:49.678+0000] {subprocess.py:93} INFO - INFO:WDM:Driver has been saved in cache [/home/***/.wdm/drivers/chromedriver/linux64/114.0.5735.90]
[2025-10-10T18:03:49.696+0000] {subprocess.py:93} INFO - WARNING:enhanced_runner:[ThreadPoolExecutor-0_1] ChromeDriverManager failed: Message: Service /home/***/.wdm/drivers/chromedriver/linux64/114.0.5735.90/chromedriver unexpectedly exited. Status code was: -5
[2025-10-10T18:03:49.696+0000] {subprocess.py:93} INFO - 
[2025-10-10T18:03:49.697+0000] {subprocess.py:93} INFO - ERROR:enhanced_runner:‚ùå [ThreadPoolExecutor-0_1] Failed to setup WebDriver: All Chrome initialization methods failed
[2025-10-10T18:03:49.697+0000] {subprocess.py:93} INFO - ERROR:enhanced_runner:[AMGN] Failed to setup driver
[2025-10-10T18:03:49.697+0000] {subprocess.py:93} INFO - INFO:enhanced_runner:[SHW] Starting processing...
[2025-10-10T18:03:49.698+0000] {subprocess.py:93} INFO - WARNING:enhanced_runner:[ThreadPoolExecutor-0_1] System Chrome failed: Message: Unable to obtain driver for chrome; For documentation on this error, please visit: https://www.selenium.dev/documentation/webdriver/troubleshooting/errors/driver_location
[2025-10-10T18:03:49.698+0000] {subprocess.py:93} INFO - 
[2025-10-10T18:03:49.699+0000] {subprocess.py:93} INFO - INFO:WDM:====== WebDriver manager ======
[2025-10-10T18:03:49.739+0000] {subprocess.py:93} INFO - INFO:WDM:Get LATEST chromedriver version for google-chrome
[2025-10-10T18:03:49.789+0000] {subprocess.py:93} INFO - INFO:WDM:Get LATEST chromedriver version for google-chrome
[2025-10-10T18:03:49.897+0000] {subprocess.py:93} INFO - INFO:WDM:Get LATEST chromedriver version for google-chrome
[2025-10-10T18:03:49.901+0000] {subprocess.py:93} INFO - INFO:WDM:Get LATEST chromedriver version for google-chrome
[2025-10-10T18:03:49.988+0000] {subprocess.py:93} INFO - INFO:WDM:About to download new driver from https://chromedriver.storage.googleapis.com/114.0.5735.90/chromedriver_linux64.zip
[2025-10-10T18:03:50.013+0000] {subprocess.py:93} INFO - INFO:WDM:Get LATEST chromedriver version for google-chrome
[2025-10-10T18:03:50.094+0000] {subprocess.py:93} INFO - INFO:WDM:Driver has been saved in cache [/home/***/.wdm/drivers/chromedriver/linux64/114.0.5735.90]
[2025-10-10T18:03:50.103+0000] {subprocess.py:93} INFO - WARNING:enhanced_runner:[ThreadPoolExecutor-0_0] ChromeDriverManager failed: [Errno 26] Text file busy: '/home/***/.wdm/drivers/chromedriver/linux64/114.0.5735.90/chromedriver'
[2025-10-10T18:03:50.103+0000] {subprocess.py:93} INFO - ERROR:enhanced_runner:‚ùå [ThreadPoolExecutor-0_0] Failed to setup WebDriver: All Chrome initialization methods failed
[2025-10-10T18:03:50.103+0000] {subprocess.py:93} INFO - ERROR:enhanced_runner:[AAPL] Failed to setup driver
[2025-10-10T18:03:50.104+0000] {subprocess.py:93} INFO - INFO:enhanced_runner:[GS] Starting processing...
[2025-10-10T18:03:50.104+0000] {subprocess.py:93} INFO - WARNING:enhanced_runner:[ThreadPoolExecutor-0_0] System Chrome failed: Message: Unable to obtain driver for chrome; For documentation on this error, please visit: https://www.selenium.dev/documentation/webdriver/troubleshooting/errors/driver_location
[2025-10-10T18:03:50.104+0000] {subprocess.py:93} INFO - 
[2025-10-10T18:03:50.104+0000] {subprocess.py:93} INFO - INFO:WDM:====== WebDriver manager ======
[2025-10-10T18:03:50.112+0000] {subprocess.py:93} INFO - INFO:WDM:Driver downloading response is 200
[2025-10-10T18:03:50.154+0000] {subprocess.py:93} INFO - INFO:WDM:Get LATEST chromedriver version for google-chrome
[2025-10-10T18:03:50.208+0000] {subprocess.py:93} INFO - INFO:WDM:Get LATEST chromedriver version for google-chrome
[2025-10-10T18:03:50.284+0000] {subprocess.py:93} INFO - INFO:WDM:About to download new driver from https://chromedriver.storage.googleapis.com/114.0.5735.90/chromedriver_linux64.zip
[2025-10-10T18:03:50.335+0000] {subprocess.py:93} INFO - INFO:WDM:Get LATEST chromedriver version for google-chrome
[2025-10-10T18:03:50.401+0000] {subprocess.py:93} INFO - INFO:WDM:Driver has been saved in cache [/home/***/.wdm/drivers/chromedriver/linux64/114.0.5735.90]
[2025-10-10T18:03:50.413+0000] {subprocess.py:93} INFO - WARNING:enhanced_runner:[ThreadPoolExecutor-0_6] ChromeDriverManager failed: Message: Service /home/***/.wdm/drivers/chromedriver/linux64/114.0.5735.90/chromedriver unexpectedly exited. Status code was: -5
[2025-10-10T18:03:50.414+0000] {subprocess.py:93} INFO - 
[2025-10-10T18:03:50.415+0000] {subprocess.py:93} INFO - ERROR:enhanced_runner:‚ùå [ThreadPoolExecutor-0_6] Failed to setup WebDriver: All Chrome initialization methods failed
[2025-10-10T18:03:50.415+0000] {subprocess.py:93} INFO - ERROR:enhanced_runner:[CRM] Failed to setup driver
[2025-10-10T18:03:50.415+0000] {subprocess.py:93} INFO - INFO:enhanced_runner:[HD] Starting processing...
[2025-10-10T18:03:50.415+0000] {subprocess.py:93} INFO - WARNING:enhanced_runner:[ThreadPoolExecutor-0_6] System Chrome failed: Message: Unable to obtain driver for chrome; For documentation on this error, please visit: https://www.selenium.dev/documentation/webdriver/troubleshooting/errors/driver_location
[2025-10-10T18:03:50.415+0000] {subprocess.py:93} INFO - 
[2025-10-10T18:03:50.416+0000] {subprocess.py:93} INFO - INFO:WDM:====== WebDriver manager ======
[2025-10-10T18:03:50.422+0000] {subprocess.py:93} INFO - INFO:WDM:Get LATEST chromedriver version for google-chrome
[2025-10-10T18:03:50.439+0000] {subprocess.py:93} INFO - INFO:WDM:Get LATEST chromedriver version for google-chrome
[2025-10-10T18:03:50.546+0000] {subprocess.py:93} INFO - INFO:WDM:Driver downloading response is 200
[2025-10-10T18:03:50.668+0000] {subprocess.py:93} INFO - INFO:WDM:About to download new driver from https://chromedriver.storage.googleapis.com/114.0.5735.90/chromedriver_linux64.zip
[2025-10-10T18:03:50.874+0000] {subprocess.py:93} INFO - INFO:WDM:Driver has been saved in cache [/home/***/.wdm/drivers/chromedriver/linux64/114.0.5735.90]
[2025-10-10T18:03:50.892+0000] {subprocess.py:93} INFO - INFO:WDM:Driver downloading response is 200
[2025-10-10T18:03:50.893+0000] {subprocess.py:93} INFO - WARNING:enhanced_runner:[ThreadPoolExecutor-0_4] ChromeDriverManager failed: Message: Service /home/***/.wdm/drivers/chromedriver/linux64/114.0.5735.90/chromedriver unexpectedly exited. Status code was: -5
[2025-10-10T18:03:50.893+0000] {subprocess.py:93} INFO - 
[2025-10-10T18:03:50.893+0000] {subprocess.py:93} INFO - ERROR:enhanced_runner:‚ùå [ThreadPoolExecutor-0_4] Failed to setup WebDriver: All Chrome initialization methods failed
[2025-10-10T18:03:50.894+0000] {subprocess.py:93} INFO - ERROR:enhanced_runner:[CVX] Failed to setup driver
[2025-10-10T18:03:50.894+0000] {subprocess.py:93} INFO - INFO:enhanced_runner:[HON] Starting processing...
[2025-10-10T18:03:50.897+0000] {subprocess.py:93} INFO - WARNING:enhanced_runner:[ThreadPoolExecutor-0_4] System Chrome failed: Message: Unable to obtain driver for chrome; For documentation on this error, please visit: https://www.selenium.dev/documentation/webdriver/troubleshooting/errors/driver_location
[2025-10-10T18:03:50.897+0000] {subprocess.py:93} INFO - 
[2025-10-10T18:03:50.897+0000] {subprocess.py:93} INFO - INFO:WDM:====== WebDriver manager ======
[2025-10-10T18:03:50.921+0000] {subprocess.py:93} INFO - INFO:WDM:Get LATEST chromedriver version for google-chrome
[2025-10-10T18:03:50.939+0000] {subprocess.py:93} INFO - INFO:WDM:Driver has been saved in cache [/home/***/.wdm/drivers/chromedriver/linux64/114.0.5735.90]
[2025-10-10T18:03:50.953+0000] {subprocess.py:93} INFO - WARNING:enhanced_runner:[ThreadPoolExecutor-0_7] ChromeDriverManager failed: Message: Service /home/***/.wdm/drivers/chromedriver/linux64/114.0.5735.90/chromedriver unexpectedly exited. Status code was: -5
[2025-10-10T18:03:50.953+0000] {subprocess.py:93} INFO - 
[2025-10-10T18:03:50.953+0000] {subprocess.py:93} INFO - ERROR:enhanced_runner:‚ùå [ThreadPoolExecutor-0_7] Failed to setup WebDriver: All Chrome initialization methods failed
[2025-10-10T18:03:50.954+0000] {subprocess.py:93} INFO - ERROR:enhanced_runner:[CSCO] Failed to setup driver
[2025-10-10T18:03:50.954+0000] {subprocess.py:93} INFO - INFO:enhanced_runner:[IBM] Starting processing...
[2025-10-10T18:03:50.954+0000] {subprocess.py:93} INFO - WARNING:enhanced_runner:[ThreadPoolExecutor-0_7] System Chrome failed: Message: Unable to obtain driver for chrome; For documentation on this error, please visit: https://www.selenium.dev/documentation/webdriver/troubleshooting/errors/driver_location
[2025-10-10T18:03:50.954+0000] {subprocess.py:93} INFO - 
[2025-10-10T18:03:50.954+0000] {subprocess.py:93} INFO - INFO:WDM:====== WebDriver manager ======
[2025-10-10T18:03:50.975+0000] {subprocess.py:93} INFO - INFO:WDM:Get LATEST chromedriver version for google-chrome
[2025-10-10T18:03:51.312+0000] {subprocess.py:93} INFO - INFO:WDM:About to download new driver from https://chromedriver.storage.googleapis.com/114.0.5735.90/chromedriver_linux64.zip
[2025-10-10T18:03:51.457+0000] {subprocess.py:93} INFO - INFO:WDM:About to download new driver from https://chromedriver.storage.googleapis.com/114.0.5735.90/chromedriver_linux64.zip
[2025-10-10T18:03:51.686+0000] {subprocess.py:93} INFO - INFO:WDM:Driver downloading response is 200
[2025-10-10T18:03:51.761+0000] {subprocess.py:93} INFO - INFO:WDM:Driver downloading response is 200
[2025-10-10T18:03:51.889+0000] {subprocess.py:93} INFO - INFO:WDM:Get LATEST chromedriver version for google-chrome
[2025-10-10T18:03:52.158+0000] {subprocess.py:93} INFO - INFO:WDM:Get LATEST chromedriver version for google-chrome
[2025-10-10T18:03:52.369+0000] {subprocess.py:93} INFO - INFO:WDM:Driver has been saved in cache [/home/***/.wdm/drivers/chromedriver/linux64/114.0.5735.90]
[2025-10-10T18:03:52.384+0000] {subprocess.py:93} INFO - WARNING:enhanced_runner:[ThreadPoolExecutor-0_1] ChromeDriverManager failed: Message: Service /home/***/.wdm/drivers/chromedriver/linux64/114.0.5735.90/chromedriver unexpectedly exited. Status code was: -5
[2025-10-10T18:03:52.384+0000] {subprocess.py:93} INFO - 
[2025-10-10T18:03:52.384+0000] {subprocess.py:93} INFO - ERROR:enhanced_runner:‚ùå [ThreadPoolExecutor-0_1] Failed to setup WebDriver: All Chrome initialization methods failed
[2025-10-10T18:03:52.384+0000] {subprocess.py:93} INFO - ERROR:enhanced_runner:[SHW] Failed to setup driver
[2025-10-10T18:03:52.385+0000] {subprocess.py:93} INFO - INFO:enhanced_runner:[INTC] Starting processing...
[2025-10-10T18:03:52.385+0000] {subprocess.py:93} INFO - WARNING:enhanced_runner:[ThreadPoolExecutor-0_1] System Chrome failed: Message: Unable to obtain driver for chrome; For documentation on this error, please visit: https://www.selenium.dev/documentation/webdriver/troubleshooting/errors/driver_location
[2025-10-10T18:03:52.385+0000] {subprocess.py:93} INFO - 
[2025-10-10T18:03:52.385+0000] {subprocess.py:93} INFO - INFO:WDM:====== WebDriver manager ======
[2025-10-10T18:03:52.405+0000] {subprocess.py:93} INFO - INFO:WDM:Get LATEST chromedriver version for google-chrome
[2025-10-10T18:03:52.828+0000] {subprocess.py:93} INFO - INFO:WDM:About to download new driver from https://chromedriver.storage.googleapis.com/114.0.5735.90/chromedriver_linux64.zip
[2025-10-10T18:03:53.187+0000] {subprocess.py:93} INFO - INFO:WDM:Driver downloading response is 200
[2025-10-10T18:03:54.345+0000] {subprocess.py:93} INFO - INFO:WDM:Get LATEST chromedriver version for google-chrome
[2025-10-10T18:03:54.381+0000] {subprocess.py:93} INFO - INFO:WDM:Get LATEST chromedriver version for google-chrome
[2025-10-10T18:03:54.736+0000] {subprocess.py:93} INFO - INFO:WDM:Get LATEST chromedriver version for google-chrome
[2025-10-10T18:03:54.737+0000] {subprocess.py:93} INFO - INFO:WDM:Get LATEST chromedriver version for google-chrome
[2025-10-10T18:03:55.018+0000] {subprocess.py:93} INFO - INFO:WDM:Driver has been saved in cache [/home/***/.wdm/drivers/chromedriver/linux64/114.0.5735.90]
[2025-10-10T18:03:55.023+0000] {subprocess.py:93} INFO - INFO:WDM:Driver has been saved in cache [/home/***/.wdm/drivers/chromedriver/linux64/114.0.5735.90]
[2025-10-10T18:03:55.037+0000] {subprocess.py:93} INFO - WARNING:enhanced_runner:[ThreadPoolExecutor-0_5] ChromeDriverManager failed: Message: Service /home/***/.wdm/drivers/chromedriver/linux64/114.0.5735.90/chromedriver unexpectedly exited. Status code was: -5
[2025-10-10T18:03:55.038+0000] {subprocess.py:93} INFO - 
[2025-10-10T18:03:55.038+0000] {subprocess.py:93} INFO - ERROR:enhanced_runner:‚ùå [ThreadPoolExecutor-0_5] Failed to setup WebDriver: All Chrome initialization methods failed
[2025-10-10T18:03:55.038+0000] {subprocess.py:93} INFO - ERROR:enhanced_runner:[CAT] Failed to setup driver
[2025-10-10T18:03:55.038+0000] {subprocess.py:93} INFO - INFO:enhanced_runner:[JNJ] Starting processing...
[2025-10-10T18:03:55.039+0000] {subprocess.py:93} INFO - WARNING:enhanced_runner:[ThreadPoolExecutor-0_4] ChromeDriverManager failed: Message: Service /home/***/.wdm/drivers/chromedriver/linux64/114.0.5735.90/chromedriver unexpectedly exited. Status code was: -5
[2025-10-10T18:03:55.039+0000] {subprocess.py:93} INFO - 
[2025-10-10T18:03:55.039+0000] {subprocess.py:93} INFO - ERROR:enhanced_runner:‚ùå [ThreadPoolExecutor-0_4] Failed to setup WebDriver: All Chrome initialization methods failed
[2025-10-10T18:03:55.039+0000] {subprocess.py:93} INFO - ERROR:enhanced_runner:[HON] Failed to setup driver
[2025-10-10T18:03:55.039+0000] {subprocess.py:93} INFO - INFO:enhanced_runner:[JPM] Starting processing...
[2025-10-10T18:03:55.039+0000] {subprocess.py:93} INFO - WARNING:enhanced_runner:[ThreadPoolExecutor-0_5] System Chrome failed: Message: Unable to obtain driver for chrome; For documentation on this error, please visit: https://www.selenium.dev/documentation/webdriver/troubleshooting/errors/driver_location
[2025-10-10T18:03:55.039+0000] {subprocess.py:93} INFO - 
[2025-10-10T18:03:55.040+0000] {subprocess.py:93} INFO - INFO:WDM:====== WebDriver manager ======
[2025-10-10T18:03:55.041+0000] {subprocess.py:93} INFO - WARNING:enhanced_runner:[ThreadPoolExecutor-0_4] System Chrome failed: Message: Unable to obtain driver for chrome; For documentation on this error, please visit: https://www.selenium.dev/documentation/webdriver/troubleshooting/errors/driver_location
[2025-10-10T18:03:55.041+0000] {subprocess.py:93} INFO - 
[2025-10-10T18:03:55.041+0000] {subprocess.py:93} INFO - INFO:WDM:====== WebDriver manager ======
[2025-10-10T18:03:55.070+0000] {subprocess.py:93} INFO - INFO:WDM:Get LATEST chromedriver version for google-chrome
[2025-10-10T18:03:55.078+0000] {subprocess.py:93} INFO - INFO:WDM:Get LATEST chromedriver version for google-chrome
[2025-10-10T18:03:55.413+0000] {subprocess.py:93} INFO - INFO:WDM:About to download new driver from https://chromedriver.storage.googleapis.com/114.0.5735.90/chromedriver_linux64.zip
[2025-10-10T18:03:55.414+0000] {subprocess.py:93} INFO - INFO:WDM:About to download new driver from https://chromedriver.storage.googleapis.com/114.0.5735.90/chromedriver_linux64.zip
[2025-10-10T18:03:55.801+0000] {subprocess.py:93} INFO - INFO:WDM:Driver downloading response is 200
[2025-10-10T18:03:55.802+0000] {subprocess.py:93} INFO - INFO:WDM:Driver downloading response is 200
[2025-10-10T18:03:56.555+0000] {subprocess.py:93} INFO - INFO:WDM:Get LATEST chromedriver version for google-chrome
[2025-10-10T18:03:57.590+0000] {subprocess.py:93} INFO - INFO:WDM:Get LATEST chromedriver version for google-chrome
[2025-10-10T18:03:57.829+0000] {subprocess.py:93} INFO - INFO:WDM:Get LATEST chromedriver version for google-chrome
[2025-10-10T18:03:57.894+0000] {subprocess.py:93} INFO - INFO:WDM:Driver has been saved in cache [/home/***/.wdm/drivers/chromedriver/linux64/114.0.5735.90]
[2025-10-10T18:03:57.902+0000] {subprocess.py:93} INFO - WARNING:enhanced_runner:[ThreadPoolExecutor-0_2] ChromeDriverManager failed: Message: Service /home/***/.wdm/drivers/chromedriver/linux64/114.0.5735.90/chromedriver unexpectedly exited. Status code was: -5
[2025-10-10T18:03:57.904+0000] {subprocess.py:93} INFO - 
[2025-10-10T18:03:57.905+0000] {subprocess.py:93} INFO - ERROR:enhanced_runner:‚ùå [ThreadPoolExecutor-0_2] Failed to setup WebDriver: All Chrome initialization methods failed
[2025-10-10T18:03:57.905+0000] {subprocess.py:93} INFO - ERROR:enhanced_runner:[AMZN] Failed to setup driver
[2025-10-10T18:03:57.905+0000] {subprocess.py:93} INFO - INFO:enhanced_runner:[KO] Starting processing...
[2025-10-10T18:03:57.905+0000] {subprocess.py:93} INFO - WARNING:enhanced_runner:[ThreadPoolExecutor-0_2] System Chrome failed: Message: Unable to obtain driver for chrome; For documentation on this error, please visit: https://www.selenium.dev/documentation/webdriver/troubleshooting/errors/driver_location
[2025-10-10T18:03:57.905+0000] {subprocess.py:93} INFO - 
[2025-10-10T18:03:57.905+0000] {subprocess.py:93} INFO - INFO:WDM:====== WebDriver manager ======
[2025-10-10T18:03:57.943+0000] {subprocess.py:93} INFO - INFO:WDM:Get LATEST chromedriver version for google-chrome
[2025-10-10T18:03:57.958+0000] {subprocess.py:93} INFO - INFO:WDM:Get LATEST chromedriver version for google-chrome
[2025-10-10T18:03:58.138+0000] {subprocess.py:93} INFO - INFO:WDM:About to download new driver from https://chromedriver.storage.googleapis.com/114.0.5735.90/chromedriver_linux64.zip
[2025-10-10T18:03:58.144+0000] {subprocess.py:93} INFO - WARNING:enhanced_runner:[ThreadPoolExecutor-0_3] ChromeDriverManager failed: tuple index out of range
[2025-10-10T18:03:58.149+0000] {subprocess.py:93} INFO - ERROR:enhanced_runner:‚ùå [ThreadPoolExecutor-0_3] Failed to setup WebDriver: All Chrome initialization methods failed
[2025-10-10T18:03:58.149+0000] {subprocess.py:93} INFO - ERROR:enhanced_runner:[DIS] Failed to setup driver
[2025-10-10T18:03:58.149+0000] {subprocess.py:93} INFO - INFO:enhanced_runner:[MCD] Starting processing...
[2025-10-10T18:03:58.150+0000] {subprocess.py:93} INFO - WARNING:enhanced_runner:[ThreadPoolExecutor-0_3] System Chrome failed: Message: Unable to obtain driver for chrome; For documentation on this error, please visit: https://www.selenium.dev/documentation/webdriver/troubleshooting/errors/driver_location
[2025-10-10T18:03:58.150+0000] {subprocess.py:93} INFO - 
[2025-10-10T18:03:58.150+0000] {subprocess.py:93} INFO - INFO:WDM:====== WebDriver manager ======
[2025-10-10T18:03:58.194+0000] {subprocess.py:93} INFO - INFO:WDM:Get LATEST chromedriver version for google-chrome
[2025-10-10T18:03:58.310+0000] {subprocess.py:93} INFO - INFO:WDM:Get LATEST chromedriver version for google-chrome
[2025-10-10T18:03:58.376+0000] {subprocess.py:93} INFO - INFO:WDM:Driver downloading response is 200
[2025-10-10T18:03:58.443+0000] {subprocess.py:93} INFO - INFO:WDM:About to download new driver from https://chromedriver.storage.googleapis.com/114.0.5735.90/chromedriver_linux64.zip
[2025-10-10T18:03:58.562+0000] {subprocess.py:93} INFO - INFO:WDM:Get LATEST chromedriver version for google-chrome
[2025-10-10T18:03:58.597+0000] {subprocess.py:93} INFO - INFO:WDM:Driver has been saved in cache [/home/***/.wdm/drivers/chromedriver/linux64/114.0.5735.90]
[2025-10-10T18:03:58.626+0000] {subprocess.py:93} INFO - WARNING:enhanced_runner:[ThreadPoolExecutor-0_7] ChromeDriverManager failed: Message: Service /home/***/.wdm/drivers/chromedriver/linux64/114.0.5735.90/chromedriver unexpectedly exited. Status code was: -5
[2025-10-10T18:03:58.627+0000] {subprocess.py:93} INFO - 
[2025-10-10T18:03:58.628+0000] {subprocess.py:93} INFO - ERROR:enhanced_runner:‚ùå [ThreadPoolExecutor-0_7] Failed to setup WebDriver: All Chrome initialization methods failed
[2025-10-10T18:03:58.628+0000] {subprocess.py:93} INFO - ERROR:enhanced_runner:[IBM] Failed to setup driver
[2025-10-10T18:03:58.628+0000] {subprocess.py:93} INFO - INFO:enhanced_runner:[MMM] Starting processing...
[2025-10-10T18:03:58.629+0000] {subprocess.py:93} INFO - WARNING:enhanced_runner:[ThreadPoolExecutor-0_7] System Chrome failed: Message: Unable to obtain driver for chrome; For documentation on this error, please visit: https://www.selenium.dev/documentation/webdriver/troubleshooting/errors/driver_location
[2025-10-10T18:03:58.630+0000] {subprocess.py:93} INFO - 
[2025-10-10T18:03:58.630+0000] {subprocess.py:93} INFO - INFO:WDM:====== WebDriver manager ======
[2025-10-10T18:03:58.663+0000] {subprocess.py:93} INFO - INFO:WDM:Get LATEST chromedriver version for google-chrome
[2025-10-10T18:03:58.750+0000] {subprocess.py:93} INFO - INFO:WDM:Driver downloading response is 200
[2025-10-10T18:03:58.882+0000] {subprocess.py:93} INFO - INFO:WDM:About to download new driver from https://chromedriver.storage.googleapis.com/114.0.5735.90/chromedriver_linux64.zip
[2025-10-10T18:03:58.992+0000] {subprocess.py:93} INFO - INFO:WDM:Get LATEST chromedriver version for google-chrome
[2025-10-10T18:03:59.151+0000] {subprocess.py:93} INFO - INFO:WDM:Driver downloading response is 200
[2025-10-10T18:03:59.242+0000] {subprocess.py:93} INFO - INFO:WDM:Driver has been saved in cache [/home/***/.wdm/drivers/chromedriver/linux64/114.0.5735.90]
[2025-10-10T18:03:59.260+0000] {subprocess.py:93} INFO - WARNING:enhanced_runner:[ThreadPoolExecutor-0_0] ChromeDriverManager failed: Message: Service /home/***/.wdm/drivers/chromedriver/linux64/114.0.5735.90/chromedriver unexpectedly exited. Status code was: -5
[2025-10-10T18:03:59.260+0000] {subprocess.py:93} INFO - 
[2025-10-10T18:03:59.260+0000] {subprocess.py:93} INFO - ERROR:enhanced_runner:‚ùå [ThreadPoolExecutor-0_0] Failed to setup WebDriver: All Chrome initialization methods failed
[2025-10-10T18:03:59.260+0000] {subprocess.py:93} INFO - ERROR:enhanced_runner:[GS] Failed to setup driver
[2025-10-10T18:03:59.261+0000] {subprocess.py:93} INFO - INFO:enhanced_runner:[MRK] Starting processing...
[2025-10-10T18:03:59.261+0000] {subprocess.py:93} INFO - WARNING:enhanced_runner:[ThreadPoolExecutor-0_0] System Chrome failed: Message: Unable to obtain driver for chrome; For documentation on this error, please visit: https://www.selenium.dev/documentation/webdriver/troubleshooting/errors/driver_location
[2025-10-10T18:03:59.262+0000] {subprocess.py:93} INFO - 
[2025-10-10T18:03:59.264+0000] {subprocess.py:93} INFO - INFO:WDM:====== WebDriver manager ======
[2025-10-10T18:03:59.295+0000] {subprocess.py:93} INFO - INFO:WDM:Get LATEST chromedriver version for google-chrome
[2025-10-10T18:03:59.414+0000] {subprocess.py:93} INFO - INFO:WDM:About to download new driver from https://chromedriver.storage.googleapis.com/114.0.5735.90/chromedriver_linux64.zip
[2025-10-10T18:03:59.694+0000] {subprocess.py:93} INFO - INFO:WDM:Driver downloading response is 200
[2025-10-10T18:04:00.004+0000] {subprocess.py:93} INFO - INFO:WDM:Get LATEST chromedriver version for google-chrome
[2025-10-10T18:04:01.156+0000] {subprocess.py:93} INFO - INFO:WDM:Get LATEST chromedriver version for google-chrome
[2025-10-10T18:04:01.255+0000] {subprocess.py:93} INFO - INFO:WDM:Get LATEST chromedriver version for google-chrome
[2025-10-10T18:04:01.379+0000] {subprocess.py:93} INFO - INFO:WDM:Driver has been saved in cache [/home/***/.wdm/drivers/chromedriver/linux64/114.0.5735.90]
[2025-10-10T18:04:01.395+0000] {subprocess.py:93} INFO - WARNING:enhanced_runner:[ThreadPoolExecutor-0_6] ChromeDriverManager failed: Message: Service /home/***/.wdm/drivers/chromedriver/linux64/114.0.5735.90/chromedriver unexpectedly exited. Status code was: -5
[2025-10-10T18:04:01.395+0000] {subprocess.py:93} INFO - 
[2025-10-10T18:04:01.395+0000] {subprocess.py:93} INFO - ERROR:enhanced_runner:‚ùå [ThreadPoolExecutor-0_6] Failed to setup WebDriver: All Chrome initialization methods failed
[2025-10-10T18:04:01.395+0000] {subprocess.py:93} INFO - ERROR:enhanced_runner:[HD] Failed to setup driver
[2025-10-10T18:04:01.395+0000] {subprocess.py:93} INFO - INFO:enhanced_runner:[MSFT] Starting processing...
[2025-10-10T18:04:01.396+0000] {subprocess.py:93} INFO - WARNING:enhanced_runner:[ThreadPoolExecutor-0_6] System Chrome failed: Message: Unable to obtain driver for chrome; For documentation on this error, please visit: https://www.selenium.dev/documentation/webdriver/troubleshooting/errors/driver_location
[2025-10-10T18:04:01.396+0000] {subprocess.py:93} INFO - 
[2025-10-10T18:04:01.396+0000] {subprocess.py:93} INFO - INFO:WDM:====== WebDriver manager ======
[2025-10-10T18:04:01.430+0000] {subprocess.py:93} INFO - INFO:WDM:Get LATEST chromedriver version for google-chrome
[2025-10-10T18:04:01.522+0000] {subprocess.py:93} INFO - INFO:WDM:Get LATEST chromedriver version for google-chrome
[2025-10-10T18:04:01.587+0000] {subprocess.py:93} INFO - INFO:WDM:About to download new driver from https://chromedriver.storage.googleapis.com/114.0.5735.90/chromedriver_linux64.zip
[2025-10-10T18:04:01.736+0000] {subprocess.py:93} INFO - INFO:WDM:Driver has been saved in cache [/home/***/.wdm/drivers/chromedriver/linux64/114.0.5735.90]
[2025-10-10T18:04:01.750+0000] {subprocess.py:93} INFO - WARNING:enhanced_runner:[ThreadPoolExecutor-0_7] ChromeDriverManager failed: Message: Service /home/***/.wdm/drivers/chromedriver/linux64/114.0.5735.90/chromedriver unexpectedly exited. Status code was: -5
[2025-10-10T18:04:01.751+0000] {subprocess.py:93} INFO - 
[2025-10-10T18:04:01.751+0000] {subprocess.py:93} INFO - ERROR:enhanced_runner:‚ùå [ThreadPoolExecutor-0_7] Failed to setup WebDriver: All Chrome initialization methods failed
[2025-10-10T18:04:01.751+0000] {subprocess.py:93} INFO - ERROR:enhanced_runner:[MMM] Failed to setup driver
[2025-10-10T18:04:01.751+0000] {subprocess.py:93} INFO - INFO:enhanced_runner:[NKE] Starting processing...
[2025-10-10T18:04:01.751+0000] {subprocess.py:93} INFO - WARNING:enhanced_runner:[ThreadPoolExecutor-0_7] System Chrome failed: Message: Unable to obtain driver for chrome; For documentation on this error, please visit: https://www.selenium.dev/documentation/webdriver/troubleshooting/errors/driver_location
[2025-10-10T18:04:01.751+0000] {subprocess.py:93} INFO - 
[2025-10-10T18:04:01.752+0000] {subprocess.py:93} INFO - INFO:WDM:====== WebDriver manager ======
[2025-10-10T18:04:01.790+0000] {subprocess.py:93} INFO - INFO:WDM:Get LATEST chromedriver version for google-chrome
[2025-10-10T18:04:01.792+0000] {subprocess.py:93} INFO - INFO:WDM:Driver downloading response is 200
[2025-10-10T18:04:01.814+0000] {subprocess.py:93} INFO - INFO:WDM:Get LATEST chromedriver version for google-chrome
[2025-10-10T18:04:02.001+0000] {subprocess.py:93} INFO - INFO:WDM:About to download new driver from https://chromedriver.storage.googleapis.com/114.0.5735.90/chromedriver_linux64.zip
[2025-10-10T18:04:02.118+0000] {subprocess.py:93} INFO - INFO:WDM:Get LATEST chromedriver version for google-chrome
[2025-10-10T18:04:02.301+0000] {subprocess.py:93} INFO - INFO:WDM:Driver downloading response is 200
[2025-10-10T18:04:02.552+0000] {subprocess.py:93} INFO - INFO:WDM:Driver has been saved in cache [/home/***/.wdm/drivers/chromedriver/linux64/114.0.5735.90]
[2025-10-10T18:04:02.567+0000] {subprocess.py:93} INFO - WARNING:enhanced_runner:[ThreadPoolExecutor-0_2] ChromeDriverManager failed: Message: Service /home/***/.wdm/drivers/chromedriver/linux64/114.0.5735.90/chromedriver unexpectedly exited. Status code was: -5
[2025-10-10T18:04:02.567+0000] {subprocess.py:93} INFO - 
[2025-10-10T18:04:02.568+0000] {subprocess.py:93} INFO - ERROR:enhanced_runner:‚ùå [ThreadPoolExecutor-0_2] Failed to setup WebDriver: All Chrome initialization methods failed
[2025-10-10T18:04:02.568+0000] {subprocess.py:93} INFO - ERROR:enhanced_runner:[KO] Failed to setup driver
[2025-10-10T18:04:02.568+0000] {subprocess.py:93} INFO - INFO:enhanced_runner:[NVDA] Starting processing...
[2025-10-10T18:04:02.568+0000] {subprocess.py:93} INFO - WARNING:enhanced_runner:[ThreadPoolExecutor-0_2] System Chrome failed: Message: Unable to obtain driver for chrome; For documentation on this error, please visit: https://www.selenium.dev/documentation/webdriver/troubleshooting/errors/driver_location
[2025-10-10T18:04:02.568+0000] {subprocess.py:93} INFO - 
[2025-10-10T18:04:02.568+0000] {subprocess.py:93} INFO - INFO:WDM:====== WebDriver manager ======
[2025-10-10T18:04:02.624+0000] {subprocess.py:93} INFO - INFO:WDM:Get LATEST chromedriver version for google-chrome
[2025-10-10T18:04:02.985+0000] {subprocess.py:93} INFO - INFO:WDM:About to download new driver from https://chromedriver.storage.googleapis.com/114.0.5735.90/chromedriver_linux64.zip
[2025-10-10T18:04:03.540+0000] {subprocess.py:93} INFO - INFO:WDM:Get LATEST chromedriver version for google-chrome
[2025-10-10T18:04:03.619+0000] {subprocess.py:93} INFO - INFO:WDM:Driver downloading response is 200
[2025-10-10T18:04:03.984+0000] {subprocess.py:93} INFO - INFO:WDM:Get LATEST chromedriver version for google-chrome
[2025-10-10T18:04:04.232+0000] {subprocess.py:93} INFO - INFO:WDM:Driver has been saved in cache [/home/***/.wdm/drivers/chromedriver/linux64/114.0.5735.90]
[2025-10-10T18:04:04.253+0000] {subprocess.py:93} INFO - WARNING:enhanced_runner:[ThreadPoolExecutor-0_0] ChromeDriverManager failed: Message: Service /home/***/.wdm/drivers/chromedriver/linux64/114.0.5735.90/chromedriver unexpectedly exited. Status code was: -5
[2025-10-10T18:04:04.253+0000] {subprocess.py:93} INFO - 
[2025-10-10T18:04:04.253+0000] {subprocess.py:93} INFO - ERROR:enhanced_runner:‚ùå [ThreadPoolExecutor-0_0] Failed to setup WebDriver: All Chrome initialization methods failed
[2025-10-10T18:04:04.253+0000] {subprocess.py:93} INFO - ERROR:enhanced_runner:[MRK] Failed to setup driver
[2025-10-10T18:04:04.253+0000] {subprocess.py:93} INFO - INFO:enhanced_runner:[PG] Starting processing...
[2025-10-10T18:04:04.254+0000] {subprocess.py:93} INFO - WARNING:enhanced_runner:[ThreadPoolExecutor-0_0] System Chrome failed: Message: Unable to obtain driver for chrome; For documentation on this error, please visit: https://www.selenium.dev/documentation/webdriver/troubleshooting/errors/driver_location
[2025-10-10T18:04:04.254+0000] {subprocess.py:93} INFO - 
[2025-10-10T18:04:04.254+0000] {subprocess.py:93} INFO - INFO:WDM:====== WebDriver manager ======
[2025-10-10T18:04:04.282+0000] {subprocess.py:93} INFO - INFO:WDM:Get LATEST chromedriver version for google-chrome
[2025-10-10T18:04:04.691+0000] {subprocess.py:93} INFO - INFO:WDM:About to download new driver from https://chromedriver.storage.googleapis.com/114.0.5735.90/chromedriver_linux64.zip
[2025-10-10T18:04:05.092+0000] {subprocess.py:93} INFO - INFO:WDM:Driver downloading response is 200
[2025-10-10T18:04:05.323+0000] {subprocess.py:93} INFO - INFO:WDM:Get LATEST chromedriver version for google-chrome
[2025-10-10T18:04:05.765+0000] {subprocess.py:93} INFO - INFO:WDM:Get LATEST chromedriver version for google-chrome
[2025-10-10T18:04:06.130+0000] {subprocess.py:93} INFO - INFO:WDM:Driver has been saved in cache [/home/***/.wdm/drivers/chromedriver/linux64/114.0.5735.90]
[2025-10-10T18:04:06.146+0000] {subprocess.py:93} INFO - WARNING:enhanced_runner:[ThreadPoolExecutor-0_6] ChromeDriverManager failed: Message: Service /home/***/.wdm/drivers/chromedriver/linux64/114.0.5735.90/chromedriver unexpectedly exited. Status code was: -5
[2025-10-10T18:04:06.146+0000] {subprocess.py:93} INFO - 
[2025-10-10T18:04:06.146+0000] {subprocess.py:93} INFO - ERROR:enhanced_runner:‚ùå [ThreadPoolExecutor-0_6] Failed to setup WebDriver: All Chrome initialization methods failed
[2025-10-10T18:04:06.147+0000] {subprocess.py:93} INFO - ERROR:enhanced_runner:[MSFT] Failed to setup driver
[2025-10-10T18:04:06.147+0000] {subprocess.py:93} INFO - INFO:enhanced_runner:[TRV] Starting processing...
[2025-10-10T18:04:06.147+0000] {subprocess.py:93} INFO - WARNING:enhanced_runner:[ThreadPoolExecutor-0_6] System Chrome failed: Message: Unable to obtain driver for chrome; For documentation on this error, please visit: https://www.selenium.dev/documentation/webdriver/troubleshooting/errors/driver_location
[2025-10-10T18:04:06.147+0000] {subprocess.py:93} INFO - 
[2025-10-10T18:04:06.147+0000] {subprocess.py:93} INFO - INFO:WDM:====== WebDriver manager ======
[2025-10-10T18:04:06.171+0000] {subprocess.py:93} INFO - INFO:WDM:Get LATEST chromedriver version for google-chrome
[2025-10-10T18:04:06.415+0000] {subprocess.py:93} INFO - INFO:WDM:About to download new driver from https://chromedriver.storage.googleapis.com/114.0.5735.90/chromedriver_linux64.zip
[2025-10-10T18:04:06.501+0000] {subprocess.py:93} INFO - INFO:WDM:Get LATEST chromedriver version for google-chrome
[2025-10-10T18:04:06.728+0000] {subprocess.py:93} INFO - INFO:WDM:Driver downloading response is 200
[2025-10-10T18:04:06.840+0000] {subprocess.py:93} INFO - INFO:WDM:Get LATEST chromedriver version for google-chrome
[2025-10-10T18:04:07.105+0000] {subprocess.py:93} INFO - INFO:WDM:Driver has been saved in cache [/home/***/.wdm/drivers/chromedriver/linux64/114.0.5735.90]
[2025-10-10T18:04:07.122+0000] {subprocess.py:93} INFO - WARNING:enhanced_runner:[ThreadPoolExecutor-0_1] ChromeDriverManager failed: Message: Service /home/***/.wdm/drivers/chromedriver/linux64/114.0.5735.90/chromedriver unexpectedly exited. Status code was: -5
[2025-10-10T18:04:07.122+0000] {subprocess.py:93} INFO - 
[2025-10-10T18:04:07.122+0000] {subprocess.py:93} INFO - ERROR:enhanced_runner:‚ùå [ThreadPoolExecutor-0_1] Failed to setup WebDriver: All Chrome initialization methods failed
[2025-10-10T18:04:07.123+0000] {subprocess.py:93} INFO - ERROR:enhanced_runner:[INTC] Failed to setup driver
[2025-10-10T18:04:07.123+0000] {subprocess.py:93} INFO - INFO:enhanced_runner:[UNH] Starting processing...
[2025-10-10T18:04:07.123+0000] {subprocess.py:93} INFO - WARNING:enhanced_runner:[ThreadPoolExecutor-0_1] System Chrome failed: Message: Unable to obtain driver for chrome; For documentation on this error, please visit: https://www.selenium.dev/documentation/webdriver/troubleshooting/errors/driver_location
[2025-10-10T18:04:07.123+0000] {subprocess.py:93} INFO - 
[2025-10-10T18:04:07.123+0000] {subprocess.py:93} INFO - INFO:WDM:====== WebDriver manager ======
[2025-10-10T18:04:07.144+0000] {subprocess.py:93} INFO - INFO:WDM:Get LATEST chromedriver version for google-chrome
[2025-10-10T18:04:07.383+0000] {subprocess.py:93} INFO - INFO:WDM:About to download new driver from https://chromedriver.storage.googleapis.com/114.0.5735.90/chromedriver_linux64.zip
[2025-10-10T18:04:07.612+0000] {subprocess.py:93} INFO - INFO:WDM:Get LATEST chromedriver version for google-chrome
[2025-10-10T18:04:07.648+0000] {subprocess.py:93} INFO - INFO:WDM:Driver downloading response is 200
[2025-10-10T18:04:08.054+0000] {subprocess.py:93} INFO - INFO:WDM:Get LATEST chromedriver version for google-chrome
[2025-10-10T18:04:08.083+0000] {subprocess.py:93} INFO - INFO:WDM:Get LATEST chromedriver version for google-chrome
[2025-10-10T18:04:08.249+0000] {subprocess.py:93} INFO - INFO:WDM:Driver has been saved in cache [/home/***/.wdm/drivers/chromedriver/linux64/114.0.5735.90]
[2025-10-10T18:04:08.254+0000] {subprocess.py:93} INFO - WARNING:enhanced_runner:[ThreadPoolExecutor-0_2] ChromeDriverManager failed: [Errno 26] Text file busy: '/home/***/.wdm/drivers/chromedriver/linux64/114.0.5735.90/chromedriver'
[2025-10-10T18:04:08.254+0000] {subprocess.py:93} INFO - ERROR:enhanced_runner:‚ùå [ThreadPoolExecutor-0_2] Failed to setup WebDriver: All Chrome initialization methods failed
[2025-10-10T18:04:08.254+0000] {subprocess.py:93} INFO - ERROR:enhanced_runner:[NVDA] Failed to setup driver
[2025-10-10T18:04:08.254+0000] {subprocess.py:93} INFO - INFO:enhanced_runner:[V] Starting processing...
[2025-10-10T18:04:08.255+0000] {subprocess.py:93} INFO - WARNING:enhanced_runner:[ThreadPoolExecutor-0_2] System Chrome failed: Message: Unable to obtain driver for chrome; For documentation on this error, please visit: https://www.selenium.dev/documentation/webdriver/troubleshooting/errors/driver_location
[2025-10-10T18:04:08.255+0000] {subprocess.py:93} INFO - 
[2025-10-10T18:04:08.255+0000] {subprocess.py:93} INFO - INFO:WDM:====== WebDriver manager ======
[2025-10-10T18:04:08.277+0000] {subprocess.py:93} INFO - INFO:WDM:Get LATEST chromedriver version for google-chrome
[2025-10-10T18:04:08.368+0000] {subprocess.py:93} INFO - INFO:WDM:Get LATEST chromedriver version for google-chrome
[2025-10-10T18:04:08.555+0000] {subprocess.py:93} INFO - INFO:WDM:Get LATEST chromedriver version for google-chrome
[2025-10-10T18:04:08.571+0000] {subprocess.py:93} INFO - INFO:WDM:About to download new driver from https://chromedriver.storage.googleapis.com/114.0.5735.90/chromedriver_linux64.zip
[2025-10-10T18:04:08.631+0000] {subprocess.py:93} INFO - INFO:WDM:Driver has been saved in cache [/home/***/.wdm/drivers/chromedriver/linux64/114.0.5735.90]
[2025-10-10T18:04:08.647+0000] {subprocess.py:93} INFO - WARNING:enhanced_runner:[ThreadPoolExecutor-0_0] ChromeDriverManager failed: Message: Service /home/***/.wdm/drivers/chromedriver/linux64/114.0.5735.90/chromedriver unexpectedly exited. Status code was: -5
[2025-10-10T18:04:08.648+0000] {subprocess.py:93} INFO - 
[2025-10-10T18:04:08.648+0000] {subprocess.py:93} INFO - ERROR:enhanced_runner:‚ùå [ThreadPoolExecutor-0_0] Failed to setup WebDriver: All Chrome initialization methods failed
[2025-10-10T18:04:08.648+0000] {subprocess.py:93} INFO - ERROR:enhanced_runner:[PG] Failed to setup driver
[2025-10-10T18:04:08.648+0000] {subprocess.py:93} INFO - INFO:enhanced_runner:[WMT] Starting processing...
[2025-10-10T18:04:08.648+0000] {subprocess.py:93} INFO - WARNING:enhanced_runner:[ThreadPoolExecutor-0_0] System Chrome failed: Message: Unable to obtain driver for chrome; For documentation on this error, please visit: https://www.selenium.dev/documentation/webdriver/troubleshooting/errors/driver_location
[2025-10-10T18:04:08.648+0000] {subprocess.py:93} INFO - 
[2025-10-10T18:04:08.648+0000] {subprocess.py:93} INFO - INFO:WDM:====== WebDriver manager ======
[2025-10-10T18:04:08.668+0000] {subprocess.py:93} INFO - INFO:WDM:Get LATEST chromedriver version for google-chrome
[2025-10-10T18:04:09.123+0000] {subprocess.py:93} INFO - INFO:WDM:Driver downloading response is 200
[2025-10-10T18:04:09.187+0000] {subprocess.py:93} INFO - INFO:WDM:About to download new driver from https://chromedriver.storage.googleapis.com/114.0.5735.90/chromedriver_linux64.zip
[2025-10-10T18:04:09.224+0000] {subprocess.py:93} INFO - INFO:WDM:Get LATEST chromedriver version for google-chrome
[2025-10-10T18:04:09.449+0000] {subprocess.py:93} INFO - INFO:WDM:Driver downloading response is 200
[2025-10-10T18:04:09.555+0000] {subprocess.py:93} INFO - INFO:WDM:Driver has been saved in cache [/home/***/.wdm/drivers/chromedriver/linux64/114.0.5735.90]
[2025-10-10T18:04:09.571+0000] {subprocess.py:93} INFO - WARNING:enhanced_runner:[ThreadPoolExecutor-0_3] ChromeDriverManager failed: Message: Service /home/***/.wdm/drivers/chromedriver/linux64/114.0.5735.90/chromedriver unexpectedly exited. Status code was: -5
[2025-10-10T18:04:09.572+0000] {subprocess.py:93} INFO - 
[2025-10-10T18:04:09.572+0000] {subprocess.py:93} INFO - ERROR:enhanced_runner:‚ùå [ThreadPoolExecutor-0_3] Failed to setup WebDriver: All Chrome initialization methods failed
[2025-10-10T18:04:09.572+0000] {subprocess.py:93} INFO - ERROR:enhanced_runner:[MCD] Failed to setup driver
[2025-10-10T18:04:09.840+0000] {subprocess.py:93} INFO - INFO:WDM:Get LATEST chromedriver version for google-chrome
[2025-10-10T18:04:10.177+0000] {subprocess.py:93} INFO - INFO:WDM:Get LATEST chromedriver version for google-chrome
[2025-10-10T18:04:10.491+0000] {subprocess.py:93} INFO - INFO:WDM:Driver has been saved in cache [/home/***/.wdm/drivers/chromedriver/linux64/114.0.5735.90]
[2025-10-10T18:04:10.510+0000] {subprocess.py:93} INFO - WARNING:enhanced_runner:[ThreadPoolExecutor-0_5] ChromeDriverManager failed: Message: Service /home/***/.wdm/drivers/chromedriver/linux64/114.0.5735.90/chromedriver unexpectedly exited. Status code was: -5
[2025-10-10T18:04:10.510+0000] {subprocess.py:93} INFO - 
[2025-10-10T18:04:10.510+0000] {subprocess.py:93} INFO - ERROR:enhanced_runner:‚ùå [ThreadPoolExecutor-0_5] Failed to setup WebDriver: All Chrome initialization methods failed
[2025-10-10T18:04:10.510+0000] {subprocess.py:93} INFO - ERROR:enhanced_runner:[JNJ] Failed to setup driver
[2025-10-10T18:04:10.813+0000] {subprocess.py:93} INFO - INFO:WDM:Get LATEST chromedriver version for google-chrome
[2025-10-10T18:04:11.225+0000] {subprocess.py:93} INFO - INFO:WDM:Get LATEST chromedriver version for google-chrome
[2025-10-10T18:04:11.435+0000] {subprocess.py:93} INFO - INFO:WDM:Driver has been saved in cache [/home/***/.wdm/drivers/chromedriver/linux64/114.0.5735.90]
[2025-10-10T18:04:11.453+0000] {subprocess.py:93} INFO - WARNING:enhanced_runner:[ThreadPoolExecutor-0_7] ChromeDriverManager failed: Message: Service /home/***/.wdm/drivers/chromedriver/linux64/114.0.5735.90/chromedriver unexpectedly exited. Status code was: -5
[2025-10-10T18:04:11.454+0000] {subprocess.py:93} INFO - 
[2025-10-10T18:04:11.454+0000] {subprocess.py:93} INFO - ERROR:enhanced_runner:‚ùå [ThreadPoolExecutor-0_7] Failed to setup WebDriver: All Chrome initialization methods failed
[2025-10-10T18:04:11.454+0000] {subprocess.py:93} INFO - ERROR:enhanced_runner:[NKE] Failed to setup driver
[2025-10-10T18:04:11.659+0000] {subprocess.py:93} INFO - INFO:WDM:Get LATEST chromedriver version for google-chrome
[2025-10-10T18:04:12.115+0000] {subprocess.py:93} INFO - INFO:WDM:Get LATEST chromedriver version for google-chrome
[2025-10-10T18:04:12.460+0000] {subprocess.py:93} INFO - INFO:WDM:Driver has been saved in cache [/home/***/.wdm/drivers/chromedriver/linux64/114.0.5735.90]
[2025-10-10T18:04:12.480+0000] {subprocess.py:93} INFO - WARNING:enhanced_runner:[ThreadPoolExecutor-0_1] ChromeDriverManager failed: Message: Service /home/***/.wdm/drivers/chromedriver/linux64/114.0.5735.90/chromedriver unexpectedly exited. Status code was: -5
[2025-10-10T18:04:12.480+0000] {subprocess.py:93} INFO - 
[2025-10-10T18:04:12.481+0000] {subprocess.py:93} INFO - ERROR:enhanced_runner:‚ùå [ThreadPoolExecutor-0_1] Failed to setup WebDriver: All Chrome initialization methods failed
[2025-10-10T18:04:12.481+0000] {subprocess.py:93} INFO - ERROR:enhanced_runner:[UNH] Failed to setup driver
[2025-10-10T18:04:13.297+0000] {subprocess.py:93} INFO - INFO:WDM:Get LATEST chromedriver version for google-chrome
[2025-10-10T18:04:13.389+0000] {subprocess.py:93} INFO - INFO:WDM:Get LATEST chromedriver version for google-chrome
[2025-10-10T18:04:13.603+0000] {subprocess.py:93} INFO - INFO:WDM:Get LATEST chromedriver version for google-chrome
[2025-10-10T18:04:13.627+0000] {subprocess.py:93} INFO - WARNING:enhanced_runner:[ThreadPoolExecutor-0_4] ChromeDriverManager failed: tuple index out of range
[2025-10-10T18:04:13.633+0000] {subprocess.py:93} INFO - ERROR:enhanced_runner:‚ùå [ThreadPoolExecutor-0_4] Failed to setup WebDriver: All Chrome initialization methods failed
[2025-10-10T18:04:13.633+0000] {subprocess.py:93} INFO - ERROR:enhanced_runner:[JPM] Failed to setup driver
[2025-10-10T18:04:13.719+0000] {subprocess.py:93} INFO - INFO:WDM:Get LATEST chromedriver version for google-chrome
[2025-10-10T18:04:13.920+0000] {subprocess.py:93} INFO - INFO:WDM:Driver has been saved in cache [/home/***/.wdm/drivers/chromedriver/linux64/114.0.5735.90]
[2025-10-10T18:04:13.925+0000] {subprocess.py:93} INFO - WARNING:enhanced_runner:[ThreadPoolExecutor-0_2] ChromeDriverManager failed: [Errno 26] Text file busy: '/home/***/.wdm/drivers/chromedriver/linux64/114.0.5735.90/chromedriver'
[2025-10-10T18:04:13.926+0000] {subprocess.py:93} INFO - ERROR:enhanced_runner:‚ùå [ThreadPoolExecutor-0_2] Failed to setup WebDriver: All Chrome initialization methods failed
[2025-10-10T18:04:13.926+0000] {subprocess.py:93} INFO - ERROR:enhanced_runner:[V] Failed to setup driver
[2025-10-10T18:04:13.952+0000] {subprocess.py:93} INFO - INFO:WDM:Get LATEST chromedriver version for google-chrome
[2025-10-10T18:04:14.101+0000] {subprocess.py:93} INFO - INFO:WDM:Driver has been saved in cache [/home/***/.wdm/drivers/chromedriver/linux64/114.0.5735.90]
[2025-10-10T18:04:14.119+0000] {subprocess.py:93} INFO - WARNING:enhanced_runner:[ThreadPoolExecutor-0_6] ChromeDriverManager failed: Message: Service /home/***/.wdm/drivers/chromedriver/linux64/114.0.5735.90/chromedriver unexpectedly exited. Status code was: -5
[2025-10-10T18:04:14.120+0000] {subprocess.py:93} INFO - 
[2025-10-10T18:04:14.120+0000] {subprocess.py:93} INFO - ERROR:enhanced_runner:‚ùå [ThreadPoolExecutor-0_6] Failed to setup WebDriver: All Chrome initialization methods failed
[2025-10-10T18:04:14.120+0000] {subprocess.py:93} INFO - ERROR:enhanced_runner:[TRV] Failed to setup driver
[2025-10-10T18:04:14.142+0000] {subprocess.py:93} INFO - INFO:WDM:Get LATEST chromedriver version for google-chrome
[2025-10-10T18:04:14.354+0000] {subprocess.py:93} INFO - INFO:WDM:Get LATEST chromedriver version for google-chrome
[2025-10-10T18:04:14.503+0000] {subprocess.py:93} INFO - INFO:WDM:Driver has been saved in cache [/home/***/.wdm/drivers/chromedriver/linux64/114.0.5735.90]
[2025-10-10T18:04:14.524+0000] {subprocess.py:93} INFO - WARNING:enhanced_runner:[ThreadPoolExecutor-0_0] ChromeDriverManager failed: Message: Service /home/***/.wdm/drivers/chromedriver/linux64/114.0.5735.90/chromedriver unexpectedly exited. Status code was: -5
[2025-10-10T18:04:14.525+0000] {subprocess.py:93} INFO - 
[2025-10-10T18:04:14.525+0000] {subprocess.py:93} INFO - ERROR:enhanced_runner:‚ùå [ThreadPoolExecutor-0_0] Failed to setup WebDriver: All Chrome initialization methods failed
[2025-10-10T18:04:14.525+0000] {subprocess.py:93} INFO - ERROR:enhanced_runner:[WMT] Failed to setup driver
[2025-10-10T18:04:14.528+0000] {subprocess.py:93} INFO - INFO:enhanced_runner:Results saved to: dow30_pipeline_reports_2025/multithreaded_pipeline_results.json
[2025-10-10T18:04:14.529+0000] {subprocess.py:93} INFO - INFO:enhanced_runner:============================================================
[2025-10-10T18:04:14.529+0000] {subprocess.py:93} INFO - INFO:enhanced_runner:üèÅ EXECUTION COMPLETE
[2025-10-10T18:04:14.529+0000] {subprocess.py:93} INFO - INFO:enhanced_runner:============================================================
[2025-10-10T18:04:14.529+0000] {subprocess.py:93} INFO - INFO:enhanced_runner:‚è±Ô∏è Total time: 33.0 seconds
[2025-10-10T18:04:14.529+0000] {subprocess.py:93} INFO - INFO:enhanced_runner:üìä Companies processed: 30
[2025-10-10T18:04:14.529+0000] {subprocess.py:93} INFO - INFO:enhanced_runner:‚úÖ Successful: 0 (0.0%)
[2025-10-10T18:04:14.530+0000] {subprocess.py:93} INFO - INFO:enhanced_runner:‚ùå Failed: 30
[2025-10-10T18:04:14.530+0000] {subprocess.py:93} INFO - INFO:enhanced_runner:============================================================
[2025-10-10T18:04:14.530+0000] {subprocess.py:93} INFO - INFO:enhanced_runner:üîç FAILURE ANALYSIS
[2025-10-10T18:04:14.530+0000] {subprocess.py:93} INFO - INFO:enhanced_runner:============================================================
[2025-10-10T18:04:14.530+0000] {subprocess.py:93} INFO - INFO:enhanced_runner:‚ùå Total failed companies: 30
[2025-10-10T18:04:14.530+0000] {subprocess.py:93} INFO - INFO:enhanced_runner:
[2025-10-10T18:04:14.530+0000] {subprocess.py:93} INFO - üîé Detailed Error Information:
[2025-10-10T18:04:14.530+0000] {subprocess.py:93} INFO - INFO:enhanced_runner:
[2025-10-10T18:04:14.530+0000] {subprocess.py:93} INFO -   BA:
[2025-10-10T18:04:14.531+0000] {subprocess.py:93} INFO - INFO:enhanced_runner:    Last Error: Driver setup failed
[2025-10-10T18:04:14.531+0000] {subprocess.py:93} INFO - INFO:enhanced_runner:    Attempts Made: 1
[2025-10-10T18:04:14.531+0000] {subprocess.py:93} INFO - INFO:enhanced_runner:    Category: processing_error
[2025-10-10T18:04:14.531+0000] {subprocess.py:93} INFO - INFO:enhanced_runner:
[2025-10-10T18:04:14.531+0000] {subprocess.py:93} INFO -   AXP:
[2025-10-10T18:04:14.531+0000] {subprocess.py:93} INFO - INFO:enhanced_runner:    Last Error: Driver setup failed
[2025-10-10T18:04:14.531+0000] {subprocess.py:93} INFO - INFO:enhanced_runner:    Attempts Made: 1
[2025-10-10T18:04:14.531+0000] {subprocess.py:93} INFO - INFO:enhanced_runner:    Category: processing_error
[2025-10-10T18:04:14.532+0000] {subprocess.py:93} INFO - INFO:enhanced_runner:
[2025-10-10T18:04:14.532+0000] {subprocess.py:93} INFO -   AMGN:
[2025-10-10T18:04:14.532+0000] {subprocess.py:93} INFO - INFO:enhanced_runner:    Last Error: Driver setup failed
[2025-10-10T18:04:14.532+0000] {subprocess.py:93} INFO - INFO:enhanced_runner:    Attempts Made: 1
[2025-10-10T18:04:14.532+0000] {subprocess.py:93} INFO - INFO:enhanced_runner:    Category: processing_error
[2025-10-10T18:04:14.532+0000] {subprocess.py:93} INFO - INFO:enhanced_runner:
[2025-10-10T18:04:14.532+0000] {subprocess.py:93} INFO -   AAPL:
[2025-10-10T18:04:14.532+0000] {subprocess.py:93} INFO - INFO:enhanced_runner:    Last Error: Driver setup failed
[2025-10-10T18:04:14.533+0000] {subprocess.py:93} INFO - INFO:enhanced_runner:    Attempts Made: 1
[2025-10-10T18:04:14.533+0000] {subprocess.py:93} INFO - INFO:enhanced_runner:    Category: processing_error
[2025-10-10T18:04:14.533+0000] {subprocess.py:93} INFO - INFO:enhanced_runner:
[2025-10-10T18:04:14.533+0000] {subprocess.py:93} INFO -   CRM:
[2025-10-10T18:04:14.533+0000] {subprocess.py:93} INFO - INFO:enhanced_runner:    Last Error: Driver setup failed
[2025-10-10T18:04:14.533+0000] {subprocess.py:93} INFO - INFO:enhanced_runner:    Attempts Made: 1
[2025-10-10T18:04:14.533+0000] {subprocess.py:93} INFO - INFO:enhanced_runner:    Category: processing_error
[2025-10-10T18:04:14.533+0000] {subprocess.py:93} INFO - INFO:enhanced_runner:
[2025-10-10T18:04:14.533+0000] {subprocess.py:93} INFO - üí° RECOMMENDATIONS FOR FAILED COMPANIES:
[2025-10-10T18:04:14.533+0000] {subprocess.py:93} INFO - INFO:enhanced_runner:1. Check if company websites have changed their IR page structure
[2025-10-10T18:04:14.534+0000] {subprocess.py:93} INFO - INFO:enhanced_runner:2. Some companies may require different search strategies
[2025-10-10T18:04:14.534+0000] {subprocess.py:93} INFO - INFO:enhanced_runner:3. Try running failed companies individually with --debug mode
[2025-10-10T18:04:14.534+0000] {subprocess.py:93} INFO - INFO:enhanced_runner:4. Consider adjusting timeout settings for slow-loading pages
[2025-10-10T18:04:14.534+0000] {subprocess.py:93} INFO - INFO:enhanced_runner:
[2025-10-10T18:04:14.534+0000] {subprocess.py:93} INFO - ‚ö†Ô∏è Failed companies (for manual retry):
[2025-10-10T18:04:14.534+0000] {subprocess.py:93} INFO - INFO:enhanced_runner:  python main.py --companies BA AXP AMGN AAPL CRM CVX CSCO SHW CAT HON AMZN DIS IBM GS HD MMM KO MRK MSFT INTC NVDA PG MCD JNJ NKE UNH JPM V TRV WMT
[2025-10-10T18:04:14.581+0000] {subprocess.py:97} INFO - Command exited with return code 1
[2025-10-10T18:04:14.619+0000] {taskinstance.py:2699} ERROR - Task failed with exception
Traceback (most recent call last):
  File "/home/airflow/.local/lib/python3.9/site-packages/airflow/models/taskinstance.py", line 433, in _execute_task
    result = execute_callable(context=context, **execute_callable_kwargs)
  File "/home/airflow/.local/lib/python3.9/site-packages/airflow/operators/bash.py", line 212, in execute
    raise AirflowException(
airflow.exceptions.AirflowException: Bash command failed. The command returned a non-zero exit code 1.
[2025-10-10T18:04:14.626+0000] {taskinstance.py:1138} INFO - Marking task as UP_FOR_RETRY. dag_id=complete_earnings_pipeline, task_id=download_earnings_reports, execution_date=20251010T173114, start_date=20251010T180340, end_date=20251010T180414
[2025-10-10T18:04:14.686+0000] {standard_task_runner.py:107} ERROR - Failed to execute job 100 for task download_earnings_reports (Bash command failed. The command returned a non-zero exit code 1.; 24046)
[2025-10-10T18:04:14.739+0000] {local_task_job_runner.py:234} INFO - Task exited with return code 1
[2025-10-10T18:04:14.797+0000] {taskinstance.py:3281} INFO - 0 downstream tasks scheduled from follow-on schedule check
